Log file open, 02/17/21 18:15:46
LogInit: Display: Running engine for game: FPSGameStarterKit
LogPlatformFile: Not using cached read wrapper
LogTaskGraph: Started task graph with 5 named threads and 23 total threads with 3 sets of task threads.
LogStats: Stats thread started at 4.036872
LogD3D11RHI: Loaded GFSDK_Aftermath_Lib.x64.dll
LogICUInternationalization: ICU TimeZone Detection - Raw Offset: -5:00, Platform Override: ''
LogPluginManager: Mounting plugin Paper2D
LogPluginManager: Mounting plugin AISupport
LogPluginManager: Mounting plugin LightPropagationVolume
LogPluginManager: Mounting plugin CameraShakePreviewer
LogPluginManager: Mounting plugin ActorLayerUtilities
LogPluginManager: Mounting plugin AnimationSharing
LogPluginManager: Mounting plugin CLionSourceCodeAccess
LogPluginManager: Mounting plugin CodeLiteSourceCodeAccess
LogPluginManager: Mounting plugin GitSourceControl
LogPluginManager: Mounting plugin KDevelopSourceCodeAccess
LogPluginManager: Mounting plugin NullSourceCodeAccess
LogPluginManager: Mounting plugin PerforceSourceControl
LogPluginManager: Mounting plugin PlasticSourceControl
LogPluginManager: Mounting plugin RiderSourceCodeAccess
LogPluginManager: Mounting plugin SubversionSourceControl
LogPluginManager: Mounting plugin UObjectPlugin
LogPluginManager: Mounting plugin VisualStudioCodeSourceCodeAccess
LogPluginManager: Mounting plugin VisualStudioSourceCodeAccess
LogPluginManager: Mounting plugin XCodeSourceCodeAccess
LogPluginManager: Mounting plugin AssetManagerEditor
LogPluginManager: Mounting plugin CryptoKeys
LogPluginManager: Mounting plugin CurveEditorTools
LogPluginManager: Mounting plugin DataValidation
LogPluginManager: Mounting plugin EditorScriptingUtilities
LogPluginManager: Mounting plugin FacialAnimation
LogPluginManager: Mounting plugin GameplayTagsEditor
LogPluginManager: Mounting plugin GeometryMode
LogPluginManager: Mounting plugin MacGraphicsSwitching
LogPluginManager: Mounting plugin MaterialAnalyzer
LogPluginManager: Mounting plugin MobileLauncherProfileWizard
LogPluginManager: Mounting plugin PluginBrowser
LogPluginManager: Mounting plugin SpeedTreeImporter
LogPluginManager: Mounting plugin DatasmithContent
LogPluginManager: Mounting plugin VariantManagerContent
LogPluginManager: Mounting plugin AlembicImporter
LogPluginManager: Mounting plugin AutomationUtils
LogPluginManager: Mounting plugin BackChannel
LogPluginManager: Mounting plugin ChaosCloth
LogPluginManager: Mounting plugin ChaosClothEditor
LogPluginManager: Mounting plugin ChaosEditor
LogPluginManager: Mounting plugin ChaosNiagara
LogPluginManager: Mounting plugin ChaosSolverPlugin
LogPluginManager: Mounting plugin CharacterAI
LogPluginManager: Mounting plugin GeometryCache
LogPluginManager: Mounting plugin GeometryCollectionPlugin
LogPluginManager: Mounting plugin GeometryProcessing
LogPluginManager: Mounting plugin PlanarCut
LogPluginManager: Mounting plugin PlatformCrypto
LogPluginManager: Mounting plugin ProxyLODPlugin
LogPluginManager: Mounting plugin SkeletalReduction
LogPluginManager: Mounting plugin Niagara
LogPluginManager: Mounting plugin MagicLeap
LogPluginManager: Mounting plugin MagicLeapLightEstimation
LogPluginManager: Mounting plugin MagicLeapMedia
LogPluginManager: Mounting plugin MagicLeapPassableWorld
LogPluginManager: Mounting plugin MLSDK
LogPluginManager: Mounting plugin AndroidMedia
LogPluginManager: Mounting plugin AvfMedia
LogPluginManager: Mounting plugin ImgMedia
LogPluginManager: Mounting plugin MediaCompositing
LogPluginManager: Mounting plugin MediaPlayerEditor
LogPluginManager: Mounting plugin WebMMedia
LogPluginManager: Mounting plugin WmfMedia
LogPluginManager: Mounting plugin MeshPainting
LogPluginManager: Mounting plugin TcpMessaging
LogPluginManager: Mounting plugin UdpMessaging
LogPluginManager: Mounting plugin ActorSequence
LogPluginManager: Mounting plugin LevelSequenceEditor
LogPluginManager: Mounting plugin MatineeToLevelSequence
LogPluginManager: Mounting plugin MovieRenderPipeline
LogPluginManager: Mounting plugin TemplateSequence
LogPluginManager: Mounting plugin NetcodeUnitTest
LogPluginManager: Mounting plugin NUTUnrealEngine4
LogPluginManager: Mounting plugin OnlineSubsystemGooglePlay
LogPluginManager: Mounting plugin OnlineSubsystemIOS
LogPluginManager: Mounting plugin OnlineSubsystem
LogPluginManager: Mounting plugin OnlineSubsystemNull
LogPluginManager: Mounting plugin OnlineSubsystemUtils
LogPluginManager: Mounting plugin LauncherChunkInstaller
LogPluginManager: Mounting plugin AndroidDeviceProfileSelector
LogPluginManager: Mounting plugin AndroidMoviePlayer
LogPluginManager: Mounting plugin AndroidPermission
LogPluginManager: Mounting plugin AppleImageUtils
LogPluginManager: Mounting plugin AppleMoviePlayer
LogPluginManager: Mounting plugin ArchVisCharacter
LogPluginManager: Mounting plugin AssetTags
LogPluginManager: Mounting plugin AudioCapture
LogPluginManager: Mounting plugin CableComponent
LogPluginManager: Mounting plugin CustomMeshComponent
LogPluginManager: Mounting plugin EditableMesh
LogPluginManager: Mounting plugin ExampleDeviceProfileSelector
LogPluginManager: Mounting plugin GoogleCloudMessaging
LogPluginManager: Mounting plugin GooglePAD
LogPluginManager: Mounting plugin IOSDeviceProfileSelector
LogPluginManager: Mounting plugin LinuxDeviceProfileSelector
LogPluginManager: Mounting plugin LocationServicesBPLibrary
LogPluginManager: Mounting plugin MobilePatchingUtils
LogPluginManager: Mounting plugin OculusVR
LogPluginManager: Mounting plugin PhysXVehicles
LogPluginManager: Mounting plugin PostSplashScreen
LogPluginManager: Mounting plugin ProceduralMeshComponent
LogPluginManager: Mounting plugin RuntimePhysXCooking
LogPluginManager: Mounting plugin SignificanceManager
LogPluginManager: Mounting plugin SoundFields
LogPluginManager: Mounting plugin SteamVR
LogPluginManager: Mounting plugin Synthesis
LogPluginManager: Mounting plugin WebMMoviePlayer
LogPluginManager: Mounting plugin WindowsMoviePlayer
LogPluginManager: Mounting plugin ScreenshotTools
LogInit: Using libcurl 7.55.1-DEV
LogInit:  - built for x86_64-pc-win32
LogInit:  - supports SSL with OpenSSL/1.1.1
LogInit:  - supports HTTP deflate (compression) using libz 1.2.8
LogInit:  - other features:
LogInit:      CURL_VERSION_SSL
LogInit:      CURL_VERSION_LIBZ
LogInit:      CURL_VERSION_IPV6
LogInit:      CURL_VERSION_ASYNCHDNS
LogInit:      CURL_VERSION_LARGEFILE
LogInit:      CURL_VERSION_IDN
LogInit:  CurlRequestOptions (configurable via config and command line):
LogInit:  - bVerifyPeer = true  - Libcurl will verify peer certificate
LogInit:  - bUseHttpProxy = false  - Libcurl will NOT use HTTP proxy
LogInit:  - bDontReuseConnections = false  - Libcurl will reuse connections
LogInit:  - MaxHostConnections = 16  - Libcurl will limit the number of connections to a host
LogInit:  - LocalHostAddr = Default
LogInit:  - BufferSize = 65536
LogOnline: OSS: Creating online subsystem instance for: Null
LogInit: WinSock: version 1.1 (2.2), MaxSocks=32767, MaxUdp=65467
LogOnline: OSS: TryLoadSubsystemAndSetDefault: Loaded subsystem for module [Null]
LogInit: Build: ++UE4+Release-4.25-CL-14469661
LogInit: Engine Version: 4.25.4-14469661+++UE4+Release-4.25
LogInit: Compatible Engine Version: 4.25.0-13144385+++UE4+Release-4.25
LogInit: Net CL: 13144385
LogInit: OS: Windows 10 (Release 2009) (), CPU: Intel(R) Core(TM) i7-6700HQ CPU @ 2.60GHz, GPU: NVIDIA GeForce GTX 1060
LogInit: Compiled (64-bit): Oct 11 2020 08:10:49
LogInit: Compiled with Visual C++: 19.24.28315.00
LogInit: Build Configuration: Development
LogInit: Branch Name: ++UE4+Release-4.25
LogInit: Command Line:  -EpicPortal -epicusername=AwesomeAvenger1 -epicuserid=0d3f808d055e4d75ab2e32c830402512 -epiclocale=en
LogInit: Base Directory: D:/Epic Games/UE_4.25/Engine/Binaries/Win64/
LogInit: Allocator: TBB
LogInit: Installed Engine Build: 1
LogDevObjectVersion: Number of dev versions registered: 26
LogDevObjectVersion:   Dev-Blueprints (B0D832E4-1F89-4F0D-ACCF-7EB736FD4AA2): 10
LogDevObjectVersion:   Dev-Build (E1C64328-A22C-4D53-A36C-8E866417BD8C): 0
LogDevObjectVersion:   Dev-Core (375EC13C-06E4-48FB-B500-84F0262A717E): 4
LogDevObjectVersion:   Dev-Editor (E4B068ED-F494-42E9-A231-DA0B2E46BB41): 38
LogDevObjectVersion:   Dev-Framework (CFFC743F-43B0-4480-9391-14DF171D2073): 37
LogDevObjectVersion:   Dev-Mobile (B02B49B5-BB20-44E9-A304-32B752E40360): 2
LogDevObjectVersion:   Dev-Networking (A4E4105C-59A1-49B5-A7C5-40C4547EDFEE): 0
LogDevObjectVersion:   Dev-Online (39C831C9-5AE6-47DC-9A44-9C173E1C8E7C): 0
LogDevObjectVersion:   Dev-Physics (78F01B33-EBEA-4F98-B9B4-84EACCB95AA2): 4
LogDevObjectVersion:   Dev-Platform (6631380F-2D4D-43E0-8009-CF276956A95A): 0
LogDevObjectVersion:   Dev-Rendering (12F88B9F-8875-4AFC-A67C-D90C383ABD29): 43
LogDevObjectVersion:   Dev-Sequencer (7B5AE74C-D270-4C10-A958-57980B212A5A): 12
LogDevObjectVersion:   Dev-VR (D7296918-1DD6-4BDD-9DE2-64A83CC13884): 3
LogDevObjectVersion:   Dev-LoadTimes (C2A15278-BFE7-4AFE-6C17-90FF531DF755): 1
LogDevObjectVersion:   Private-Geometry (6EACA3D4-40EC-4CC1-B786-8BED09428FC5): 3
LogDevObjectVersion:   Dev-AnimPhys (29E575DD-E0A3-4627-9D10-D276232CDCEA): 17
LogDevObjectVersion:   Dev-Anim (AF43A65D-7FD3-4947-9873-3E8ED9C1BB05): 7
LogDevObjectVersion:   Dev-ReflectionCapture (6B266CEC-1EC7-4B8F-A30B-E4D90942FC07): 1
LogDevObjectVersion:   Dev-Automation (0DF73D61-A23F-47EA-B727-89E90C41499A): 1
LogDevObjectVersion:   FortniteMain (601D1886-AC64-4F84-AA16-D3DE0DEAC7D6): 31
LogDevObjectVersion:   Dev-Enterprise (9DFFBCD6-494F-0158-E221-12823C92A888): 10
LogDevObjectVersion:   Dev-Niagara (F2AED0AC-9AFE-416F-8664-AA7FFA26D6FC): 1
LogDevObjectVersion:   Dev-Destruction (174F1F0B-B4C6-45A5-B13F-2EE8D0FB917D): 10
LogDevObjectVersion:   Dev-Physics-Ext (35F94A83-E258-406C-A318-09F59610247C): 37
LogDevObjectVersion:   Dev-PhysicsMaterial-Chaos (B68FC16E-8B1B-42E2-B453-215C058844FE): 1
LogDevObjectVersion:   Dev-CineCamera (B2E18506-4273-CFC2-A54E-F4BB758BBA07): 1
LogInit: Presizing for max 25165824 objects, including 0 objects not considered by GC, pre-allocating 0 bytes for permanent pool.
LogConfig: Applying CVar settings from Section [/Script/Engine.StreamingSettings] File [D:/GP1/GP1/FPSGameStarterKit/Saved/Config/Windows/Engine.ini]
LogConfig: Setting CVar [[s.MinBulkDataSizeForAsyncLoading:131072]]
LogConfig: Setting CVar [[s.AsyncLoadingThreadEnabled:0]]
LogConfig: Setting CVar [[s.EventDrivenLoaderEnabled:1]]
LogConfig: Setting CVar [[s.WarnIfTimeLimitExceeded:0]]
LogConfig: Setting CVar [[s.TimeLimitExceededMultiplier:1.5]]
LogConfig: Setting CVar [[s.TimeLimitExceededMinTime:0.005]]
LogConfig: Setting CVar [[s.UseBackgroundLevelStreaming:1]]
LogConfig: Setting CVar [[s.PriorityAsyncLoadingExtraTime:15.0]]
LogConfig: Setting CVar [[s.LevelStreamingActorsUpdateTimeLimit:5.0]]
LogConfig: Setting CVar [[s.PriorityLevelStreamingActorsUpdateExtraTime:5.0]]
LogConfig: Setting CVar [[s.LevelStreamingComponentsRegistrationGranularity:10]]
LogConfig: Setting CVar [[s.UnregisterComponentsTimeLimit:1.0]]
LogConfig: Setting CVar [[s.LevelStreamingComponentsUnregistrationGranularity:5]]
LogConfig: Setting CVar [[s.FlushStreamingOnExit:1]]
LogInit: Object subsystem initialized
LogConfig: Setting CVar [[con.DebugEarlyDefault:1]]
LogConfig: Setting CVar [[r.setres:1280x720]]
[2021.02.17-23.15.58:394][  0]LogConfig: Setting CVar [[r.VSync:0]]
[2021.02.17-23.15.58:394][  0]LogConfig: Setting CVar [[r.RHICmdBypass:0]]
[2021.02.17-23.15.58:394][  0]LogConfig: Applying CVar settings from Section [/Script/Engine.RendererSettings] File [D:/GP1/GP1/FPSGameStarterKit/Saved/Config/Windows/Engine.ini]
[2021.02.17-23.15.58:394][  0]LogConfig: Setting CVar [[r.GPUCrashDebugging:0]]
[2021.02.17-23.15.58:394][  0]LogConfig: Setting CVar [[r.DefaultFeature.Bloom:1]]
[2021.02.17-23.15.58:394][  0]LogConfig: Setting CVar [[r.DefaultFeature.AutoExposure:0]]
[2021.02.17-23.15.58:394][  0]LogConfig: Setting CVar [[r.DefaultFeature.MotionBlur:0]]
[2021.02.17-23.15.58:395][  0]LogConfig: Applying CVar settings from Section [/Script/Engine.RendererOverrideSettings] File [D:/GP1/GP1/FPSGameStarterKit/Saved/Config/Windows/Engine.ini]
[2021.02.17-23.15.58:395][  0]LogConfig: Applying CVar settings from Section [/Script/Engine.StreamingSettings] File [D:/GP1/GP1/FPSGameStarterKit/Saved/Config/Windows/Engine.ini]
[2021.02.17-23.15.58:395][  0]LogConfig: Setting CVar [[s.MinBulkDataSizeForAsyncLoading:131072]]
[2021.02.17-23.15.58:395][  0]LogConfig: Setting CVar [[s.AsyncLoadingThreadEnabled:0]]
[2021.02.17-23.15.58:395][  0]LogConfig: Setting CVar [[s.EventDrivenLoaderEnabled:1]]
[2021.02.17-23.15.58:395][  0]LogConfig: Setting CVar [[s.WarnIfTimeLimitExceeded:0]]
[2021.02.17-23.15.58:395][  0]LogConfig: Setting CVar [[s.TimeLimitExceededMultiplier:1.5]]
[2021.02.17-23.15.58:395][  0]LogConfig: Setting CVar [[s.TimeLimitExceededMinTime:0.005]]
[2021.02.17-23.15.58:395][  0]LogConfig: Setting CVar [[s.UseBackgroundLevelStreaming:1]]
[2021.02.17-23.15.58:395][  0]LogConfig: Setting CVar [[s.PriorityAsyncLoadingExtraTime:15.0]]
[2021.02.17-23.15.58:395][  0]LogConfig: Setting CVar [[s.LevelStreamingActorsUpdateTimeLimit:5.0]]
[2021.02.17-23.15.58:395][  0]LogConfig: Setting CVar [[s.PriorityLevelStreamingActorsUpdateExtraTime:5.0]]
[2021.02.17-23.15.58:395][  0]LogConfig: Setting CVar [[s.LevelStreamingComponentsRegistrationGranularity:10]]
[2021.02.17-23.15.58:395][  0]LogConfig: Setting CVar [[s.UnregisterComponentsTimeLimit:1.0]]
[2021.02.17-23.15.58:395][  0]LogConfig: Setting CVar [[s.LevelStreamingComponentsUnregistrationGranularity:5]]
[2021.02.17-23.15.58:395][  0]LogConfig: Setting CVar [[s.FlushStreamingOnExit:1]]
[2021.02.17-23.15.58:395][  0]LogConfig: Applying CVar settings from Section [/Script/Engine.GarbageCollectionSettings] File [D:/GP1/GP1/FPSGameStarterKit/Saved/Config/Windows/Engine.ini]
[2021.02.17-23.15.58:395][  0]LogConfig: Setting CVar [[gc.MaxObjectsNotConsideredByGC:1]]
[2021.02.17-23.15.58:395][  0]LogConfig: Setting CVar [[gc.SizeOfPermanentObjectPool:0]]
[2021.02.17-23.15.58:395][  0]LogConfig: Setting CVar [[gc.FlushStreamingOnGC:0]]
[2021.02.17-23.15.58:395][  0]LogConfig: Setting CVar [[gc.NumRetriesBeforeForcingGC:10]]
[2021.02.17-23.15.58:395][  0]LogConfig: Setting CVar [[gc.AllowParallelGC:1]]
[2021.02.17-23.15.58:395][  0]LogConfig: Setting CVar [[gc.TimeBetweenPurgingPendingKillObjects:61.1]]
[2021.02.17-23.15.58:395][  0]LogConfig: Setting CVar [[gc.MaxObjectsInEditor:25165824]]
[2021.02.17-23.15.58:395][  0]LogConfig: Setting CVar [[gc.IncrementalBeginDestroyEnabled:1]]
[2021.02.17-23.15.58:395][  0]LogConfig: Setting CVar [[gc.CreateGCClusters:1]]
[2021.02.17-23.15.58:395][  0]LogConfig: Setting CVar [[gc.MinGCClusterSize:5]]
[2021.02.17-23.15.58:395][  0]LogConfig: Setting CVar [[gc.ActorClusteringEnabled:0]]
[2021.02.17-23.15.58:395][  0]LogConfig: Setting CVar [[gc.BlueprintClusteringEnabled:0]]
[2021.02.17-23.15.58:395][  0]LogConfig: Setting CVar [[gc.UseDisregardForGCOnDedicatedServers:0]]
[2021.02.17-23.15.58:395][  0]LogConfig: Applying CVar settings from Section [/Script/Engine.NetworkSettings] File [D:/GP1/GP1/FPSGameStarterKit/Saved/Config/Windows/Engine.ini]
[2021.02.17-23.15.58:395][  0]LogConfig: Applying CVar settings from Section [/Script/UnrealEd.CookerSettings] File [D:/GP1/GP1/FPSGameStarterKit/Saved/Config/Windows/Engine.ini]
[2021.02.17-23.15.58:401][  0]LogConfig: Applying CVar settings from Section [ViewDistanceQuality@3] File [D:/GP1/GP1/FPSGameStarterKit/Saved/Config/Windows/Scalability.ini]
[2021.02.17-23.15.58:401][  0]LogConfig: Setting CVar [[r.SkeletalMeshLODBias:0]]
[2021.02.17-23.15.58:401][  0]LogConfig: Setting CVar [[r.ViewDistanceScale:1.0]]
[2021.02.17-23.15.58:401][  0]LogConfig: Applying CVar settings from Section [AntiAliasingQuality@3] File [D:/GP1/GP1/FPSGameStarterKit/Saved/Config/Windows/Scalability.ini]
[2021.02.17-23.15.58:401][  0]LogConfig: Setting CVar [[r.PostProcessAAQuality:4]]
[2021.02.17-23.15.58:401][  0]LogConfig: Applying CVar settings from Section [ShadowQuality@3] File [D:/GP1/GP1/FPSGameStarterKit/Saved/Config/Windows/Scalability.ini]
[2021.02.17-23.15.58:401][  0]LogConfig: Setting CVar [[r.LightFunctionQuality:1]]
[2021.02.17-23.15.58:401][  0]LogConfig: Setting CVar [[r.ShadowQuality:5]]
[2021.02.17-23.15.58:401][  0]LogConfig: Setting CVar [[r.Shadow.CSM.MaxCascades:10]]
[2021.02.17-23.15.58:401][  0]LogConfig: Setting CVar [[r.Shadow.MaxResolution:2048]]
[2021.02.17-23.15.58:401][  0]LogConfig: Setting CVar [[r.Shadow.MaxCSMResolution:2048]]
[2021.02.17-23.15.58:401][  0]LogConfig: Setting CVar [[r.Shadow.RadiusThreshold:0.01]]
[2021.02.17-23.15.58:401][  0]LogConfig: Setting CVar [[r.Shadow.DistanceScale:1.0]]
[2021.02.17-23.15.58:401][  0]LogConfig: Setting CVar [[r.Shadow.CSM.TransitionScale:1.0]]
[2021.02.17-23.15.58:401][  0]LogConfig: Setting CVar [[r.Shadow.PreShadowResolutionFactor:1.0]]
[2021.02.17-23.15.58:401][  0]LogConfig: Setting CVar [[r.DistanceFieldShadowing:1]]
[2021.02.17-23.15.58:401][  0]LogConfig: Setting CVar [[r.DistanceFieldAO:1]]
[2021.02.17-23.15.58:401][  0]LogConfig: Setting CVar [[r.AOQuality:2]]
[2021.02.17-23.15.58:401][  0]LogConfig: Setting CVar [[r.VolumetricFog:1]]
[2021.02.17-23.15.58:401][  0]LogConfig: Setting CVar [[r.VolumetricFog.GridPixelSize:8]]
[2021.02.17-23.15.58:401][  0]LogConfig: Setting CVar [[r.VolumetricFog.GridSizeZ:128]]
[2021.02.17-23.15.58:401][  0]LogConfig: Setting CVar [[r.VolumetricFog.HistoryMissSupersampleCount:4]]
[2021.02.17-23.15.58:401][  0]LogConfig: Setting CVar [[r.LightMaxDrawDistanceScale:1]]
[2021.02.17-23.15.58:401][  0]LogConfig: Setting CVar [[r.CapsuleShadows:1]]
[2021.02.17-23.15.58:401][  0]LogConfig: Applying CVar settings from Section [PostProcessQuality@3] File [D:/GP1/GP1/FPSGameStarterKit/Saved/Config/Windows/Scalability.ini]
[2021.02.17-23.15.58:401][  0]LogConfig: Setting CVar [[r.MotionBlurQuality:4]]
[2021.02.17-23.15.58:401][  0]LogConfig: Setting CVar [[r.AmbientOcclusionMipLevelFactor:0.4]]
[2021.02.17-23.15.58:401][  0]LogConfig: Setting CVar [[r.AmbientOcclusionMaxQuality:100]]
[2021.02.17-23.15.58:401][  0]LogConfig: Setting CVar [[r.AmbientOcclusionLevels:-1]]
[2021.02.17-23.15.58:401][  0]LogConfig: Setting CVar [[r.AmbientOcclusionRadiusScale:1.0]]
[2021.02.17-23.15.58:401][  0]LogConfig: Setting CVar [[r.DepthOfFieldQuality:2]]
[2021.02.17-23.15.58:401][  0]LogConfig: Setting CVar [[r.RenderTargetPoolMin:400]]
[2021.02.17-23.15.58:401][  0]LogConfig: Setting CVar [[r.LensFlareQuality:2]]
[2021.02.17-23.15.58:401][  0]LogConfig: Setting CVar [[r.SceneColorFringeQuality:1]]
[2021.02.17-23.15.58:401][  0]LogConfig: Setting CVar [[r.EyeAdaptationQuality:2]]
[2021.02.17-23.15.58:402][  0]LogConfig: Setting CVar [[r.BloomQuality:5]]
[2021.02.17-23.15.58:402][  0]LogConfig: Setting CVar [[r.FastBlurThreshold:100]]
[2021.02.17-23.15.58:402][  0]LogConfig: Setting CVar [[r.Upscale.Quality:3]]
[2021.02.17-23.15.58:402][  0]LogConfig: Setting CVar [[r.Tonemapper.GrainQuantization:1]]
[2021.02.17-23.15.58:402][  0]LogConfig: Setting CVar [[r.LightShaftQuality:1]]
[2021.02.17-23.15.58:402][  0]LogConfig: Setting CVar [[r.Filter.SizeScale:1]]
[2021.02.17-23.15.58:402][  0]LogConfig: Setting CVar [[r.Tonemapper.Quality:5]]
[2021.02.17-23.15.58:402][  0]LogConfig: Setting CVar [[r.DOF.Gather.AccumulatorQuality:1        ; higher gathering accumulator quality]]
[2021.02.17-23.15.58:402][  0]LogConfig: Setting CVar [[r.DOF.Gather.PostfilterMethod:1          ; Median3x3 postfilering method]]
[2021.02.17-23.15.58:402][  0]LogConfig: Setting CVar [[r.DOF.Gather.EnableBokehSettings:0       ; no bokeh simulation when gathering]]
[2021.02.17-23.15.58:402][  0]LogConfig: Setting CVar [[r.DOF.Gather.RingCount:4                 ; medium number of samples when gathering]]
[2021.02.17-23.15.58:402][  0]LogConfig: Setting CVar [[r.DOF.Scatter.ForegroundCompositing:1    ; additive foreground scattering]]
[2021.02.17-23.15.58:402][  0]LogConfig: Setting CVar [[r.DOF.Scatter.BackgroundCompositing:2    ; additive background scattering]]
[2021.02.17-23.15.58:402][  0]LogConfig: Setting CVar [[r.DOF.Scatter.EnableBokehSettings:1      ; bokeh simulation when scattering]]
[2021.02.17-23.15.58:402][  0]LogConfig: Setting CVar [[r.DOF.Scatter.MaxSpriteRatio:0.1         ; only a maximum of 10% of scattered bokeh]]
[2021.02.17-23.15.58:402][  0]LogConfig: Setting CVar [[r.DOF.Recombine.Quality:1                ; cheap slight out of focus]]
[2021.02.17-23.15.58:402][  0]LogConfig: Setting CVar [[r.DOF.Recombine.EnableBokehSettings:0    ; no bokeh simulation on slight out of focus]]
[2021.02.17-23.15.58:402][  0]LogConfig: Setting CVar [[r.DOF.TemporalAAQuality:1                ; more stable temporal accumulation]]
[2021.02.17-23.15.58:402][  0]LogConfig: Setting CVar [[r.DOF.Kernel.MaxForegroundRadius:0.025]]
[2021.02.17-23.15.58:402][  0]LogConfig: Setting CVar [[r.DOF.Kernel.MaxBackgroundRadius:0.025]]
[2021.02.17-23.15.58:402][  0]LogConfig: Applying CVar settings from Section [TextureQuality@3] File [D:/GP1/GP1/FPSGameStarterKit/Saved/Config/Windows/Scalability.ini]
[2021.02.17-23.15.58:402][  0]LogConfig: Setting CVar [[r.Streaming.MipBias:0]]
[2021.02.17-23.15.58:402][  0]LogConfig: Setting CVar [[r.Streaming.AmortizeCPUToGPUCopy:0]]
[2021.02.17-23.15.58:402][  0]LogConfig: Setting CVar [[r.Streaming.MaxNumTexturesToStreamPerFrame:0]]
[2021.02.17-23.15.58:402][  0]LogConfig: Setting CVar [[r.Streaming.Boost:1]]
[2021.02.17-23.15.58:402][  0]LogConfig: Setting CVar [[r.MaxAnisotropy:8]]
[2021.02.17-23.15.58:402][  0]LogConfig: Setting CVar [[r.VT.MaxAnisotropy:8]]
[2021.02.17-23.15.58:402][  0]LogConfig: Setting CVar [[r.Streaming.LimitPoolSizeToVRAM:0]]
[2021.02.17-23.15.58:402][  0]LogConfig: Setting CVar [[r.Streaming.PoolSize:1000]]
[2021.02.17-23.15.58:402][  0]LogConfig: Setting CVar [[r.Streaming.MaxEffectiveScreenSize:0]]
[2021.02.17-23.15.58:402][  0]LogConfig: Applying CVar settings from Section [EffectsQuality@3] File [D:/GP1/GP1/FPSGameStarterKit/Saved/Config/Windows/Scalability.ini]
[2021.02.17-23.15.58:402][  0]LogConfig: Setting CVar [[r.TranslucencyLightingVolumeDim:64]]
[2021.02.17-23.15.58:402][  0]LogConfig: Setting CVar [[r.RefractionQuality:2]]
[2021.02.17-23.15.58:402][  0]LogConfig: Setting CVar [[r.SSR.Quality:3]]
[2021.02.17-23.15.58:402][  0]LogConfig: Setting CVar [[r.SSR.HalfResSceneColor:0]]
[2021.02.17-23.15.58:402][  0]LogConfig: Setting CVar [[r.SceneColorFormat:4]]
[2021.02.17-23.15.58:402][  0]LogConfig: Setting CVar [[r.DetailMode:2]]
[2021.02.17-23.15.58:402][  0]LogConfig: Setting CVar [[r.TranslucencyVolumeBlur:1]]
[2021.02.17-23.15.58:402][  0]LogConfig: Setting CVar [[r.MaterialQualityLevel:1 ; High quality]]
[2021.02.17-23.15.58:402][  0]LogConfig: Setting CVar [[r.SSS.Scale:1]]
[2021.02.17-23.15.58:402][  0]LogConfig: Setting CVar [[r.SSS.SampleSet:2]]
[2021.02.17-23.15.58:402][  0]LogConfig: Setting CVar [[r.SSS.Quality:1]]
[2021.02.17-23.15.58:402][  0]LogConfig: Setting CVar [[r.SSS.HalfRes:0]]
[2021.02.17-23.15.58:402][  0]LogConfig: Setting CVar [[r.SSGI.Quality:3]]
[2021.02.17-23.15.58:403][  0]LogConfig: Setting CVar [[r.EmitterSpawnRateScale:1.0]]
[2021.02.17-23.15.58:403][  0]LogConfig: Setting CVar [[r.ParticleLightQuality:2]]
[2021.02.17-23.15.58:403][  0]LogConfig: Setting CVar [[r.SkyAtmosphere.AerialPerspectiveLUT.FastApplyOnOpaque:1 ; Always have FastSkyLUT 1 in this case to avoid wrong sky]]
[2021.02.17-23.15.58:403][  0]LogConfig: Setting CVar [[r.SkyAtmosphere.AerialPerspectiveLUT.SampleCountPerSlice:1]]
[2021.02.17-23.15.58:403][  0]LogConfig: Setting CVar [[r.SkyAtmosphere.AerialPerspectiveLUT.DepthResolution:16.0]]
[2021.02.17-23.15.58:403][  0]LogConfig: Setting CVar [[r.SkyAtmosphere.FastSkyLUT:1]]
[2021.02.17-23.15.58:403][  0]LogConfig: Setting CVar [[r.SkyAtmosphere.FastSkyLUT.SampleCountMin:4.0]]
[2021.02.17-23.15.58:403][  0]LogConfig: Setting CVar [[r.SkyAtmosphere.FastSkyLUT.SampleCountMax:32.0]]
[2021.02.17-23.15.58:403][  0]LogConfig: Setting CVar [[r.SkyAtmosphere.SampleCountMin:4.0]]
[2021.02.17-23.15.58:403][  0]LogConfig: Setting CVar [[r.SkyAtmosphere.SampleCountMax:32.0]]
[2021.02.17-23.15.58:403][  0]LogConfig: Setting CVar [[r.SkyAtmosphere.TransmittanceLUT.UseSmallFormat:0]]
[2021.02.17-23.15.58:403][  0]LogConfig: Setting CVar [[r.SkyAtmosphere.TransmittanceLUT.SampleCount:10.0]]
[2021.02.17-23.15.58:403][  0]LogConfig: Setting CVar [[r.SkyAtmosphere.MultiScatteringLUT.SampleCount:15.0]]
[2021.02.17-23.15.58:403][  0]LogConfig: Applying CVar settings from Section [FoliageQuality@3] File [D:/GP1/GP1/FPSGameStarterKit/Saved/Config/Windows/Scalability.ini]
[2021.02.17-23.15.58:403][  0]LogConfig: Setting CVar [[foliage.DensityScale:1.0]]
[2021.02.17-23.15.58:403][  0]LogConfig: Setting CVar [[grass.DensityScale:1.0]]
[2021.02.17-23.15.58:403][  0]LogConfig: Applying CVar settings from Section [ShadingQuality@3] File [D:/GP1/GP1/FPSGameStarterKit/Saved/Config/Windows/Scalability.ini]
[2021.02.17-23.15.58:403][  0]LogConfig: Setting CVar [[r.HairStrands.SkyLighting.SampleCount:16]]
[2021.02.17-23.15.58:403][  0]LogConfig: Setting CVar [[r.HairStrands.SkyLighting.JitterIntegration:0]]
[2021.02.17-23.15.58:403][  0]LogConfig: Setting CVar [[r.HairStrands.SkyAO.SampleCount:16]]
[2021.02.17-23.15.58:403][  0]LogConfig: Setting CVar [[r.HairStrands.DeepShadow.SuperSampling:0]]
[2021.02.17-23.15.58:403][  0]LogConfig: Setting CVar [[r.HairStrands.VisibilityPPLL:0]]
[2021.02.17-23.15.58:403][  0]LogConfig: Setting CVar [[r.HairStrands.RasterizationScale:0.5]]
[2021.02.17-23.15.58:403][  0]LogConfig: Setting CVar [[r.HairStrands.VelocityRasterizationScale:1]]
[2021.02.17-23.15.58:403][  0]LogInit: Selected Device Profile: [Windows]
[2021.02.17-23.15.58:403][  0]LogInit: Applying CVar settings loaded from the selected device profile: [Windows]
[2021.02.17-23.15.58:403][  0]LogHAL: Display: Platform has ~ 16 GB [17133776896 / 17179869184 / 16], which maps to Larger [LargestMinGB=32, LargerMinGB=12, DefaultMinGB=8, SmallerMinGB=6, SmallestMinGB=0)
[2021.02.17-23.15.58:403][  0]LogInit: Going up to parent DeviceProfile []
[2021.02.17-23.15.58:403][  0]LogConfig: Applying CVar settings from Section [ViewDistanceQuality@3] File [D:/GP1/GP1/FPSGameStarterKit/Saved/Config/Windows/Scalability.ini]
[2021.02.17-23.15.58:403][  0]LogConfig: Setting CVar [[r.SkeletalMeshLODBias:0]]
[2021.02.17-23.15.58:403][  0]LogConfig: Setting CVar [[r.ViewDistanceScale:1.0]]
[2021.02.17-23.15.58:403][  0]LogConfig: Applying CVar settings from Section [AntiAliasingQuality@3] File [D:/GP1/GP1/FPSGameStarterKit/Saved/Config/Windows/Scalability.ini]
[2021.02.17-23.15.58:403][  0]LogConfig: Setting CVar [[r.PostProcessAAQuality:4]]
[2021.02.17-23.15.58:403][  0]LogConfig: Applying CVar settings from Section [ShadowQuality@3] File [D:/GP1/GP1/FPSGameStarterKit/Saved/Config/Windows/Scalability.ini]
[2021.02.17-23.15.58:403][  0]LogConfig: Setting CVar [[r.LightFunctionQuality:1]]
[2021.02.17-23.15.58:403][  0]LogConfig: Setting CVar [[r.ShadowQuality:5]]
[2021.02.17-23.15.58:403][  0]LogConfig: Setting CVar [[r.Shadow.CSM.MaxCascades:10]]
[2021.02.17-23.15.58:404][  0]LogConfig: Setting CVar [[r.Shadow.MaxResolution:2048]]
[2021.02.17-23.15.58:404][  0]LogConfig: Setting CVar [[r.Shadow.MaxCSMResolution:2048]]
[2021.02.17-23.15.58:404][  0]LogConfig: Setting CVar [[r.Shadow.RadiusThreshold:0.01]]
[2021.02.17-23.15.58:404][  0]LogConfig: Setting CVar [[r.Shadow.DistanceScale:1.0]]
[2021.02.17-23.15.58:404][  0]LogConfig: Setting CVar [[r.Shadow.CSM.TransitionScale:1.0]]
[2021.02.17-23.15.58:404][  0]LogConfig: Setting CVar [[r.Shadow.PreShadowResolutionFactor:1.0]]
[2021.02.17-23.15.58:404][  0]LogConfig: Setting CVar [[r.DistanceFieldShadowing:1]]
[2021.02.17-23.15.58:404][  0]LogConfig: Setting CVar [[r.DistanceFieldAO:1]]
[2021.02.17-23.15.58:404][  0]LogConfig: Setting CVar [[r.AOQuality:2]]
[2021.02.17-23.15.58:404][  0]LogConfig: Setting CVar [[r.VolumetricFog:1]]
[2021.02.17-23.15.58:404][  0]LogConfig: Setting CVar [[r.VolumetricFog.GridPixelSize:8]]
[2021.02.17-23.15.58:404][  0]LogConfig: Setting CVar [[r.VolumetricFog.GridSizeZ:128]]
[2021.02.17-23.15.58:404][  0]LogConfig: Setting CVar [[r.VolumetricFog.HistoryMissSupersampleCount:4]]
[2021.02.17-23.15.58:404][  0]LogConfig: Setting CVar [[r.LightMaxDrawDistanceScale:1]]
[2021.02.17-23.15.58:404][  0]LogConfig: Setting CVar [[r.CapsuleShadows:1]]
[2021.02.17-23.15.58:404][  0]LogConfig: Applying CVar settings from Section [PostProcessQuality@3] File [D:/GP1/GP1/FPSGameStarterKit/Saved/Config/Windows/Scalability.ini]
[2021.02.17-23.15.58:404][  0]LogConfig: Setting CVar [[r.MotionBlurQuality:4]]
[2021.02.17-23.15.58:404][  0]LogConfig: Setting CVar [[r.AmbientOcclusionMipLevelFactor:0.4]]
[2021.02.17-23.15.58:404][  0]LogConfig: Setting CVar [[r.AmbientOcclusionMaxQuality:100]]
[2021.02.17-23.15.58:404][  0]LogConfig: Setting CVar [[r.AmbientOcclusionLevels:-1]]
[2021.02.17-23.15.58:404][  0]LogConfig: Setting CVar [[r.AmbientOcclusionRadiusScale:1.0]]
[2021.02.17-23.15.58:404][  0]LogConfig: Setting CVar [[r.DepthOfFieldQuality:2]]
[2021.02.17-23.15.58:404][  0]LogConfig: Setting CVar [[r.RenderTargetPoolMin:400]]
[2021.02.17-23.15.58:404][  0]LogConfig: Setting CVar [[r.LensFlareQuality:2]]
[2021.02.17-23.15.58:404][  0]LogConfig: Setting CVar [[r.SceneColorFringeQuality:1]]
[2021.02.17-23.15.58:404][  0]LogConfig: Setting CVar [[r.EyeAdaptationQuality:2]]
[2021.02.17-23.15.58:404][  0]LogConfig: Setting CVar [[r.BloomQuality:5]]
[2021.02.17-23.15.58:404][  0]LogConfig: Setting CVar [[r.FastBlurThreshold:100]]
[2021.02.17-23.15.58:404][  0]LogConfig: Setting CVar [[r.Upscale.Quality:3]]
[2021.02.17-23.15.58:404][  0]LogConfig: Setting CVar [[r.Tonemapper.GrainQuantization:1]]
[2021.02.17-23.15.58:404][  0]LogConfig: Setting CVar [[r.LightShaftQuality:1]]
[2021.02.17-23.15.58:404][  0]LogConfig: Setting CVar [[r.Filter.SizeScale:1]]
[2021.02.17-23.15.58:404][  0]LogConfig: Setting CVar [[r.Tonemapper.Quality:5]]
[2021.02.17-23.15.58:404][  0]LogConfig: Setting CVar [[r.DOF.Gather.AccumulatorQuality:1        ; higher gathering accumulator quality]]
[2021.02.17-23.15.58:404][  0]LogConfig: Setting CVar [[r.DOF.Gather.PostfilterMethod:1          ; Median3x3 postfilering method]]
[2021.02.17-23.15.58:404][  0]LogConfig: Setting CVar [[r.DOF.Gather.EnableBokehSettings:0       ; no bokeh simulation when gathering]]
[2021.02.17-23.15.58:405][  0]LogConfig: Setting CVar [[r.DOF.Gather.RingCount:4                 ; medium number of samples when gathering]]
[2021.02.17-23.15.58:405][  0]LogConfig: Setting CVar [[r.DOF.Scatter.ForegroundCompositing:1    ; additive foreground scattering]]
[2021.02.17-23.15.58:405][  0]LogConfig: Setting CVar [[r.DOF.Scatter.BackgroundCompositing:2    ; additive background scattering]]
[2021.02.17-23.15.58:405][  0]LogConfig: Setting CVar [[r.DOF.Scatter.EnableBokehSettings:1      ; bokeh simulation when scattering]]
[2021.02.17-23.15.58:405][  0]LogConfig: Setting CVar [[r.DOF.Scatter.MaxSpriteRatio:0.1         ; only a maximum of 10% of scattered bokeh]]
[2021.02.17-23.15.58:405][  0]LogConfig: Setting CVar [[r.DOF.Recombine.Quality:1                ; cheap slight out of focus]]
[2021.02.17-23.15.58:405][  0]LogConfig: Setting CVar [[r.DOF.Recombine.EnableBokehSettings:0    ; no bokeh simulation on slight out of focus]]
[2021.02.17-23.15.58:405][  0]LogConfig: Setting CVar [[r.DOF.TemporalAAQuality:1                ; more stable temporal accumulation]]
[2021.02.17-23.15.58:405][  0]LogConfig: Setting CVar [[r.DOF.Kernel.MaxForegroundRadius:0.025]]
[2021.02.17-23.15.58:405][  0]LogConfig: Setting CVar [[r.DOF.Kernel.MaxBackgroundRadius:0.025]]
[2021.02.17-23.15.58:405][  0]LogConfig: Applying CVar settings from Section [TextureQuality@3] File [D:/GP1/GP1/FPSGameStarterKit/Saved/Config/Windows/Scalability.ini]
[2021.02.17-23.15.58:405][  0]LogConfig: Setting CVar [[r.Streaming.MipBias:0]]
[2021.02.17-23.15.58:405][  0]LogConfig: Setting CVar [[r.Streaming.AmortizeCPUToGPUCopy:0]]
[2021.02.17-23.15.58:405][  0]LogConfig: Setting CVar [[r.Streaming.MaxNumTexturesToStreamPerFrame:0]]
[2021.02.17-23.15.58:405][  0]LogConfig: Setting CVar [[r.Streaming.Boost:1]]
[2021.02.17-23.15.58:405][  0]LogConfig: Setting CVar [[r.MaxAnisotropy:8]]
[2021.02.17-23.15.58:405][  0]LogConfig: Setting CVar [[r.VT.MaxAnisotropy:8]]
[2021.02.17-23.15.58:405][  0]LogConfig: Setting CVar [[r.Streaming.LimitPoolSizeToVRAM:0]]
[2021.02.17-23.15.58:405][  0]LogConfig: Setting CVar [[r.Streaming.PoolSize:1000]]
[2021.02.17-23.15.58:405][  0]LogConfig: Setting CVar [[r.Streaming.MaxEffectiveScreenSize:0]]
[2021.02.17-23.15.58:405][  0]LogConfig: Applying CVar settings from Section [EffectsQuality@3] File [D:/GP1/GP1/FPSGameStarterKit/Saved/Config/Windows/Scalability.ini]
[2021.02.17-23.15.58:405][  0]LogConfig: Setting CVar [[r.TranslucencyLightingVolumeDim:64]]
[2021.02.17-23.15.58:405][  0]LogConfig: Setting CVar [[r.RefractionQuality:2]]
[2021.02.17-23.15.58:405][  0]LogConfig: Setting CVar [[r.SSR.Quality:3]]
[2021.02.17-23.15.58:405][  0]LogConfig: Setting CVar [[r.SSR.HalfResSceneColor:0]]
[2021.02.17-23.15.58:406][  0]LogConfig: Setting CVar [[r.SceneColorFormat:4]]
[2021.02.17-23.15.58:406][  0]LogConfig: Setting CVar [[r.DetailMode:2]]
[2021.02.17-23.15.58:406][  0]LogConfig: Setting CVar [[r.TranslucencyVolumeBlur:1]]
[2021.02.17-23.15.58:406][  0]LogConfig: Setting CVar [[r.MaterialQualityLevel:1 ; High quality]]
[2021.02.17-23.15.58:406][  0]LogConfig: Setting CVar [[r.SSS.Scale:1]]
[2021.02.17-23.15.58:406][  0]LogConfig: Setting CVar [[r.SSS.SampleSet:2]]
[2021.02.17-23.15.58:406][  0]LogConfig: Setting CVar [[r.SSS.Quality:1]]
[2021.02.17-23.15.58:406][  0]LogConfig: Setting CVar [[r.SSS.HalfRes:0]]
[2021.02.17-23.15.58:406][  0]LogConfig: Setting CVar [[r.SSGI.Quality:3]]
[2021.02.17-23.15.58:406][  0]LogConfig: Setting CVar [[r.EmitterSpawnRateScale:1.0]]
[2021.02.17-23.15.58:406][  0]LogConfig: Setting CVar [[r.ParticleLightQuality:2]]
[2021.02.17-23.15.58:406][  0]LogConfig: Setting CVar [[r.SkyAtmosphere.AerialPerspectiveLUT.FastApplyOnOpaque:1 ; Always have FastSkyLUT 1 in this case to avoid wrong sky]]
[2021.02.17-23.15.58:406][  0]LogConfig: Setting CVar [[r.SkyAtmosphere.AerialPerspectiveLUT.SampleCountPerSlice:1]]
[2021.02.17-23.15.58:406][  0]LogConfig: Setting CVar [[r.SkyAtmosphere.AerialPerspectiveLUT.DepthResolution:16.0]]
[2021.02.17-23.15.58:406][  0]LogConfig: Setting CVar [[r.SkyAtmosphere.FastSkyLUT:1]]
[2021.02.17-23.15.58:406][  0]LogConfig: Setting CVar [[r.SkyAtmosphere.FastSkyLUT.SampleCountMin:4.0]]
[2021.02.17-23.15.58:406][  0]LogConfig: Setting CVar [[r.SkyAtmosphere.FastSkyLUT.SampleCountMax:32.0]]
[2021.02.17-23.15.58:406][  0]LogConfig: Setting CVar [[r.SkyAtmosphere.SampleCountMin:4.0]]
[2021.02.17-23.15.58:406][  0]LogConfig: Setting CVar [[r.SkyAtmosphere.SampleCountMax:32.0]]
[2021.02.17-23.15.58:406][  0]LogConfig: Setting CVar [[r.SkyAtmosphere.TransmittanceLUT.UseSmallFormat:0]]
[2021.02.17-23.15.58:406][  0]LogConfig: Setting CVar [[r.SkyAtmosphere.TransmittanceLUT.SampleCount:10.0]]
[2021.02.17-23.15.58:406][  0]LogConfig: Setting CVar [[r.SkyAtmosphere.MultiScatteringLUT.SampleCount:15.0]]
[2021.02.17-23.15.58:406][  0]LogConfig: Applying CVar settings from Section [FoliageQuality@3] File [D:/GP1/GP1/FPSGameStarterKit/Saved/Config/Windows/Scalability.ini]
[2021.02.17-23.15.58:406][  0]LogConfig: Setting CVar [[foliage.DensityScale:1.0]]
[2021.02.17-23.15.58:406][  0]LogConfig: Setting CVar [[grass.DensityScale:1.0]]
[2021.02.17-23.15.58:406][  0]LogConfig: Applying CVar settings from Section [ShadingQuality@3] File [D:/GP1/GP1/FPSGameStarterKit/Saved/Config/Windows/Scalability.ini]
[2021.02.17-23.15.58:406][  0]LogConfig: Setting CVar [[r.HairStrands.SkyLighting.SampleCount:16]]
[2021.02.17-23.15.58:406][  0]LogConfig: Setting CVar [[r.HairStrands.SkyLighting.JitterIntegration:0]]
[2021.02.17-23.15.58:406][  0]LogConfig: Setting CVar [[r.HairStrands.SkyAO.SampleCount:16]]
[2021.02.17-23.15.58:406][  0]LogConfig: Setting CVar [[r.HairStrands.DeepShadow.SuperSampling:0]]
[2021.02.17-23.15.58:406][  0]LogConfig: Setting CVar [[r.HairStrands.VisibilityPPLL:0]]
[2021.02.17-23.15.58:406][  0]LogConfig: Setting CVar [[r.HairStrands.RasterizationScale:0.5]]
[2021.02.17-23.15.58:406][  0]LogConfig: Setting CVar [[r.HairStrands.VelocityRasterizationScale:1]]
[2021.02.17-23.15.58:407][  0]LogConfig: Applying CVar settings from Section [Startup] File [../../../Engine/Config/ConsoleVariables.ini]
[2021.02.17-23.15.58:537][  0]LogConfig: Setting CVar [[net.UseAdaptiveNetUpdateFrequency:0]]
[2021.02.17-23.15.58:537][  0]LogConfig: Setting CVar [[p.chaos.AllowCreatePhysxBodies:1]]
[2021.02.17-23.15.58:538][  0]LogConfig: Setting CVar [[fx.SkipVectorVMBackendOptimizations:1]]
[2021.02.17-23.15.58:538][  0]LogConfig: Applying CVar settings from Section [ConsoleVariables] File [D:/GP1/GP1/FPSGameStarterKit/Saved/Config/Windows/Engine.ini]
[2021.02.17-23.15.58:538][  0]LogInit: Computer: SETHS-LAPTOP
[2021.02.17-23.15.58:538][  0]LogInit: User: User
[2021.02.17-23.15.58:538][  0]LogInit: CPU Page size=4096, Cores=4
[2021.02.17-23.15.58:538][  0]LogInit: High frequency timer resolution =10.000000 MHz
[2021.02.17-23.15.58:538][  0]LogMemory: Memory total: Physical=16.0GB (16GB approx)
[2021.02.17-23.15.58:538][  0]LogMemory: Platform Memory Stats for Windows
[2021.02.17-23.15.58:538][  0]LogMemory: Process Physical Memory: 114.80 MB used, 114.80 MB peak
[2021.02.17-23.15.58:538][  0]LogMemory: Process Virtual Memory: 96.29 MB used, 96.29 MB peak
[2021.02.17-23.15.58:538][  0]LogMemory: Physical Memory: 7823.84 MB used,  8516.20 MB free, 16340.04 MB total
[2021.02.17-23.15.58:538][  0]LogMemory: Virtual Memory: 5144.87 MB used,  134212584.00 MB free, 134217728.00 MB total
[2021.02.17-23.15.58:550][  0]LogWindows: WindowsPlatformFeatures enabled
[2021.02.17-23.16.05:195][  0]LogInit: Physics initialised using underlying interface: PhysX
[2021.02.17-23.16.05:266][  0]LogInit: Using OS detected language (en-US).
[2021.02.17-23.16.05:266][  0]LogInit: Using OS detected locale (en-US).
[2021.02.17-23.16.05:269][  0]LogTextLocalizationManager: No specific localization for 'en-US' exists, so the 'en' localization will be used.
[2021.02.17-23.16.11:843][  0]LogInit: Setting process to per monitor DPI aware
[2021.02.17-23.16.12:682][  0]LogSlate: New Slate User Created.  User Index 0, Is Virtual User: 0
[2021.02.17-23.16.12:682][  0]LogSlate: Slate User Registered.  User Index 0, Is Virtual User: 0
[2021.02.17-23.16.19:558][  0]LogHMD: Failed to initialize OpenVR with code 110
[2021.02.17-23.16.19:558][  0]LogD3D11RHI: D3D11 min allowed feature level: 11_0
[2021.02.17-23.16.19:558][  0]LogD3D11RHI: D3D11 max allowed feature level: 11_0
[2021.02.17-23.16.19:558][  0]LogD3D11RHI: D3D11 adapters:
[2021.02.17-23.16.19:769][  0]LogD3D11RHI:    0. 'NVIDIA GeForce GTX 1060' (Feature Level 11_0)
[2021.02.17-23.16.19:769][  0]LogD3D11RHI:       6052/0/8170 MB DedicatedVideo/DedicatedSystem/SharedSystem, Outputs:1, VendorId:0x10de
[2021.02.17-23.16.19:774][  0]LogD3D11RHI:    1. 'Microsoft Basic Render Driver' (Feature Level 11_0)
[2021.02.17-23.16.19:774][  0]LogD3D11RHI:       0/0/8170 MB DedicatedVideo/DedicatedSystem/SharedSystem, Outputs:0, VendorId:0x1414
[2021.02.17-23.16.19:774][  0]LogD3D11RHI: Chosen D3D11 Adapter: 0
[2021.02.17-23.16.19:784][  0]LogD3D11RHI: Creating new Direct3DDevice
[2021.02.17-23.16.19:785][  0]LogD3D11RHI:     GPU DeviceId: 0x1c60 (for the marketing name, search the web for "GPU Device Id")
[2021.02.17-23.16.19:785][  0]LogWindows: EnumDisplayDevices:
[2021.02.17-23.16.19:785][  0]LogWindows:    0. 'NVIDIA GeForce GTX 1060' (P:1 D:1)
[2021.02.17-23.16.19:785][  0]LogWindows:    1. 'NVIDIA GeForce GTX 1060' (P:0 D:0)
[2021.02.17-23.16.19:786][  0]LogWindows:    2. 'NVIDIA GeForce GTX 1060' (P:0 D:0)
[2021.02.17-23.16.19:786][  0]LogWindows:    3. 'NVIDIA GeForce GTX 1060' (P:0 D:0)
[2021.02.17-23.16.19:786][  0]LogWindows: DebugString: FoundDriverCount:4 
[2021.02.17-23.16.19:786][  0]LogD3D11RHI:     Adapter Name: NVIDIA GeForce GTX 1060
[2021.02.17-23.16.19:786][  0]LogD3D11RHI:   Driver Version: 460.79 (internal:27.21.14.6079, unified:460.79)
[2021.02.17-23.16.19:786][  0]LogD3D11RHI:      Driver Date: 12-3-2020
[2021.02.17-23.16.19:786][  0]LogRHI: Texture pool is 4236 MB (70% of 6052 MB)
[2021.02.17-23.16.19:923][  0]LogD3D11RHI: RHI has support for 64 bit atomics
[2021.02.17-23.16.19:924][  0]LogD3D11RHI: Async texture creation enabled
[2021.02.17-23.16.19:924][  0]LogD3D11RHI: Array index from any shader is supported
[2021.02.17-23.16.19:972][  0]LogD3D11RHI: GPU Timing Frequency: 1000.000000 (Debug: 2 1)
[2021.02.17-23.16.21:253][  0]LogTargetPlatformManager: Display: Loaded TargetPlatform 'AllDesktop'
[2021.02.17-23.16.21:535][  0]LogTargetPlatformManager: Display: Loaded TargetPlatform 'Android'
[2021.02.17-23.16.21:535][  0]LogTargetPlatformManager: Display: Loaded TargetPlatform 'Android_ASTC'
[2021.02.17-23.16.21:535][  0]LogTargetPlatformManager: Display: Loaded TargetPlatform 'Android_DXT'
[2021.02.17-23.16.21:535][  0]LogTargetPlatformManager: Display: Loaded TargetPlatform 'Android_ETC2'
[2021.02.17-23.16.21:535][  0]LogTargetPlatformManager: Display: Loaded TargetPlatform 'AndroidClient'
[2021.02.17-23.16.21:535][  0]LogTargetPlatformManager: Display: Loaded TargetPlatform 'Android_ASTCClient'
[2021.02.17-23.16.21:535][  0]LogTargetPlatformManager: Display: Loaded TargetPlatform 'Android_DXTClient'
[2021.02.17-23.16.21:535][  0]LogTargetPlatformManager: Display: Loaded TargetPlatform 'Android_ETC2Client'
[2021.02.17-23.16.21:535][  0]LogTargetPlatformManager: Display: Loaded TargetPlatform 'Android_Multi'
[2021.02.17-23.16.21:535][  0]LogTargetPlatformManager: Display: Loaded TargetPlatform 'Android_MultiClient'
[2021.02.17-23.16.22:020][  0]LogTargetPlatformManager: Display: Loaded TargetPlatform 'IOSClient'
[2021.02.17-23.16.22:020][  0]LogTargetPlatformManager: Display: Loaded TargetPlatform 'IOS'
[2021.02.17-23.16.22:697][  0]LogTargetPlatformManager: Display: Loaded TargetPlatform 'Linux'
[2021.02.17-23.16.22:732][  0]LogTargetPlatformManager: Display: Loaded TargetPlatform 'LinuxNoEditor'
[2021.02.17-23.16.23:190][  0]LogTargetPlatformManager: Display: Loaded TargetPlatform 'LinuxClient'
[2021.02.17-23.16.23:421][  0]LogTargetPlatformManager: Display: Loaded TargetPlatform 'LinuxServer'
[2021.02.17-23.16.23:678][  0]LogTargetPlatformManager: Display: Loaded TargetPlatform 'LinuxAArch64NoEditor'
[2021.02.17-23.16.24:176][  0]LogTargetPlatformManager: Display: Loaded TargetPlatform 'LinuxAArch64Client'
[2021.02.17-23.16.24:352][  0]LogTargetPlatformManager: Display: Loaded TargetPlatform 'LinuxAArch64Server'
[2021.02.17-23.16.24:536][  0]LogTargetPlatformManager: Display: Loaded TargetPlatform 'Lumin'
[2021.02.17-23.16.24:536][  0]LogTargetPlatformManager: Display: Loaded TargetPlatform 'LuminClient'
[2021.02.17-23.16.24:712][  0]LogTargetPlatformManager: Display: Loaded TargetPlatform 'TVOSClient'
[2021.02.17-23.16.24:712][  0]LogTargetPlatformManager: Display: Loaded TargetPlatform 'TVOS'
[2021.02.17-23.16.24:911][  0]LogTargetPlatformManager: Display: Loaded TargetPlatform 'WindowsNoEditor'
[2021.02.17-23.16.25:563][  0]LogTargetPlatformManager: Display: Loaded TargetPlatform 'Windows'
[2021.02.17-23.16.25:636][  0]LogTargetPlatformManager: Display: Loaded TargetPlatform 'WindowsClient'
[2021.02.17-23.16.25:960][  0]LogTargetPlatformManager: Display: Loaded TargetPlatform 'WindowsServer'
[2021.02.17-23.16.25:961][  0]LogTargetPlatformManager: Display: Building Assets For Windows
[2021.02.17-23.16.26:879][  0]LogAudioDebug: Display: Lib vorbis DLL was dynamically loaded.
[2021.02.17-23.16.29:019][  0]LogShaderCompilers: Guid format shader working directory is 4 characters bigger than the processId version (../../../../../GP1/GP1/FPSGameStarterKit/Intermediate/Shaders/WorkingDirectory/19708/).
[2021.02.17-23.16.29:019][  0]LogShaderCompilers: Cleaned the shader compiler working directory 'C:/Users/User/AppData/Local/Temp/UnrealShaderWorkingDir/C91EB68940CD85D998EFC5A3C72A3408/'.
[2021.02.17-23.16.29:036][  0]LogXGEController: Cannot use XGE Controller as Incredibuild is not installed on this machine.
[2021.02.17-23.16.29:036][  0]LogShaderCompilers: Cannot use XGE Shader Compiler as Incredibuild is not installed on this machine.
[2021.02.17-23.16.29:037][  0]LogShaderCompilers: Display: Using Local Shader Compiler.
[2021.02.17-23.16.41:403][  0]LogDerivedDataCache: Display: Max Cache Size: 512 MB
[2021.02.17-23.16.41:492][  0]LogDerivedDataCache: Loaded boot cache 0.09s 75MB C:/Users/User/AppData/Local/UnrealEngine/4.25/DerivedDataCache/Boot.ddc.
[2021.02.17-23.16.41:492][  0]LogDerivedDataCache: Display: Loaded Boot cache: C:/Users/User/AppData/Local/UnrealEngine/4.25/DerivedDataCache/Boot.ddc
[2021.02.17-23.16.41:492][  0]LogDerivedDataCache: FDerivedDataBackendGraph:  Pak pak cache file ../../../../../GP1/GP1/FPSGameStarterKit/DerivedDataCache/DDC.ddp not found, will not use a pak cache.
[2021.02.17-23.16.41:492][  0]LogDerivedDataCache: Unable to find inner node Pak for hierarchical cache Hierarchy.
[2021.02.17-23.16.41:492][  0]LogDerivedDataCache: FDerivedDataBackendGraph:  CompressedPak pak cache file ../../../../../GP1/GP1/FPSGameStarterKit/DerivedDataCache/Compressed.ddp not found, will not use a pak cache.
[2021.02.17-23.16.41:492][  0]LogDerivedDataCache: Unable to find inner node CompressedPak for hierarchical cache Hierarchy.
[2021.02.17-23.16.41:569][  0]LogDerivedDataCache: Display: Pak cache opened for reading ../../../Engine/DerivedDataCache/Compressed.ddp.
[2021.02.17-23.16.41:569][  0]LogDerivedDataCache: FDerivedDataBackendGraph:  EnterprisePak pak cache file ../../../Enterprise/DerivedDataCache/Compressed.ddp not found, will not use a pak cache.
[2021.02.17-23.16.41:569][  0]LogDerivedDataCache: Unable to find inner node EnterprisePak for hierarchical cache Hierarchy.
[2021.02.17-23.16.41:571][  0]LogDerivedDataCache: Using Local data cache path C:/Users/User/AppData/Local/UnrealEngine/Common/DerivedDataCache: Writable
[2021.02.17-23.16.41:571][  0]LogDerivedDataCache: Shared data cache path not found in *engine.ini, will not use an Shared cache.
[2021.02.17-23.16.41:571][  0]LogDerivedDataCache: Unable to find inner node Shared for hierarchical cache Hierarchy.
[2021.02.17-23.16.41:649][  0]LogSlate: Using FreeType 2.10.0
[2021.02.17-23.16.41:710][  0]LogSlate: SlateFontServices - WITH_FREETYPE: 1, WITH_HARFBUZZ: 1
[2021.02.17-23.16.41:810][  0]LogAssetRegistry: FAssetRegistry took 0.0036 seconds to start up
[2021.02.17-23.16.42:166][  0]LogInit: Selected Device Profile: [Windows]
[2021.02.17-23.16.47:511][  0]LogMeshReduction: Using QuadricMeshReduction for automatic static mesh reduction
[2021.02.17-23.16.47:511][  0]LogMeshReduction: Using SimplygonMeshReduction for automatic skeletal mesh reduction
[2021.02.17-23.16.47:511][  0]LogMeshReduction: Using ProxyLODMeshReduction for automatic mesh merging
[2021.02.17-23.16.47:511][  0]LogMeshReduction: No distributed automatic mesh merging module available
[2021.02.17-23.16.47:511][  0]LogMeshMerging: No distributed automatic mesh merging module available
[2021.02.17-23.16.47:928][  0]LogNetVersion: FPSGameStarterKit 1.0.0, NetCL: 13144385, EngineNetVer: 14, GameNetVer: 0 (Checksum: 3513021984)
[2021.02.17-23.16.50:563][  0]LogAISub: UAISubsystem::UAISubsystem AISubsystem (000001F5A812E980), frame # 0
[2021.02.17-23.16.50:563][  0]LogAISub: UAISubsystem::UAISubsystem AIPerceptionSystem (000001F5A7FDEAC0), frame # 0
[2021.02.17-23.16.50:565][  0]LogAISub: UAISubsystem::UAISubsystem EnvQueryManager (000001F5A8025C00), frame # 0
[2021.02.17-23.16.51:385][  0]LogPackageLocalizationCache: Processed 19 localized package path(s) for 1 prioritized culture(s) in 0.810565 seconds
[2021.02.17-23.16.51:392][  0]LogUObjectArray: 15917 objects as part of root set at end of initial load.
[2021.02.17-23.16.51:392][  0]LogUObjectAllocator: 3965568 out of 0 bytes used by permanent object pool.
[2021.02.17-23.16.51:392][  0]LogUObjectArray: CloseDisregardForGC: 0/0 objects in disregard for GC pool
[2021.02.17-23.17.02:628][  0]LogConfig: Warning: Failed to saved backup for config[../../../../../GP1/GP1/FPSGameStarterKit/Intermediate/Config/CoalescedSourceConfigs/TranslationPickerSettings.ini]
[2021.02.17-23.17.08:621][  0]LogTcpMessaging: Initializing TcpMessaging bridge
[2021.02.17-23.17.08:904][  0]LogUdpMessaging: Initializing bridge on interface 0.0.0.0:0 to multicast group 230.0.0.1:6666.
[2021.02.17-23.17.11:831][  0]SourceControl: Source control is disabled
[2021.02.17-23.17.11:833][  0]LogWindows: Warning: CreateProc failed: The system cannot find the file specified. (0x00000002)
[2021.02.17-23.17.11:833][  0]LogWindows: Warning: URL: C:/Program Files/Git/bin/git.exe version
[2021.02.17-23.17.11:833][  0]LogWindows: Warning: CreateProc failed: The system cannot find the file specified. (0x00000002)
[2021.02.17-23.17.11:833][  0]LogWindows: Warning: URL: C:/Program Files (x86)/Git/bin/git.exe version
[2021.02.17-23.17.11:834][  0]LogWindows: Warning: CreateProc failed: The system cannot find the file specified. (0x00000002)
[2021.02.17-23.17.11:834][  0]LogWindows: Warning: URL: C:\Users\User\AppData\Local/Programs/Git/cmd/git.exe version
[2021.02.17-23.17.11:834][  0]LogWindows: Warning: CreateProc failed: The system cannot find the file specified. (0x00000002)
[2021.02.17-23.17.11:834][  0]LogWindows: Warning: URL: C:/Program Files (x86)/SmartGit/git/bin/git.exe version
[2021.02.17-23.17.11:834][  0]LogWindows: Warning: CreateProc failed: The system cannot find the file specified. (0x00000002)
[2021.02.17-23.17.11:834][  0]LogWindows: Warning: URL: C:/Program Files (x86)/SmartGit/bin/git.exe version
[2021.02.17-23.17.11:834][  0]LogWindows: Warning: CreateProc failed: The system cannot find the file specified. (0x00000002)
[2021.02.17-23.17.11:834][  0]LogWindows: Warning: URL: C:\Users\User\AppData\Local/Atlassian/SourceTree/git_local/bin/git.exe version
[2021.02.17-23.17.11:835][  0]LogWindows: Warning: CreateProc failed: The system cannot find the file specified. (0x00000002)
[2021.02.17-23.17.11:835][  0]LogWindows: Warning: URL: C:/Program Files (x86)/fournova/Tower/vendor/Git/bin/git.exe version
[2021.02.17-23.17.12:171][  0]LogWindows: Warning: CreateProc failed: The system cannot find the file specified. (0x00000002)
[2021.02.17-23.17.12:171][  0]LogWindows: Warning: URL: C:/Program Files/Git/bin/git.exe version
[2021.02.17-23.17.12:171][  0]LogWindows: Warning: CreateProc failed: The system cannot find the file specified. (0x00000002)
[2021.02.17-23.17.12:171][  0]LogWindows: Warning: URL: C:/Program Files (x86)/Git/bin/git.exe version
[2021.02.17-23.17.12:171][  0]LogWindows: Warning: CreateProc failed: The system cannot find the file specified. (0x00000002)
[2021.02.17-23.17.12:172][  0]LogWindows: Warning: URL: C:\Users\User\AppData\Local/Programs/Git/cmd/git.exe version
[2021.02.17-23.17.12:172][  0]LogWindows: Warning: CreateProc failed: The system cannot find the file specified. (0x00000002)
[2021.02.17-23.17.12:172][  0]LogWindows: Warning: URL: C:/Program Files (x86)/SmartGit/git/bin/git.exe version
[2021.02.17-23.17.12:172][  0]LogWindows: Warning: CreateProc failed: The system cannot find the file specified. (0x00000002)
[2021.02.17-23.17.12:172][  0]LogWindows: Warning: URL: C:/Program Files (x86)/SmartGit/bin/git.exe version
[2021.02.17-23.17.12:172][  0]LogWindows: Warning: CreateProc failed: The system cannot find the file specified. (0x00000002)
[2021.02.17-23.17.12:172][  0]LogWindows: Warning: URL: C:\Users\User\AppData\Local/Atlassian/SourceTree/git_local/bin/git.exe version
[2021.02.17-23.17.12:173][  0]LogWindows: Warning: CreateProc failed: The system cannot find the file specified. (0x00000002)
[2021.02.17-23.17.12:173][  0]LogWindows: Warning: URL: C:/Program Files (x86)/fournova/Tower/vendor/Git/bin/git.exe version
[2021.02.17-23.17.12:270][  0]LogWindows: Warning: CreateProc failed: The system cannot find the file specified. (0x00000002)
[2021.02.17-23.17.12:270][  0]LogWindows: Warning: URL: C:/Program Files/Git/bin/git.exe version
[2021.02.17-23.17.12:271][  0]LogWindows: Warning: CreateProc failed: The system cannot find the file specified. (0x00000002)
[2021.02.17-23.17.12:271][  0]LogWindows: Warning: URL: C:/Program Files (x86)/Git/bin/git.exe version
[2021.02.17-23.17.12:271][  0]LogWindows: Warning: CreateProc failed: The system cannot find the file specified. (0x00000002)
[2021.02.17-23.17.12:271][  0]LogWindows: Warning: URL: C:\Users\User\AppData\Local/Programs/Git/cmd/git.exe version
[2021.02.17-23.17.12:271][  0]LogWindows: Warning: CreateProc failed: The system cannot find the file specified. (0x00000002)
[2021.02.17-23.17.12:271][  0]LogWindows: Warning: URL: C:/Program Files (x86)/SmartGit/git/bin/git.exe version
[2021.02.17-23.17.12:271][  0]LogWindows: Warning: CreateProc failed: The system cannot find the file specified. (0x00000002)
[2021.02.17-23.17.12:271][  0]LogWindows: Warning: URL: C:/Program Files (x86)/SmartGit/bin/git.exe version
[2021.02.17-23.17.12:271][  0]LogWindows: Warning: CreateProc failed: The system cannot find the file specified. (0x00000002)
[2021.02.17-23.17.12:271][  0]LogWindows: Warning: URL: C:\Users\User\AppData\Local/Atlassian/SourceTree/git_local/bin/git.exe version
[2021.02.17-23.17.12:272][  0]LogWindows: Warning: CreateProc failed: The system cannot find the file specified. (0x00000002)
[2021.02.17-23.17.12:272][  0]LogWindows: Warning: URL: C:/Program Files (x86)/fournova/Tower/vendor/Git/bin/git.exe version
[2021.02.17-23.17.12:287][  0]LogWindows: Warning: CreateProc failed: The system cannot find the file specified. (0x00000002)
[2021.02.17-23.17.12:287][  0]LogWindows: Warning: URL: C:/Program Files/Git/bin/git.exe version
[2021.02.17-23.17.12:287][  0]LogWindows: Warning: CreateProc failed: The system cannot find the file specified. (0x00000002)
[2021.02.17-23.17.12:287][  0]LogWindows: Warning: URL: C:/Program Files (x86)/Git/bin/git.exe version
[2021.02.17-23.17.12:287][  0]LogWindows: Warning: CreateProc failed: The system cannot find the file specified. (0x00000002)
[2021.02.17-23.17.12:287][  0]LogWindows: Warning: URL: C:\Users\User\AppData\Local/Programs/Git/cmd/git.exe version
[2021.02.17-23.17.12:288][  0]LogWindows: Warning: CreateProc failed: The system cannot find the file specified. (0x00000002)
[2021.02.17-23.17.12:288][  0]LogWindows: Warning: URL: C:/Program Files (x86)/SmartGit/git/bin/git.exe version
[2021.02.17-23.17.12:288][  0]LogWindows: Warning: CreateProc failed: The system cannot find the file specified. (0x00000002)
[2021.02.17-23.17.12:288][  0]LogWindows: Warning: URL: C:/Program Files (x86)/SmartGit/bin/git.exe version
[2021.02.17-23.17.12:288][  0]LogWindows: Warning: CreateProc failed: The system cannot find the file specified. (0x00000002)
[2021.02.17-23.17.12:288][  0]LogWindows: Warning: URL: C:\Users\User\AppData\Local/Atlassian/SourceTree/git_local/bin/git.exe version
[2021.02.17-23.17.12:288][  0]LogWindows: Warning: CreateProc failed: The system cannot find the file specified. (0x00000002)
[2021.02.17-23.17.12:288][  0]LogWindows: Warning: URL: C:/Program Files (x86)/fournova/Tower/vendor/Git/bin/git.exe version
[2021.02.17-23.17.22:624][  0]LogAndroidPermission: UAndroidPermissionCallbackProxy::GetInstance
[2021.02.17-23.17.24:015][  0]LogAudioCaptureCore: Display: No Audio Capture implementations found. Audio input will be silent.
[2021.02.17-23.17.24:015][  0]LogAudioCaptureCore: Display: No Audio Capture implementations found. Audio input will be silent.
[2021.02.17-23.17.25:565][  0]LogOcInput: OculusInput pre-init called
[2021.02.17-23.17.25:900][  0]LogWindows: Failed to load 'OVRPlugin.dll' (GetLastError=126)
[2021.02.17-23.17.25:900][  0]LogWindows: File 'OVRPlugin.dll' does not exist
[2021.02.17-23.17.28:000][  0]LogEngine: Initializing Engine...
[2021.02.17-23.17.28:359][  0]LogHMD: Failed to initialize OpenVR with code 110
[2021.02.17-23.17.28:494][  0]LogMagicLeap: Warning: VR disabled because ZI is not enabled.  To enable, in the editor, Edit -> Project Settings -> Plugins -> Magic Leap Plugin -> Enable Zero Iteration
[2021.02.17-23.17.28:496][  0]LogStats: UGameplayTagsManager::InitializeManager -  0.000 s
[2021.02.17-23.17.29:523][  0]LogInit: Initializing FReadOnlyCVARCache
[2021.02.17-23.17.29:533][  0]LogAIModule: Creating AISystem for world Untitled
[2021.02.17-23.17.29:533][  0]LogAISub: UAISubsystem::UAISubsystem EnvQueryManager (000001F5AD43C600), frame # 0
[2021.02.17-23.17.29:533][  0]LogAISub: UAISubsystem::UAISubsystem AIPerceptionSystem (000001F5AD3FBB00), frame # 0
[2021.02.17-23.17.29:895][  0]LogAudioMixer: Display: Audio Mixer Platform Settings:
[2021.02.17-23.17.29:896][  0]LogAudioMixer: Display: 	Sample Rate:						  48000
[2021.02.17-23.17.29:896][  0]LogAudioMixer: Display: 	Callback Buffer Frame Size Requested: 1024
[2021.02.17-23.17.29:896][  0]LogAudioMixer: Display: 	Callback Buffer Frame Size To Use:	  1024
[2021.02.17-23.17.29:896][  0]LogAudioMixer: Display: 	Number of buffers to queue:			  2
[2021.02.17-23.17.29:896][  0]LogAudioMixer: Display: 	Max Channels (voices):				  32
[2021.02.17-23.17.29:896][  0]LogAudioMixer: Display: 	Number of Async Source Workers:		  0
[2021.02.17-23.17.29:896][  0]LogAudio: Display: AudioDevice MaxSources: 32
[2021.02.17-23.17.29:896][  0]LogAudio: Display: Using built-in audio occlusion.
[2021.02.17-23.17.29:896][  0]LogAudioMixer: Display: Initializing audio mixer.
[2021.02.17-23.17.30:411][  0]LogAudioMixer: Display: 0: FrontLeft
[2021.02.17-23.17.30:411][  0]LogAudioMixer: Display: 1: FrontRight
[2021.02.17-23.17.30:519][  0]LogAudioMixer: Display: Using Audio Device Speakers (Realtek High Definition Audio)
[2021.02.17-23.17.30:524][  0]LogAudioMixer: Display: Initializing Sound Submixes...
[2021.02.17-23.17.30:526][  0]LogAudioMixer: Display: Creating Master Submix 'MasterSubmixDefault'
[2021.02.17-23.17.30:526][  0]LogAudioMixer: Display: Creating Master Submix 'MasterReverbSubmixDefault'
[2021.02.17-23.17.30:528][  0]LogAudioMixer: Display: Creating Master Submix 'MasterEQSubmixDefault'
[2021.02.17-23.17.30:529][  0]LogInit: FAudioDevice initialized.
[2021.02.17-23.17.30:529][  0]LogNetVersion: Set ProjectVersion to 2.2.0.25. Version Checksum will be recalculated on next use.
[2021.02.17-23.17.30:531][  0]LogDerivedDataCache: Error: Could not save memory cache C:/Users/User/AppData/Local/UnrealEngine/4.25/DerivedDataCache/Boot.ddc.
[2021.02.17-23.17.30:537][  0]LogInit: Texture streaming: Enabled
[2021.02.17-23.17.32:009][  0]LogEngineSessionManager: EngineSessionManager initialized
[2021.02.17-23.17.32:009][  0]LogEditorSessionSummary: Verbose: Initializing EditorSessionSummaryWriter for editor session tracking
[2021.02.17-23.17.32:018][  0]LogEditorSessionSummary: EditorSessionSummaryWriter initialized
[2021.02.17-23.17.33:564][  0]LogInit: Transaction tracking system initialized
[2021.02.17-23.17.35:784][  0]BlueprintLog: New page: Editor Load
[2021.02.17-23.17.42:779][  0]LocalizationService: Localization service is disabled
[2021.02.17-23.17.50:377][  0]LogCook: Display: Max memory allowance for cook 16384mb min free memory 0mb
[2021.02.17-23.17.50:377][  0]LogCook: Display: Mobile HDR setting 1
[2021.02.17-23.17.51:057][  0]LogFileCache: Scanning file cache for directory 'D:/GP1/GP1/FPSGameStarterKit/Content/' took 0.30s
[2021.02.17-23.18.02:830][  0]LogWindows: Warning: CreateProc failed: The system cannot find the file specified. (0x00000002)
[2021.02.17-23.18.02:830][  0]LogWindows: Warning: URL: C:/Program Files/Git/bin/git.exe version
[2021.02.17-23.18.02:830][  0]LogWindows: Warning: CreateProc failed: The system cannot find the file specified. (0x00000002)
[2021.02.17-23.18.02:830][  0]LogWindows: Warning: URL: C:/Program Files (x86)/Git/bin/git.exe version
[2021.02.17-23.18.02:830][  0]LogWindows: Warning: CreateProc failed: The system cannot find the file specified. (0x00000002)
[2021.02.17-23.18.02:830][  0]LogWindows: Warning: URL: C:\Users\User\AppData\Local/Programs/Git/cmd/git.exe version
[2021.02.17-23.18.02:831][  0]LogWindows: Warning: CreateProc failed: The system cannot find the file specified. (0x00000002)
[2021.02.17-23.18.02:831][  0]LogWindows: Warning: URL: C:/Program Files (x86)/SmartGit/git/bin/git.exe version
[2021.02.17-23.18.02:831][  0]LogWindows: Warning: CreateProc failed: The system cannot find the file specified. (0x00000002)
[2021.02.17-23.18.02:831][  0]LogWindows: Warning: URL: C:/Program Files (x86)/SmartGit/bin/git.exe version
[2021.02.17-23.18.02:831][  0]LogWindows: Warning: CreateProc failed: The system cannot find the file specified. (0x00000002)
[2021.02.17-23.18.02:831][  0]LogWindows: Warning: URL: C:\Users\User\AppData\Local/Atlassian/SourceTree/git_local/bin/git.exe version
[2021.02.17-23.18.02:831][  0]LogWindows: Warning: CreateProc failed: The system cannot find the file specified. (0x00000002)
[2021.02.17-23.18.02:831][  0]LogWindows: Warning: URL: C:/Program Files (x86)/fournova/Tower/vendor/Git/bin/git.exe version
[2021.02.17-23.18.02:831][  0]LogUnrealEdMisc: Loading editor; pre map load, took 195.134
[2021.02.17-23.18.02:832][  0]Cmd: MAP LOAD FILE="../../../../../GP1/GP1/FPSGameStarterKit/Content/FPS_Game/Maps/Testing.umap" TEMPLATE=0 SHOWPROGRESS=1 FEATURELEVEL=3
[2021.02.17-23.18.06:648][  0]LightingResults: New page: Lighting Build
[2021.02.17-23.18.07:274][  0]LogWorld: UWorld::CleanupWorld for Untitled, bSessionEnded=true, bCleanupResources=true
[2021.02.17-23.18.07:274][  0]LogSlate: InvalidateAllWidgets triggered.  All widgets were invalidated
[2021.02.17-23.18.07:274][  0]MapCheck: New page: Map Check
[2021.02.17-23.18.07:274][  0]LightingResults: New page: Lighting Build
[2021.02.17-23.18.07:287][  0]LogAISub: UAISubsystem::~UAISubsystem EnvQueryManager (000001F5AD43C600), frame # 0
[2021.02.17-23.18.07:287][  0]LogAISub: UAISubsystem::~UAISubsystem AIPerceptionSystem (000001F5AD3FBB00), frame # 0
[2021.02.17-23.18.07:288][  0]LogUObjectHash: Compacting FUObjectHashTables data took   0.80ms
[2021.02.17-23.19.22:278][  0]LogAIModule: Creating AISystem for world Testing
[2021.02.17-23.19.22:278][  0]LogAISub: UAISubsystem::UAISubsystem EnvQueryManager (000001F5C96AB600), frame # 0
[2021.02.17-23.19.22:278][  0]LogAISub: UAISubsystem::UAISubsystem AIPerceptionSystem (000001F5C10ED580), frame # 0
[2021.02.17-23.19.31:215][  0]LogEditorServer: Finished looking for orphan Actors (0.000 secs)
[2021.02.17-23.19.32:124][  0]LogUObjectHash: Compacting FUObjectHashTables data took   3.64ms
[2021.02.17-23.19.32:125][  0]Cmd: MAP CHECKDEP NOCLEARLOG
[2021.02.17-23.19.32:125][  0]MapCheck: Map check complete: 0 Error(s), 0 Warning(s), took 0.127ms to complete.
[2021.02.17-23.19.32:125][  0]LogFileHelpers: Loading map 'Testing' took 89.294
[2021.02.17-23.19.32:167][  0]LogUnrealEdMisc: Total Editor Startup Time, took 284.470
[2021.02.17-23.19.42:630][  0]LogSlate: Updating window title bar state: overlay mode, drag disabled, window buttons hidden, title bar hidden
[2021.02.17-23.19.43:193][  0]LogSlate: Updating window title bar state: overlay mode, drag disabled, window buttons hidden, title bar hidden
[2021.02.17-23.19.43:205][  0]LogSlate: Updating window title bar state: overlay mode, drag disabled, window buttons hidden, title bar hidden
[2021.02.17-23.19.43:216][  0]LogSlate: Updating window title bar state: overlay mode, drag disabled, window buttons hidden, title bar hidden
[2021.02.17-23.19.44:182][  0]LogCollectionManager: Loaded 0 collections in 0.001169 seconds
[2021.02.17-23.19.48:771][  0]LogFileCache: Scanning file cache for directory 'D:/GP1/GP1/FPSGameStarterKit/Saved/Collections/' took 0.00s
[2021.02.17-23.19.48:771][  0]LogFileCache: Scanning file cache for directory 'D:/GP1/GP1/FPSGameStarterKit/Content/Developers/User/Collections/' took 0.00s
[2021.02.17-23.19.48:771][  0]LogFileCache: Scanning file cache for directory 'D:/GP1/GP1/FPSGameStarterKit/Content/Collections/' took 0.00s
[2021.02.17-23.19.48:771][  0]LogContentBrowser: Native class hierarchy populated in 0.1744 seconds. Added 3427 classes and 821 folders.
[2021.02.17-23.19.51:425][  0]LogContentBrowser: Native class hierarchy updated for 'WidgetCarousel' in 0.0004 seconds. Added 0 classes and 0 folders.
[2021.02.17-23.20.05:066][  0]LogContentBrowser: Native class hierarchy updated for 'AddContentDialog' in 0.0004 seconds. Added 0 classes and 0 folders.
[2021.02.17-23.20.06:348][  0]LogContentBrowser: Native class hierarchy updated for 'SceneOutliner' in 0.2311 seconds. Added 2 classes and 0 folders.
[2021.02.17-23.20.16:420][  0]LogSlate: Took 0.000323 seconds to synchronously load lazily loaded font '../../../Engine/Content/Slate/Fonts/Roboto-Regular.ttf' (155K)
[2021.02.17-23.20.16:909][  0]LogSlate: Took 0.000327 seconds to synchronously load lazily loaded font '../../../Engine/Content/Slate/Fonts/Roboto-Bold.ttf' (160K)
[2021.02.17-23.20.18:031][  0]LogSlate: Took 0.061859 seconds to synchronously load lazily loaded font '../../../Engine/Content/Editor/Slate/Fonts/FontAwesome.ttf' (139K)
[2021.02.17-23.20.25:547][  0]LogRenderer: Reallocating scene render targets to support 964x432 Format 10 NumSamples 1 (Frame:1).
[2021.02.17-23.20.37:289][  0]LogContentBrowser: Native class hierarchy updated for 'HierarchicalLODOutliner' in 0.0004 seconds. Added 0 classes and 0 folders.
[2021.02.17-23.20.37:289][  0]LogLoad: (Engine Initialization) Total time: 349.59 seconds
[2021.02.17-23.20.37:289][  0]LogLoad: (Engine Initialization) Total Blueprint compile time: 0.00 seconds
[2021.02.17-23.20.38:817][  0]LogContentStreaming: Texture pool size now 1000 MB
[2021.02.17-23.20.43:193][  1]LogSlate: Took 0.022987 seconds to synchronously load lazily loaded font '../../../Engine/Content/Slate/Fonts/Roboto-Light.ttf' (167K)
[2021.02.17-23.21.12:015][ 70]LogAssetRegistry: Error: Failed to open file for write ../../../../../GP1/GP1/FPSGameStarterKit/Intermediate/CachedAssetRegistry.bin
[2021.02.17-23.21.12:033][ 70]LogAssetRegistry: Asset discovery search completed in 270.2228 seconds
[2021.02.17-23.21.12:048][ 70]LogCollectionManager: Fixed up redirectors for 0 collections in 0.000035 seconds (updated 0 objects)
[2021.02.17-23.22.00:797][208]LogEditorViewport: Clicking on Actor (LMB): StaticMeshActor (Floor)
[2021.02.17-23.22.04:751][208]LogEditorViewport: Clicking on Actor (LMB): StaticMeshActor (Floor)
[2021.02.17-23.22.04:788][208]LogEditorViewport: Clicking on Actor (LMB): BP_Sky_Sphere_C (Sky Sphere)
[2021.02.17-23.22.23:277][820]LogPlayLevel: PlayLevel: No blueprints needed recompiling
[2021.02.17-23.22.23:459][820]PIE: New page: SIE session: Testing (Feb 17, 2021, 1:22:23 PM)
[2021.02.17-23.22.23:483][820]LogOnline: OSS: Creating online subsystem instance for: Null
[2021.02.17-23.22.23:495][820]LogOnline: OSS: TryLoadSubsystemAndSetDefault: Loaded subsystem for module [Null]
[2021.02.17-23.22.23:513][820]LogPlayLevel: Creating play world package: /Game/FPS_Game/Maps/UEDPIE_0_Testing
[2021.02.17-23.22.23:772][820]LogPlayLevel: PIE: StaticDuplicateObject took: (0.258125s)
[2021.02.17-23.22.23:795][820]LogAIModule: Creating AISystem for world Testing
[2021.02.17-23.22.23:795][820]LogAISub: UAISubsystem::UAISubsystem EnvQueryManager (000001F5BE2B8400), frame # 1820
[2021.02.17-23.22.23:795][820]LogAISub: UAISubsystem::UAISubsystem AIPerceptionSystem (000001F5C8F7FC40), frame # 1820
[2021.02.17-23.22.23:795][820]LogPlayLevel: PIE: World Init took: (0.022782s)
[2021.02.17-23.22.23:812][820]LogPlayLevel: PIE: Created PIE world by copying editor world from /Game/FPS_Game/Maps/Testing.Testing to /Game/FPS_Game/Maps/UEDPIE_0_Testing.Testing (0.298468s)
[2021.02.17-23.22.23:830][820]LogUObjectHash: Compacting FUObjectHashTables data took   1.52ms
[2021.02.17-23.22.23:836][820]LogAudioMixer: Display: Audio Mixer Platform Settings:
[2021.02.17-23.22.23:836][820]LogAudioMixer: Display: 	Sample Rate:						  48000
[2021.02.17-23.22.23:836][820]LogAudioMixer: Display: 	Callback Buffer Frame Size Requested: 1024
[2021.02.17-23.22.23:836][820]LogAudioMixer: Display: 	Callback Buffer Frame Size To Use:	  1024
[2021.02.17-23.22.23:836][820]LogAudioMixer: Display: 	Number of buffers to queue:			  2
[2021.02.17-23.22.23:836][820]LogAudioMixer: Display: 	Max Channels (voices):				  32
[2021.02.17-23.22.23:836][820]LogAudioMixer: Display: 	Number of Async Source Workers:		  0
[2021.02.17-23.22.23:836][820]LogAudio: Display: AudioDevice MaxSources: 32
[2021.02.17-23.22.23:836][820]LogAudio: Display: Using built-in audio occlusion.
[2021.02.17-23.22.23:836][820]LogAudioMixer: Display: Initializing audio mixer.
[2021.02.17-23.22.23:845][820]LogAudioMixer: Display: 0: FrontLeft
[2021.02.17-23.22.23:845][820]LogAudioMixer: Display: 1: FrontRight
[2021.02.17-23.22.23:900][820]LogAudioMixer: Display: Using Audio Device Speakers (Realtek High Definition Audio)
[2021.02.17-23.22.23:900][820]LogAudioMixer: Display: Initializing Sound Submixes...
[2021.02.17-23.22.23:900][820]LogAudioMixer: Display: Creating Master Submix 'MasterSubmixDefault'
[2021.02.17-23.22.23:900][820]LogAudioMixer: Display: Creating Master Submix 'MasterReverbSubmixDefault'
[2021.02.17-23.22.23:901][820]LogAudioMixer: Display: Creating Master Submix 'MasterEQSubmixDefault'
[2021.02.17-23.22.23:918][820]LogInit: FAudioDevice initialized.
[2021.02.17-23.22.23:999][820]LogLoad: Game class is 'BP_GameMode_C'
[2021.02.17-23.22.24:186][820]LogWorld: Bringing World /Game/FPS_Game/Maps/UEDPIE_0_Testing.Testing up for play (max tick rate 0) at 2021.02.17-18.22.24
[2021.02.17-23.22.24:484][820]LogWorld: Bringing up level for play took: 0.382852
[2021.02.17-23.22.24:503][820]LogOnline: OSS: Creating online subsystem instance for: :Context_2
[2021.02.17-23.22.24:653][820]LogContentBrowser: Native class hierarchy updated for 'MovieSceneCapture' in 0.0005 seconds. Added 20 classes and 0 folders.
[2021.02.17-23.22.24:988][820]PIE: Server logged in
[2021.02.17-23.22.24:998][820]PIE: Play in editor total start time 1.842 seconds.
[2021.02.17-23.22.43:688][457]LogWindows: Warning: CreateProc failed: Access is denied. (0x00000005)
[2021.02.17-23.22.43:688][457]LogWindows: Warning: URL: D:/Epic Games/UE_4.25/Engine/Binaries/Win64/ version
[2021.02.17-23.22.49:402][495]LogSlate: Window 'Source Control Login' being destroyed
[2021.02.17-23.23.01:779][956]Cmd: POLY SELECT MEMORY UNION
[2021.02.17-23.23.01:978][964]Cmd: POLY SELECT ADJACENT WALLS
[2021.02.17-23.24.21:978][ 30]Cmd: POLY SELECT MEMORY UNION
[2021.02.17-23.27.54:277][920]LogSlate: Updating window title bar state: overlay mode, drag disabled, window buttons hidden, title bar hidden
[2021.02.17-23.27.54:277][920]LogWorld: BeginTearingDown for /Game/FPS_Game/Maps/UEDPIE_0_Testing
[2021.02.17-23.27.54:278][920]LogWorld: UWorld::CleanupWorld for Testing, bSessionEnded=true, bCleanupResources=true
[2021.02.17-23.27.54:281][920]LogSlate: InvalidateAllWidgets triggered.  All widgets were invalidated
[2021.02.17-23.27.54:289][920]LogPlayLevel: Display: Shutting down PIE online subsystems
[2021.02.17-23.27.54:307][920]LogSlate: InvalidateAllWidgets triggered.  All widgets were invalidated
[2021.02.17-23.27.54:354][920]LogSlate: Updating window title bar state: overlay mode, drag disabled, window buttons hidden, title bar hidden
[2021.02.17-23.27.54:373][920]LogAISub: UAISubsystem::~UAISubsystem AIPerceptionSystem (000001F5C8F7FC40), frame # 7920
[2021.02.17-23.27.54:373][920]LogAISub: UAISubsystem::~UAISubsystem EnvQueryManager (000001F5BE2B8400), frame # 7920
[2021.02.17-23.27.54:377][920]LogUObjectHash: Compacting FUObjectHashTables data took   1.80ms
[2021.02.17-23.27.54:486][921]LogPlayLevel: Display: Destroying online subsystem :Context_2
[2021.02.17-23.29.27:032][167]MapCheck: New page: Map Check
[2021.02.17-23.29.27:241][167]Cmd: MAP REBUILD ALLVISIBLE
[2021.02.17-23.29.27:241][167]LogEditorServer: Rebuildmap Clear paths rebuilt
[2021.02.17-23.29.27:584][167]LogWorld: UWorld::CleanupWorld for Testing, bSessionEnded=true, bCleanupResources=false
[2021.02.17-23.29.27:995][167]LogNavigationDataBuild: Display: UNavigationSystemV1::Build started...
[2021.02.17-23.29.27:995][167]LogNavigationDataBuild: Display:    Building navigation data using PHYSICS_INTERFACE_PHYSX.
[2021.02.17-23.29.27:995][167]LogNavigationDataBuild: Display:    Building navigation data using WITH_PHYSX.
[2021.02.17-23.29.28:006][167]LogNavigationDataBuild: Display:    Building NavData:  Name Default class /Script/NavigationSystem.RecastNavMesh agent radius 35.0.
[2021.02.17-23.29.28:095][167]LogNavigationDataBuild: Display: UNavigationSystemV1::Build total execution time: 0.10s
[2021.02.17-23.29.28:171][167]LogUObjectHash: Compacting FUObjectHashTables data took   1.82ms
[2021.02.17-23.29.28:190][167]LogMaterial: Display: Missing cached shader map for material DebugViewMode MaterialTexCoordScale, compiling. 
[2021.02.17-23.29.28:297][167]LogMaterial: Display: Missing cached shader map for material DebugViewMode MaterialTexCoordScale, compiling. Is special engine material.
[2021.02.17-23.29.28:435][167]LogShaderCompilers: Display: Worker (1/5): shaders left to compile 2
[2021.02.17-23.29.28:435][167]LogShaderCompilers: Display: Worker (2/5): shaders left to compile 1
[2021.02.17-23.29.28:435][167]LogMaterial: Display: Missing cached shader map for material DebugViewMode MaterialTexCoordScale, compiling. 
[2021.02.17-23.29.28:437][167]LogMaterial: Display: Missing cached shader map for material DebugViewMode MaterialTexCoordScale, compiling. 
[2021.02.17-23.29.28:439][167]LogMaterial: Display: Missing cached shader map for material DebugViewMode MaterialTexCoordScale, compiling. 
[2021.02.17-23.29.28:441][167]LogMaterial: Display: Missing cached shader map for material DebugViewMode MaterialTexCoordScale, compiling. 
[2021.02.17-23.29.28:443][167]LogMaterial: Display: Missing cached shader map for material DebugViewMode MaterialTexCoordScale, compiling. 
[2021.02.17-23.29.28:445][167]LogMaterial: Display: Missing cached shader map for material DebugViewMode MaterialTexCoordScale, compiling. 
[2021.02.17-23.29.28:447][167]LogMaterial: Display: Missing cached shader map for material DebugViewMode MaterialTexCoordScale, compiling. 
[2021.02.17-23.29.28:450][167]LogMaterial: Display: Missing cached shader map for material DebugViewMode MaterialTexCoordScale, compiling. 
[2021.02.17-23.29.28:451][167]LogMaterial: Display: Missing cached shader map for material DebugViewMode MaterialTexCoordScale, compiling. 
[2021.02.17-23.29.28:453][167]LogMaterial: Display: Missing cached shader map for material DebugViewMode MaterialTexCoordScale, compiling. 
[2021.02.17-23.29.28:455][167]LogMaterial: Display: Missing cached shader map for material DebugViewMode MaterialTexCoordScale, compiling. 
[2021.02.17-23.29.28:457][167]LogMaterial: Display: Missing cached shader map for material DebugViewMode MaterialTexCoordScale, compiling. 
[2021.02.17-23.29.28:459][167]LogMaterial: Display: Missing cached shader map for material DebugViewMode MaterialTexCoordScale, compiling. 
[2021.02.17-23.29.28:461][167]LogMaterial: Display: Missing cached shader map for material DebugViewMode MaterialTexCoordScale, compiling. 
[2021.02.17-23.29.28:463][167]LogMaterial: Display: Missing cached shader map for material DebugViewMode MaterialTexCoordScale, compiling. 
[2021.02.17-23.29.28:465][167]LogMaterial: Display: Missing cached shader map for material DebugViewMode MaterialTexCoordScale, compiling. 
[2021.02.17-23.29.28:467][167]LogMaterial: Display: Missing cached shader map for material DebugViewMode MaterialTexCoordScale, compiling. 
[2021.02.17-23.29.28:469][167]LogMaterial: Display: Missing cached shader map for material DebugViewMode MaterialTexCoordScale, compiling. 
[2021.02.17-23.29.28:471][167]LogMaterial: Display: Missing cached shader map for material DebugViewMode MaterialTexCoordScale, compiling. 
[2021.02.17-23.29.28:473][167]LogMaterial: Display: Missing cached shader map for material DebugViewMode MaterialTexCoordScale, compiling. 
[2021.02.17-23.29.28:475][167]LogMaterial: Display: Missing cached shader map for material DebugViewMode MaterialTexCoordScale, compiling. 
[2021.02.17-23.29.28:480][167]LogMaterial: Display: Missing cached shader map for material DebugViewMode MaterialTexCoordScale, compiling. 
[2021.02.17-23.29.28:481][167]LogMaterial: Display: Missing cached shader map for material DebugViewMode MaterialTexCoordScale, compiling. 
[2021.02.17-23.29.28:483][167]LogMaterial: Display: Missing cached shader map for material DebugViewMode MaterialTexCoordScale, compiling. 
[2021.02.17-23.29.28:485][167]LogMaterial: Display: Missing cached shader map for material DebugViewMode MaterialTexCoordScale, compiling. 
[2021.02.17-23.29.28:487][167]LogMaterial: Display: Missing cached shader map for material DebugViewMode MaterialTexCoordScale, compiling. 
[2021.02.17-23.29.28:489][167]LogMaterial: Display: Missing cached shader map for material DebugViewMode MaterialTexCoordScale, compiling. 
[2021.02.17-23.29.28:490][167]LogMaterial: Display: Missing cached shader map for material DebugViewMode MaterialTexCoordScale, compiling. 
[2021.02.17-23.29.28:492][167]LogMaterial: Display: Missing cached shader map for material DebugViewMode MaterialTexCoordScale, compiling. 
[2021.02.17-23.29.28:494][167]LogMaterial: Display: Missing cached shader map for material DebugViewMode MaterialTexCoordScale, compiling. 
[2021.02.17-23.29.28:497][167]LogMaterial: Display: Missing cached shader map for material DebugViewMode MaterialTexCoordScale, compiling. 
[2021.02.17-23.29.28:499][167]LogMaterial: Display: Missing cached shader map for material DebugViewMode MaterialTexCoordScale, compiling. 
[2021.02.17-23.29.28:503][167]LogMaterial: Display: Missing cached shader map for material DebugViewMode MaterialTexCoordScale, compiling. 
[2021.02.17-23.29.28:505][167]LogMaterial: Display: Missing cached shader map for material DebugViewMode MaterialTexCoordScale, compiling. 
[2021.02.17-23.29.28:507][167]LogMaterial: Display: Missing cached shader map for material DebugViewMode MaterialTexCoordScale, compiling. 
[2021.02.17-23.29.28:509][167]LogMaterial: Display: Missing cached shader map for material DebugViewMode MaterialTexCoordScale, compiling. 
[2021.02.17-23.29.28:511][167]LogMaterial: Display: Missing cached shader map for material DebugViewMode MaterialTexCoordScale, compiling. 
[2021.02.17-23.29.28:513][167]LogMaterial: Display: Missing cached shader map for material DebugViewMode MaterialTexCoordScale, compiling. 
[2021.02.17-23.29.28:515][167]LogMaterial: Display: Missing cached shader map for material DebugViewMode MaterialTexCoordScale, compiling. 
[2021.02.17-23.29.41:131][167]LogShaderCompilers: Display: Worker (3/5): shaders left to compile 128
[2021.02.17-23.29.41:131][167]LogShaderCompilers: Display: Worker (4/5): shaders left to compile 127
[2021.02.17-23.29.41:131][167]LogShaderCompilers: Display: Worker (2/5): shaders left to compile 126
[2021.02.17-23.29.41:131][167]LogShaderCompilers: Display: Worker (4/5): shaders left to compile 125
[2021.02.17-23.29.41:132][167]LogShaderCompilers: Display: Worker (3/5): shaders left to compile 124
[2021.02.17-23.29.41:132][167]LogShaderCompilers: Display: Worker (1/5): shaders left to compile 123
[2021.02.17-23.29.41:132][167]LogShaderCompilers: Display: Worker (2/5): shaders left to compile 122
[2021.02.17-23.29.41:132][167]LogShaderCompilers: Display: Worker (4/5): shaders left to compile 121
[2021.02.17-23.29.41:132][167]LogShaderCompilers: Display: Worker (3/5): shaders left to compile 120
[2021.02.17-23.29.41:132][167]LogShaderCompilers: Display: Worker (1/5): shaders left to compile 119
[2021.02.17-23.29.41:132][167]LogShaderCompilers: Display: Worker (4/5): shaders left to compile 118
[2021.02.17-23.29.41:132][167]LogShaderCompilers: Display: Worker (2/5): shaders left to compile 117
[2021.02.17-23.29.41:132][167]LogShaderCompilers: Display: Worker (1/5): shaders left to compile 116
[2021.02.17-23.29.41:132][167]LogShaderCompilers: Display: Worker (3/5): shaders left to compile 115
[2021.02.17-23.29.41:132][167]LogShaderCompilers: Display: Worker (2/5): shaders left to compile 114
[2021.02.17-23.29.41:132][167]LogShaderCompilers: Display: Worker (4/5): shaders left to compile 113
[2021.02.17-23.29.41:132][167]LogShaderCompilers: Display: Worker (3/5): shaders left to compile 112
[2021.02.17-23.29.41:132][167]LogShaderCompilers: Display: Worker (1/5): shaders left to compile 111
[2021.02.17-23.29.41:132][167]LogShaderCompilers: Display: Worker (4/5): shaders left to compile 110
[2021.02.17-23.29.41:132][167]LogShaderCompilers: Display: Worker (2/5): shaders left to compile 109
[2021.02.17-23.29.41:132][167]LogShaderCompilers: Display: Worker (3/5): shaders left to compile 108
[2021.02.17-23.29.41:132][167]LogShaderCompilers: Display: Worker (1/5): shaders left to compile 107
[2021.02.17-23.29.41:132][167]LogShaderCompilers: Display: Worker (4/5): shaders left to compile 106
[2021.02.17-23.29.41:132][167]LogShaderCompilers: Display: Worker (2/5): shaders left to compile 105
[2021.02.17-23.29.41:132][167]LogShaderCompilers: Display: Worker (1/5): shaders left to compile 104
[2021.02.17-23.29.41:132][167]LogShaderCompilers: Display: Worker (3/5): shaders left to compile 103
[2021.02.17-23.29.41:132][167]LogShaderCompilers: Display: Worker (2/5): shaders left to compile 102
[2021.02.17-23.29.41:132][167]LogShaderCompilers: Display: Worker (4/5): shaders left to compile 101
[2021.02.17-23.29.41:132][167]LogShaderCompilers: Display: Worker (1/5): shaders left to compile 100
[2021.02.17-23.29.41:132][167]LogShaderCompilers: Display: Worker (3/5): shaders left to compile 99
[2021.02.17-23.29.41:132][167]LogShaderCompilers: Display: Worker (2/5): shaders left to compile 98
[2021.02.17-23.29.41:132][167]LogShaderCompilers: Display: Worker (4/5): shaders left to compile 97
[2021.02.17-23.29.41:132][167]LogShaderCompilers: Display: Worker (4/5): shaders left to compile 96
[2021.02.17-23.29.41:132][167]LogShaderCompilers: Display: Worker (3/5): shaders left to compile 95
[2021.02.17-23.29.41:132][167]LogShaderCompilers: Display: Worker (1/5): shaders left to compile 94
[2021.02.17-23.29.41:132][167]LogShaderCompilers: Display: Worker (2/5): shaders left to compile 93
[2021.02.17-23.29.41:132][167]LogShaderCompilers: Display: Worker (3/5): shaders left to compile 92
[2021.02.17-23.29.41:132][167]LogShaderCompilers: Display: Worker (4/5): shaders left to compile 91
[2021.02.17-23.29.41:132][167]LogShaderCompilers: Display: Worker (2/5): shaders left to compile 90
[2021.02.17-23.29.41:132][167]LogShaderCompilers: Display: Worker (1/5): shaders left to compile 89
[2021.02.17-23.29.41:132][167]LogShaderCompilers: Display: Worker (4/5): shaders left to compile 88
[2021.02.17-23.29.41:132][167]LogShaderCompilers: Display: Worker (3/5): shaders left to compile 87
[2021.02.17-23.29.41:132][167]LogShaderCompilers: Display: Worker (1/5): shaders left to compile 86
[2021.02.17-23.29.41:132][167]LogShaderCompilers: Display: Worker (2/5): shaders left to compile 85
[2021.02.17-23.29.41:132][167]LogShaderCompilers: Display: Worker (2/5): shaders left to compile 84
[2021.02.17-23.29.41:132][167]LogShaderCompilers: Display: Worker (4/5): shaders left to compile 83
[2021.02.17-23.29.41:132][167]LogShaderCompilers: Display: Worker (1/5): shaders left to compile 82
[2021.02.17-23.29.41:132][167]LogShaderCompilers: Display: Worker (3/5): shaders left to compile 81
[2021.02.17-23.29.41:132][167]LogShaderCompilers: Display: Worker (4/5): shaders left to compile 80
[2021.02.17-23.29.41:132][167]LogShaderCompilers: Display: Worker (2/5): shaders left to compile 79
[2021.02.17-23.29.41:132][167]LogShaderCompilers: Display: Worker (3/5): shaders left to compile 78
[2021.02.17-23.29.41:132][167]LogShaderCompilers: Display: Worker (1/5): shaders left to compile 77
[2021.02.17-23.29.41:132][167]LogShaderCompilers: Display: Worker (3/5): shaders left to compile 76
[2021.02.17-23.29.41:133][167]LogShaderCompilers: Display: Worker (4/5): shaders left to compile 75
[2021.02.17-23.29.41:133][167]LogShaderCompilers: Display: Worker (3/5): shaders left to compile 74
[2021.02.17-23.29.41:133][167]LogShaderCompilers: Display: Worker (2/5): shaders left to compile 73
[2021.02.17-23.29.41:133][167]LogShaderCompilers: Display: Worker (1/5): shaders left to compile 72
[2021.02.17-23.29.41:133][167]LogShaderCompilers: Display: Worker (4/5): shaders left to compile 71
[2021.02.17-23.29.41:133][167]LogShaderCompilers: Display: Worker (3/5): shaders left to compile 70
[2021.02.17-23.29.41:133][167]LogShaderCompilers: Display: Worker (1/5): shaders left to compile 69
[2021.02.17-23.29.41:133][167]LogShaderCompilers: Display: Worker (2/5): shaders left to compile 68
[2021.02.17-23.29.41:133][167]LogShaderCompilers: Display: Worker (3/5): shaders left to compile 67
[2021.02.17-23.29.41:133][167]LogShaderCompilers: Display: Worker (4/5): shaders left to compile 66
[2021.02.17-23.29.41:133][167]LogShaderCompilers: Display: Worker (1/5): shaders left to compile 65
[2021.02.17-23.29.41:133][167]LogShaderCompilers: Display: Worker (2/5): shaders left to compile 64
[2021.02.17-23.29.41:133][167]LogShaderCompilers: Display: Worker (3/5): shaders left to compile 63
[2021.02.17-23.29.41:133][167]LogShaderCompilers: Display: Worker (1/5): shaders left to compile 62
[2021.02.17-23.29.41:133][167]LogShaderCompilers: Display: Worker (2/5): shaders left to compile 61
[2021.02.17-23.29.41:133][167]LogShaderCompilers: Display: Worker (4/5): shaders left to compile 60
[2021.02.17-23.29.41:133][167]LogShaderCompilers: Display: Worker (3/5): shaders left to compile 59
[2021.02.17-23.29.41:133][167]LogShaderCompilers: Display: Worker (1/5): shaders left to compile 58
[2021.02.17-23.29.41:133][167]LogShaderCompilers: Display: Worker (4/5): shaders left to compile 57
[2021.02.17-23.29.41:133][167]LogShaderCompilers: Display: Worker (2/5): shaders left to compile 56
[2021.02.17-23.29.41:133][167]LogShaderCompilers: Display: Worker (1/5): shaders left to compile 55
[2021.02.17-23.29.41:133][167]LogShaderCompilers: Display: Worker (3/5): shaders left to compile 54
[2021.02.17-23.29.41:133][167]LogShaderCompilers: Display: Worker (2/5): shaders left to compile 53
[2021.02.17-23.29.41:133][167]LogShaderCompilers: Display: Worker (4/5): shaders left to compile 52
[2021.02.17-23.29.41:133][167]LogShaderCompilers: Display: Worker (3/5): shaders left to compile 51
[2021.02.17-23.29.41:133][167]LogShaderCompilers: Display: Worker (1/5): shaders left to compile 50
[2021.02.17-23.29.41:133][167]LogShaderCompilers: Display: Worker (2/5): shaders left to compile 49
[2021.02.17-23.29.41:133][167]LogShaderCompilers: Display: Worker (4/5): shaders left to compile 48
[2021.02.17-23.29.41:133][167]LogShaderCompilers: Display: Worker (1/5): shaders left to compile 47
[2021.02.17-23.29.41:133][167]LogShaderCompilers: Display: Worker (3/5): shaders left to compile 46
[2021.02.17-23.29.41:133][167]LogShaderCompilers: Display: Worker (2/5): shaders left to compile 45
[2021.02.17-23.29.41:134][167]LogShaderCompilers: Display: Worker (3/5): shaders left to compile 44
[2021.02.17-23.29.41:134][167]LogShaderCompilers: Display: Worker (1/5): shaders left to compile 43
[2021.02.17-23.29.41:134][167]LogShaderCompilers: Display: Worker (4/5): shaders left to compile 42
[2021.02.17-23.29.41:134][167]LogShaderCompilers: Display: Worker (2/5): shaders left to compile 41
[2021.02.17-23.29.41:134][167]LogShaderCompilers: Display: Worker (4/5): shaders left to compile 40
[2021.02.17-23.29.41:134][167]LogShaderCompilers: Display: Worker (3/5): shaders left to compile 39
[2021.02.17-23.29.41:134][167]LogShaderCompilers: Display: Worker (1/5): shaders left to compile 38
[2021.02.17-23.29.41:134][167]LogShaderCompilers: Display: Worker (4/5): shaders left to compile 37
[2021.02.17-23.29.41:134][167]LogShaderCompilers: Display: Worker (2/5): shaders left to compile 36
[2021.02.17-23.29.41:134][167]LogShaderCompilers: Display: Worker (3/5): shaders left to compile 35
[2021.02.17-23.29.41:134][167]LogShaderCompilers: Display: Worker (1/5): shaders left to compile 34
[2021.02.17-23.29.41:134][167]LogShaderCompilers: Display: Worker (2/5): shaders left to compile 33
[2021.02.17-23.29.41:134][167]LogShaderCompilers: Display: Worker (4/5): shaders left to compile 32
[2021.02.17-23.29.41:134][167]LogShaderCompilers: Display: Worker (1/5): shaders left to compile 31
[2021.02.17-23.29.41:134][167]LogShaderCompilers: Display: Worker (3/5): shaders left to compile 30
[2021.02.17-23.29.41:134][167]LogShaderCompilers: Display: Worker (4/5): shaders left to compile 29
[2021.02.17-23.29.41:134][167]LogShaderCompilers: Display: Worker (2/5): shaders left to compile 28
[2021.02.17-23.29.41:134][167]LogShaderCompilers: Display: Worker (3/5): shaders left to compile 27
[2021.02.17-23.29.41:134][167]LogShaderCompilers: Display: Worker (1/5): shaders left to compile 26
[2021.02.17-23.29.41:134][167]LogShaderCompilers: Display: Worker (2/5): shaders left to compile 25
[2021.02.17-23.29.41:134][167]LogShaderCompilers: Display: Worker (4/5): shaders left to compile 24
[2021.02.17-23.29.41:134][167]LogShaderCompilers: Display: Worker (3/5): shaders left to compile 23
[2021.02.17-23.29.41:134][167]LogShaderCompilers: Display: Worker (1/5): shaders left to compile 22
[2021.02.17-23.29.41:134][167]LogShaderCompilers: Display: Worker (4/5): shaders left to compile 21
[2021.02.17-23.29.41:135][167]LogShaderCompilers: Display: Worker (2/5): shaders left to compile 20
[2021.02.17-23.29.41:135][167]LogShaderCompilers: Display: Worker (1/5): shaders left to compile 19
[2021.02.17-23.29.41:135][167]LogShaderCompilers: Display: Worker (3/5): shaders left to compile 18
[2021.02.17-23.29.41:135][167]LogShaderCompilers: Display: Worker (2/5): shaders left to compile 17
[2021.02.17-23.29.41:135][167]LogShaderCompilers: Display: Worker (4/5): shaders left to compile 16
[2021.02.17-23.29.41:135][167]LogShaderCompilers: Display: Worker (1/5): shaders left to compile 15
[2021.02.17-23.29.41:135][167]LogShaderCompilers: Display: Worker (3/5): shaders left to compile 14
[2021.02.17-23.29.41:135][167]LogShaderCompilers: Display: Worker (2/5): shaders left to compile 13
[2021.02.17-23.29.41:135][167]LogShaderCompilers: Display: Worker (3/5): shaders left to compile 12
[2021.02.17-23.29.41:135][167]LogShaderCompilers: Display: Worker (4/5): shaders left to compile 11
[2021.02.17-23.29.41:135][167]LogShaderCompilers: Display: Worker (1/5): shaders left to compile 10
[2021.02.17-23.29.41:135][167]LogShaderCompilers: Display: Worker (3/5): shaders left to compile 9
[2021.02.17-23.29.41:135][167]LogShaderCompilers: Display: Worker (1/5): shaders left to compile 8
[2021.02.17-23.29.41:135][167]LogShaderCompilers: Display: Worker (2/5): shaders left to compile 7
[2021.02.17-23.29.41:135][167]LogShaderCompilers: Display: Worker (4/5): shaders left to compile 6
[2021.02.17-23.29.41:135][167]LogShaderCompilers: Display: Worker (1/5): shaders left to compile 5
[2021.02.17-23.29.41:135][167]LogShaderCompilers: Display: Worker (3/5): shaders left to compile 4
[2021.02.17-23.29.41:135][167]LogShaderCompilers: Display: Worker (2/5): shaders left to compile 3
[2021.02.17-23.29.41:135][167]LogShaderCompilers: Display: Worker (4/5): shaders left to compile 2
[2021.02.17-23.29.41:135][167]LogShaderCompilers: Display: Worker (3/5): shaders left to compile 1
[2021.02.17-23.29.41:135][167]TextureStreamingBuild: Display: Compiling optional shaders took 12.948 seconds.
[2021.02.17-23.29.41:385][167]LogLevel: Display: Export Material TexCoord Scales took 0.250 seconds.
[2021.02.17-23.29.41:401][167]TextureStreamingBuild: Display: Build Texture Streaming took 0.016 seconds.
[2021.02.17-23.29.41:416][167]LogUObjectHash: Compacting FUObjectHashTables data took   0.59ms
[2021.02.17-23.29.41:448][167]LogEditorBuildUtils: Build time 0:14
[2021.02.17-23.29.41:727][173]LogEditorViewport: Clicking on Actor (LMB): Landscape (Landscape)
[2021.02.17-23.35.59:573][698]LogSlate: Took 0.000250 seconds to synchronously load lazily loaded font '../../../Engine/Content/Slate/Fonts/Roboto-Light.ttf' (167K)
[2021.02.17-23.36.08:719][725]LogUObjectHash: Compacting FUObjectHashTables data took   1.71ms
[2021.02.17-23.36.08:725][725]Cmd: OBJ SAVEPACKAGE PACKAGE="/Game/FPS_Game/Maps/Testing" FILE="../../../../../GP1/GP1/FPSGameStarterKit/Saved/Autosaves/Game/FPS_Game/Maps/Testing_Auto1.umap" SILENT=true AUTOSAVING=true KEEPDIRTY=false
[2021.02.17-23.36.09:358][725]LogSavePackage: Moving '../../../../../GP1/GP1/FPSGameStarterKit/Saved/Testing_Auto17CB5DA144FC3555B8EE7F0B9B50FE12F.tmp' to '../../../../../GP1/GP1/FPSGameStarterKit/Saved/Autosaves/Game/FPS_Game/Maps/Testing_Auto1.umap'
[2021.02.17-23.36.09:363][725]LogFileHelpers: Editor autosave (incl. sublevels) for '/Game/FPS_Game/Maps/Testing' took 0.662
[2021.02.17-23.36.09:363][725]LogFileHelpers: Editor autosave (incl. sublevels) for all levels took 0.662
[2021.02.17-23.46.09:806][513]LogUObjectHash: Compacting FUObjectHashTables data took   0.88ms
[2021.02.17-23.46.09:811][513]LogFileHelpers: Editor autosave (incl. sublevels) for '/Game/FPS_Game/Maps/Testing' took 0.025
[2021.02.17-23.51.57:288][552]LogTemp: Resetting audio stream to device id 
[2021.02.18-02.39.02:077][552]LogAudioMixer: Display: 0: FrontLeft
[2021.02.18-02.39.02:077][552]LogAudioMixer: Display: 1: FrontRight
[2021.02.18-02.39.07:825][553]LogTemp: Resetting audio stream to device id 
[2021.02.18-02.39.10:034][553]LogAudioMixer: Display: 0: FrontLeft
[2021.02.18-02.39.10:034][553]LogAudioMixer: Display: 1: FrontRight
[2021.02.18-02.39.10:582][554]LogTemp: Resetting audio stream to device id 
[2021.02.18-02.39.10:641][554]LogAudioMixer: Display: 0: FrontLeft
[2021.02.18-02.39.10:641][554]LogAudioMixer: Display: 1: FrontRight
[2021.02.18-02.39.12:273][560]LogHttp: Warning: 000001F5C8E6F200: invalid HTTP response code received. URL: https://datarouter.ol.epicgames.com/datarouter/api/v1/public/data?SessionID=%7BECEC7A0C-47B6-7A20-FD06-E5BE987758AE%7D&AppID=UEEditor.Rocket.Release&AppVersion=4.25.4-14469661%2B%2B%2BUE4%2BRelease-4.25&UserID=7bbe3b8f4ca36160e6ac9681229e6c5b%7C0d3f808d055e4d75ab2e32c830402512%7Ca183136b-61e7-498d-9542-144e357d60c3&AppEnvironment=datacollector-source&UploadType=eteventstream, HTTP code: 0, content length: 0, actual payload size: 0
[2021.02.18-02.39.12:273][560]LogHttp: Warning: 000001F5C8E6F200: request failed, libcurl error: 56 (Failure when receiving data from the peer)
[2021.02.18-02.39.12:273][560]LogHttp: Warning: 000001F5C8E6F200: libcurl info message cache 0 (Found bundle for host datarouter.ol.epicgames.com: 0x1f5e9ceff70 [can pipeline])
[2021.02.18-02.39.12:273][560]LogHttp: Warning: 000001F5C8E6F200: libcurl info message cache 1 (Re-using existing connection! (#14) with host datarouter.ol.epicgames.com)
[2021.02.18-02.39.12:273][560]LogHttp: Warning: 000001F5C8E6F200: libcurl info message cache 2 (Connected to datarouter.ol.epicgames.com (23.21.140.195) port 443 (#14))
[2021.02.18-02.39.12:273][560]LogHttp: Warning: 000001F5C8E6F200: libcurl info message cache 3 (We are completely uploaded and fine)
[2021.02.18-02.39.12:273][560]LogHttp: Warning: 000001F5C8E6F200: libcurl info message cache 4 (OpenSSL SSL_read: SSL_ERROR_SYSCALL, errno 10054)
[2021.02.18-02.39.12:273][560]LogHttp: Warning: 000001F5C8E6F200: libcurl info message cache 5 (Connection died, retrying a fresh connect)
[2021.02.18-02.39.12:273][560]LogHttp: Warning: 000001F5C8E6F200: libcurl info message cache 6 (necessary data rewind wasn't possible)
[2021.02.18-02.39.12:273][560]LogHttp: Warning: 000001F5C8E6F200: libcurl info message cache 7 (Closing connection 14)
[2021.02.18-02.39.12:273][560]LogHttp: Warning: Retry exhausted on https://datarouter.ol.epicgames.com/datarouter/api/v1/public/data?SessionID=%7BECEC7A0C-47B6-7A20-FD06-E5BE987758AE%7D&AppID=UEEditor.Rocket.Release&AppVersion=4.25.4-14469661%2B%2B%2BUE4%2BRelease-4.25&UserID=7bbe3b8f4ca36160e6ac9681229e6c5b%7C0d3f808d055e4d75ab2e32c830402512%7Ca183136b-61e7-498d-9542-144e357d60c3&AppEnvironment=datacollector-source&UploadType=eteventstream
[2021.02.18-02.39.18:074][576]LogUObjectHash: Compacting FUObjectHashTables data took   1.01ms
[2021.02.18-02.39.18:078][576]LogFileHelpers: Editor autosave (incl. sublevels) for '/Game/FPS_Game/Maps/Testing' took 0.021
[2021.02.18-02.39.56:495][691]LogAudioMixer: Warning: Changing default audio render device to new device: {0.0.0.00000000}.{1b2337e1-5184-4d66-8fa2-04fb0fafc6a4}.
[2021.02.18-02.39.56:495][691]LogTemp: Resetting audio stream to device id 
[2021.02.18-02.39.56:539][691]LogAudioMixer: Display: 0: FrontLeft
[2021.02.18-02.39.56:539][691]LogAudioMixer: Display: 1: FrontRight
[2021.02.18-02.40.02:856][710]LogAudioMixer: Warning: Changing default audio render device to new device: {0.0.0.00000000}.{8d1b7ceb-3f72-4ebb-b3c5-794f4f5f89d4}.
[2021.02.18-02.40.02:856][710]LogTemp: Resetting audio stream to device id 
[2021.02.18-02.40.03:001][710]LogAudioMixer: Display: 0: FrontLeft
[2021.02.18-02.40.03:001][710]LogAudioMixer: Display: 1: FrontRight
