Log file open, 02/18/21 12:33:58
LogInit: Display: Running engine for game: FPSGameStarterKit
LogPlatformFile: Not using cached read wrapper
LogTaskGraph: Started task graph with 5 named threads and 23 total threads with 3 sets of task threads.
LogStats: Stats thread started at 0.427568
LogD3D11RHI: Loaded GFSDK_Aftermath_Lib.x64.dll
LogICUInternationalization: ICU TimeZone Detection - Raw Offset: -5:00, Platform Override: ''
LogPluginManager: Mounting plugin Paper2D
LogPluginManager: Mounting plugin AISupport
LogPluginManager: Mounting plugin LightPropagationVolume
LogPluginManager: Mounting plugin CameraShakePreviewer
LogPluginManager: Mounting plugin ActorLayerUtilities
LogPluginManager: Mounting plugin AnimationSharing
LogPluginManager: Mounting plugin CLionSourceCodeAccess
LogPluginManager: Mounting plugin CodeLiteSourceCodeAccess
LogPluginManager: Mounting plugin GitSourceControl
LogPluginManager: Mounting plugin KDevelopSourceCodeAccess
LogPluginManager: Mounting plugin NullSourceCodeAccess
LogPluginManager: Mounting plugin PerforceSourceControl
LogPluginManager: Mounting plugin PlasticSourceControl
LogPluginManager: Mounting plugin RiderSourceCodeAccess
LogPluginManager: Mounting plugin SubversionSourceControl
LogPluginManager: Mounting plugin UObjectPlugin
LogPluginManager: Mounting plugin VisualStudioCodeSourceCodeAccess
LogPluginManager: Mounting plugin VisualStudioSourceCodeAccess
LogPluginManager: Mounting plugin XCodeSourceCodeAccess
LogPluginManager: Mounting plugin AssetManagerEditor
LogPluginManager: Mounting plugin CryptoKeys
LogPluginManager: Mounting plugin CurveEditorTools
LogPluginManager: Mounting plugin DataValidation
LogPluginManager: Mounting plugin EditorScriptingUtilities
LogPluginManager: Mounting plugin FacialAnimation
LogPluginManager: Mounting plugin GameplayTagsEditor
LogPluginManager: Mounting plugin GeometryMode
LogPluginManager: Mounting plugin MacGraphicsSwitching
LogPluginManager: Mounting plugin MaterialAnalyzer
LogPluginManager: Mounting plugin MobileLauncherProfileWizard
LogPluginManager: Mounting plugin PluginBrowser
LogPluginManager: Mounting plugin SpeedTreeImporter
LogPluginManager: Mounting plugin DatasmithContent
LogPluginManager: Mounting plugin VariantManagerContent
LogPluginManager: Mounting plugin AlembicImporter
LogPluginManager: Mounting plugin AutomationUtils
LogPluginManager: Mounting plugin BackChannel
LogPluginManager: Mounting plugin ChaosCloth
LogPluginManager: Mounting plugin ChaosClothEditor
LogPluginManager: Mounting plugin ChaosEditor
LogPluginManager: Mounting plugin ChaosNiagara
LogPluginManager: Mounting plugin ChaosSolverPlugin
LogPluginManager: Mounting plugin CharacterAI
LogPluginManager: Mounting plugin GeometryCache
LogPluginManager: Mounting plugin GeometryCollectionPlugin
LogPluginManager: Mounting plugin GeometryProcessing
LogPluginManager: Mounting plugin PlanarCut
LogPluginManager: Mounting plugin PlatformCrypto
LogPluginManager: Mounting plugin ProxyLODPlugin
LogPluginManager: Mounting plugin SkeletalReduction
LogPluginManager: Mounting plugin Niagara
LogPluginManager: Mounting plugin MagicLeap
LogPluginManager: Mounting plugin MagicLeapLightEstimation
LogPluginManager: Mounting plugin MagicLeapMedia
LogPluginManager: Mounting plugin MagicLeapPassableWorld
LogPluginManager: Mounting plugin MLSDK
LogPluginManager: Mounting plugin AndroidMedia
LogPluginManager: Mounting plugin AvfMedia
LogPluginManager: Mounting plugin ImgMedia
LogPluginManager: Mounting plugin MediaCompositing
LogPluginManager: Mounting plugin MediaPlayerEditor
LogPluginManager: Mounting plugin WebMMedia
LogPluginManager: Mounting plugin WmfMedia
LogPluginManager: Mounting plugin MeshPainting
LogPluginManager: Mounting plugin TcpMessaging
LogPluginManager: Mounting plugin UdpMessaging
LogPluginManager: Mounting plugin ActorSequence
LogPluginManager: Mounting plugin LevelSequenceEditor
LogPluginManager: Mounting plugin MatineeToLevelSequence
LogPluginManager: Mounting plugin MovieRenderPipeline
LogPluginManager: Mounting plugin TemplateSequence
LogPluginManager: Mounting plugin NetcodeUnitTest
LogPluginManager: Mounting plugin NUTUnrealEngine4
LogPluginManager: Mounting plugin OnlineSubsystemGooglePlay
LogPluginManager: Mounting plugin OnlineSubsystemIOS
LogPluginManager: Mounting plugin OnlineSubsystem
LogPluginManager: Mounting plugin OnlineSubsystemNull
LogPluginManager: Mounting plugin OnlineSubsystemUtils
LogPluginManager: Mounting plugin LauncherChunkInstaller
LogPluginManager: Mounting plugin AndroidDeviceProfileSelector
LogPluginManager: Mounting plugin AndroidMoviePlayer
LogPluginManager: Mounting plugin AndroidPermission
LogPluginManager: Mounting plugin AppleImageUtils
LogPluginManager: Mounting plugin AppleMoviePlayer
LogPluginManager: Mounting plugin ArchVisCharacter
LogPluginManager: Mounting plugin AssetTags
LogPluginManager: Mounting plugin AudioCapture
LogPluginManager: Mounting plugin CableComponent
LogPluginManager: Mounting plugin CustomMeshComponent
LogPluginManager: Mounting plugin EditableMesh
LogPluginManager: Mounting plugin ExampleDeviceProfileSelector
LogPluginManager: Mounting plugin GoogleCloudMessaging
LogPluginManager: Mounting plugin GooglePAD
LogPluginManager: Mounting plugin IOSDeviceProfileSelector
LogPluginManager: Mounting plugin LinuxDeviceProfileSelector
LogPluginManager: Mounting plugin LocationServicesBPLibrary
LogPluginManager: Mounting plugin MobilePatchingUtils
LogPluginManager: Mounting plugin OculusVR
LogPluginManager: Mounting plugin PhysXVehicles
LogPluginManager: Mounting plugin PostSplashScreen
LogPluginManager: Mounting plugin ProceduralMeshComponent
LogPluginManager: Mounting plugin RuntimePhysXCooking
LogPluginManager: Mounting plugin SignificanceManager
LogPluginManager: Mounting plugin SoundFields
LogPluginManager: Mounting plugin SteamVR
LogPluginManager: Mounting plugin Synthesis
LogPluginManager: Mounting plugin WebMMoviePlayer
LogPluginManager: Mounting plugin WindowsMoviePlayer
LogPluginManager: Mounting plugin ScreenshotTools
LogInit: Using libcurl 7.55.1-DEV
LogInit:  - built for x86_64-pc-win32
LogInit:  - supports SSL with OpenSSL/1.1.1
LogInit:  - supports HTTP deflate (compression) using libz 1.2.8
LogInit:  - other features:
LogInit:      CURL_VERSION_SSL
LogInit:      CURL_VERSION_LIBZ
LogInit:      CURL_VERSION_IPV6
LogInit:      CURL_VERSION_ASYNCHDNS
LogInit:      CURL_VERSION_LARGEFILE
LogInit:      CURL_VERSION_IDN
LogInit:  CurlRequestOptions (configurable via config and command line):
LogInit:  - bVerifyPeer = true  - Libcurl will verify peer certificate
LogInit:  - bUseHttpProxy = false  - Libcurl will NOT use HTTP proxy
LogInit:  - bDontReuseConnections = false  - Libcurl will reuse connections
LogInit:  - MaxHostConnections = 16  - Libcurl will limit the number of connections to a host
LogInit:  - LocalHostAddr = Default
LogInit:  - BufferSize = 65536
LogOnline: OSS: Creating online subsystem instance for: Null
LogInit: WinSock: version 1.1 (2.2), MaxSocks=32767, MaxUdp=65467
LogOnline: OSS: TryLoadSubsystemAndSetDefault: Loaded subsystem for module [Null]
LogInit: Build: ++UE4+Release-4.25-CL-14469661
LogInit: Engine Version: 4.25.4-14469661+++UE4+Release-4.25
LogInit: Compatible Engine Version: 4.25.0-13144385+++UE4+Release-4.25
LogInit: Net CL: 13144385
LogInit: OS: Windows 10 (Release 2009) (), CPU: Intel(R) Core(TM) i7-6700HQ CPU @ 2.60GHz, GPU: NVIDIA GeForce GTX 1060
LogInit: Compiled (64-bit): Oct 11 2020 08:10:49
LogInit: Compiled with Visual C++: 19.24.28315.00
LogInit: Build Configuration: Development
LogInit: Branch Name: ++UE4+Release-4.25
LogInit: Command Line:  /Game/FPS_Game/Maps/Testing -game -PIEVIACONSOLE -Multiprocess GameUserSettingsINI=D:/GP1/GP1/FPSGameStarterKit/Saved/Config/Windows/PIEGameUserSettings0.ini -MultiprocessSaveConfig -MultiprocessOSS -messaging -SessionName="Play in Standalone Game" -windowed -ResX=1280 -ResY=720
LogInit: Base Directory: D:/Epic Games/UE_4.25/Engine/Binaries/Win64/
LogInit: Allocator: TBB
LogInit: Installed Engine Build: 1
LogDevObjectVersion: Number of dev versions registered: 26
LogDevObjectVersion:   Dev-Blueprints (B0D832E4-1F89-4F0D-ACCF-7EB736FD4AA2): 10
LogDevObjectVersion:   Dev-Build (E1C64328-A22C-4D53-A36C-8E866417BD8C): 0
LogDevObjectVersion:   Dev-Core (375EC13C-06E4-48FB-B500-84F0262A717E): 4
LogDevObjectVersion:   Dev-Editor (E4B068ED-F494-42E9-A231-DA0B2E46BB41): 38
LogDevObjectVersion:   Dev-Framework (CFFC743F-43B0-4480-9391-14DF171D2073): 37
LogDevObjectVersion:   Dev-Mobile (B02B49B5-BB20-44E9-A304-32B752E40360): 2
LogDevObjectVersion:   Dev-Networking (A4E4105C-59A1-49B5-A7C5-40C4547EDFEE): 0
LogDevObjectVersion:   Dev-Online (39C831C9-5AE6-47DC-9A44-9C173E1C8E7C): 0
LogDevObjectVersion:   Dev-Physics (78F01B33-EBEA-4F98-B9B4-84EACCB95AA2): 4
LogDevObjectVersion:   Dev-Platform (6631380F-2D4D-43E0-8009-CF276956A95A): 0
LogDevObjectVersion:   Dev-Rendering (12F88B9F-8875-4AFC-A67C-D90C383ABD29): 43
LogDevObjectVersion:   Dev-Sequencer (7B5AE74C-D270-4C10-A958-57980B212A5A): 12
LogDevObjectVersion:   Dev-VR (D7296918-1DD6-4BDD-9DE2-64A83CC13884): 3
LogDevObjectVersion:   Dev-LoadTimes (C2A15278-BFE7-4AFE-6C17-90FF531DF755): 1
LogDevObjectVersion:   Private-Geometry (6EACA3D4-40EC-4CC1-B786-8BED09428FC5): 3
LogDevObjectVersion:   Dev-AnimPhys (29E575DD-E0A3-4627-9D10-D276232CDCEA): 17
LogDevObjectVersion:   Dev-Anim (AF43A65D-7FD3-4947-9873-3E8ED9C1BB05): 7
LogDevObjectVersion:   Dev-ReflectionCapture (6B266CEC-1EC7-4B8F-A30B-E4D90942FC07): 1
LogDevObjectVersion:   Dev-Automation (0DF73D61-A23F-47EA-B727-89E90C41499A): 1
LogDevObjectVersion:   FortniteMain (601D1886-AC64-4F84-AA16-D3DE0DEAC7D6): 31
LogDevObjectVersion:   Dev-Enterprise (9DFFBCD6-494F-0158-E221-12823C92A888): 10
LogDevObjectVersion:   Dev-Niagara (F2AED0AC-9AFE-416F-8664-AA7FFA26D6FC): 1
LogDevObjectVersion:   Dev-Destruction (174F1F0B-B4C6-45A5-B13F-2EE8D0FB917D): 10
LogDevObjectVersion:   Dev-Physics-Ext (35F94A83-E258-406C-A318-09F59610247C): 37
LogDevObjectVersion:   Dev-PhysicsMaterial-Chaos (B68FC16E-8B1B-42E2-B453-215C058844FE): 1
LogDevObjectVersion:   Dev-CineCamera (B2E18506-4273-CFC2-A54E-F4BB758BBA07): 1
LogInit: Presizing for max 25165824 objects, including 0 objects not considered by GC, pre-allocating 0 bytes for permanent pool.
LogConfig: Applying CVar settings from Section [/Script/Engine.StreamingSettings] File [D:/GP1/GP1/FPSGameStarterKit/Saved/Config/Windows/Engine.ini]
LogConfig: Setting CVar [[s.MinBulkDataSizeForAsyncLoading:131072]]
LogConfig: Setting CVar [[s.AsyncLoadingThreadEnabled:0]]
LogConfig: Setting CVar [[s.EventDrivenLoaderEnabled:1]]
LogConfig: Setting CVar [[s.WarnIfTimeLimitExceeded:0]]
LogConfig: Setting CVar [[s.TimeLimitExceededMultiplier:1.5]]
LogConfig: Setting CVar [[s.TimeLimitExceededMinTime:0.005]]
LogConfig: Setting CVar [[s.UseBackgroundLevelStreaming:1]]
LogConfig: Setting CVar [[s.PriorityAsyncLoadingExtraTime:15.0]]
LogConfig: Setting CVar [[s.LevelStreamingActorsUpdateTimeLimit:5.0]]
LogConfig: Setting CVar [[s.PriorityLevelStreamingActorsUpdateExtraTime:5.0]]
LogConfig: Setting CVar [[s.LevelStreamingComponentsRegistrationGranularity:10]]
LogConfig: Setting CVar [[s.UnregisterComponentsTimeLimit:1.0]]
LogConfig: Setting CVar [[s.LevelStreamingComponentsUnregistrationGranularity:5]]
LogConfig: Setting CVar [[s.FlushStreamingOnExit:1]]
LogInit: Object subsystem initialized
LogConfig: Setting CVar [[con.DebugEarlyDefault:1]]
LogConfig: Setting CVar [[r.setres:1280x720]]
[2021.02.18-17.34.00:445][  0]LogConfig: Setting CVar [[con.DebugEarlyDefault:1]]
[2021.02.18-17.34.00:445][  0]LogConfig: Setting CVar [[r.setres:1280x720]]
[2021.02.18-17.34.00:446][  0]LogConfig: Applying CVar settings from Section [/Script/Engine.RendererSettings] File [D:/GP1/GP1/FPSGameStarterKit/Saved/Config/Windows/Engine.ini]
[2021.02.18-17.34.00:446][  0]LogConfig: Setting CVar [[r.GPUCrashDebugging:0]]
[2021.02.18-17.34.00:446][  0]LogConfig: Setting CVar [[r.DefaultFeature.Bloom:1]]
[2021.02.18-17.34.00:446][  0]LogConfig: Setting CVar [[r.DefaultFeature.AutoExposure:0]]
[2021.02.18-17.34.00:446][  0]LogConfig: Setting CVar [[r.DefaultFeature.MotionBlur:0]]
[2021.02.18-17.34.00:446][  0]LogConfig: Applying CVar settings from Section [/Script/Engine.RendererOverrideSettings] File [D:/GP1/GP1/FPSGameStarterKit/Saved/Config/Windows/Engine.ini]
[2021.02.18-17.34.00:446][  0]LogConfig: Applying CVar settings from Section [/Script/Engine.StreamingSettings] File [D:/GP1/GP1/FPSGameStarterKit/Saved/Config/Windows/Engine.ini]
[2021.02.18-17.34.00:446][  0]LogConfig: Setting CVar [[s.MinBulkDataSizeForAsyncLoading:131072]]
[2021.02.18-17.34.00:446][  0]LogConfig: Setting CVar [[s.AsyncLoadingThreadEnabled:0]]
[2021.02.18-17.34.00:446][  0]LogConfig: Setting CVar [[s.EventDrivenLoaderEnabled:1]]
[2021.02.18-17.34.00:446][  0]LogConfig: Setting CVar [[s.WarnIfTimeLimitExceeded:0]]
[2021.02.18-17.34.00:446][  0]LogConfig: Setting CVar [[s.TimeLimitExceededMultiplier:1.5]]
[2021.02.18-17.34.00:446][  0]LogConfig: Setting CVar [[s.TimeLimitExceededMinTime:0.005]]
[2021.02.18-17.34.00:446][  0]LogConfig: Setting CVar [[s.UseBackgroundLevelStreaming:1]]
[2021.02.18-17.34.00:446][  0]LogConfig: Setting CVar [[s.PriorityAsyncLoadingExtraTime:15.0]]
[2021.02.18-17.34.00:446][  0]LogConfig: Setting CVar [[s.LevelStreamingActorsUpdateTimeLimit:5.0]]
[2021.02.18-17.34.00:446][  0]LogConfig: Setting CVar [[s.PriorityLevelStreamingActorsUpdateExtraTime:5.0]]
[2021.02.18-17.34.00:446][  0]LogConfig: Setting CVar [[s.LevelStreamingComponentsRegistrationGranularity:10]]
[2021.02.18-17.34.00:446][  0]LogConfig: Setting CVar [[s.UnregisterComponentsTimeLimit:1.0]]
[2021.02.18-17.34.00:446][  0]LogConfig: Setting CVar [[s.LevelStreamingComponentsUnregistrationGranularity:5]]
[2021.02.18-17.34.00:446][  0]LogConfig: Setting CVar [[s.FlushStreamingOnExit:1]]
[2021.02.18-17.34.00:446][  0]LogConfig: Applying CVar settings from Section [/Script/Engine.GarbageCollectionSettings] File [D:/GP1/GP1/FPSGameStarterKit/Saved/Config/Windows/Engine.ini]
[2021.02.18-17.34.00:446][  0]LogConfig: Setting CVar [[gc.MaxObjectsNotConsideredByGC:1]]
[2021.02.18-17.34.00:446][  0]LogConfig: Setting CVar [[gc.SizeOfPermanentObjectPool:0]]
[2021.02.18-17.34.00:447][  0]LogConfig: Setting CVar [[gc.FlushStreamingOnGC:0]]
[2021.02.18-17.34.00:447][  0]LogConfig: Setting CVar [[gc.NumRetriesBeforeForcingGC:10]]
[2021.02.18-17.34.00:447][  0]LogConfig: Setting CVar [[gc.AllowParallelGC:1]]
[2021.02.18-17.34.00:447][  0]LogConfig: Setting CVar [[gc.TimeBetweenPurgingPendingKillObjects:61.1]]
[2021.02.18-17.34.00:447][  0]LogConfig: Setting CVar [[gc.MaxObjectsInEditor:25165824]]
[2021.02.18-17.34.00:447][  0]LogConfig: Setting CVar [[gc.IncrementalBeginDestroyEnabled:1]]
[2021.02.18-17.34.00:447][  0]LogConfig: Setting CVar [[gc.CreateGCClusters:1]]
[2021.02.18-17.34.00:447][  0]LogConfig: Setting CVar [[gc.MinGCClusterSize:5]]
[2021.02.18-17.34.00:447][  0]LogConfig: Setting CVar [[gc.ActorClusteringEnabled:0]]
[2021.02.18-17.34.00:447][  0]LogConfig: Setting CVar [[gc.BlueprintClusteringEnabled:0]]
[2021.02.18-17.34.00:447][  0]LogConfig: Setting CVar [[gc.UseDisregardForGCOnDedicatedServers:0]]
[2021.02.18-17.34.00:447][  0]LogConfig: Applying CVar settings from Section [/Script/Engine.NetworkSettings] File [D:/GP1/GP1/FPSGameStarterKit/Saved/Config/Windows/Engine.ini]
[2021.02.18-17.34.00:447][  0]LogConfig: Applying CVar settings from Section [/Script/UnrealEd.CookerSettings] File [D:/GP1/GP1/FPSGameStarterKit/Saved/Config/Windows/Engine.ini]
[2021.02.18-17.34.00:451][  0]LogConfig: Applying CVar settings from Section [ViewDistanceQuality@3] File [D:/GP1/GP1/FPSGameStarterKit/Saved/Config/Windows/Scalability.ini]
[2021.02.18-17.34.00:451][  0]LogConfig: Setting CVar [[r.SkeletalMeshLODBias:0]]
[2021.02.18-17.34.00:451][  0]LogConfig: Setting CVar [[r.ViewDistanceScale:1.0]]
[2021.02.18-17.34.00:451][  0]LogConfig: Applying CVar settings from Section [AntiAliasingQuality@3] File [D:/GP1/GP1/FPSGameStarterKit/Saved/Config/Windows/Scalability.ini]
[2021.02.18-17.34.00:451][  0]LogConfig: Setting CVar [[r.PostProcessAAQuality:4]]
[2021.02.18-17.34.00:451][  0]LogConfig: Applying CVar settings from Section [ShadowQuality@3] File [D:/GP1/GP1/FPSGameStarterKit/Saved/Config/Windows/Scalability.ini]
[2021.02.18-17.34.00:451][  0]LogConfig: Setting CVar [[r.LightFunctionQuality:1]]
[2021.02.18-17.34.00:451][  0]LogConfig: Setting CVar [[r.ShadowQuality:5]]
[2021.02.18-17.34.00:451][  0]LogConfig: Setting CVar [[r.Shadow.CSM.MaxCascades:10]]
[2021.02.18-17.34.00:451][  0]LogConfig: Setting CVar [[r.Shadow.MaxResolution:2048]]
[2021.02.18-17.34.00:451][  0]LogConfig: Setting CVar [[r.Shadow.MaxCSMResolution:2048]]
[2021.02.18-17.34.00:451][  0]LogConfig: Setting CVar [[r.Shadow.RadiusThreshold:0.01]]
[2021.02.18-17.34.00:451][  0]LogConfig: Setting CVar [[r.Shadow.DistanceScale:1.0]]
[2021.02.18-17.34.00:451][  0]LogConfig: Setting CVar [[r.Shadow.CSM.TransitionScale:1.0]]
[2021.02.18-17.34.00:451][  0]LogConfig: Setting CVar [[r.Shadow.PreShadowResolutionFactor:1.0]]
[2021.02.18-17.34.00:451][  0]LogConfig: Setting CVar [[r.DistanceFieldShadowing:1]]
[2021.02.18-17.34.00:451][  0]LogConfig: Setting CVar [[r.DistanceFieldAO:1]]
[2021.02.18-17.34.00:451][  0]LogConfig: Setting CVar [[r.AOQuality:2]]
[2021.02.18-17.34.00:452][  0]LogConfig: Setting CVar [[r.VolumetricFog:1]]
[2021.02.18-17.34.00:452][  0]LogConfig: Setting CVar [[r.VolumetricFog.GridPixelSize:8]]
[2021.02.18-17.34.00:452][  0]LogConfig: Setting CVar [[r.VolumetricFog.GridSizeZ:128]]
[2021.02.18-17.34.00:452][  0]LogConfig: Setting CVar [[r.VolumetricFog.HistoryMissSupersampleCount:4]]
[2021.02.18-17.34.00:452][  0]LogConfig: Setting CVar [[r.LightMaxDrawDistanceScale:1]]
[2021.02.18-17.34.00:452][  0]LogConfig: Setting CVar [[r.CapsuleShadows:1]]
[2021.02.18-17.34.00:452][  0]LogConfig: Applying CVar settings from Section [PostProcessQuality@3] File [D:/GP1/GP1/FPSGameStarterKit/Saved/Config/Windows/Scalability.ini]
[2021.02.18-17.34.00:452][  0]LogConfig: Setting CVar [[r.MotionBlurQuality:4]]
[2021.02.18-17.34.00:452][  0]LogConfig: Setting CVar [[r.AmbientOcclusionMipLevelFactor:0.4]]
[2021.02.18-17.34.00:452][  0]LogConfig: Setting CVar [[r.AmbientOcclusionMaxQuality:100]]
[2021.02.18-17.34.00:452][  0]LogConfig: Setting CVar [[r.AmbientOcclusionLevels:-1]]
[2021.02.18-17.34.00:452][  0]LogConfig: Setting CVar [[r.AmbientOcclusionRadiusScale:1.0]]
[2021.02.18-17.34.00:452][  0]LogConfig: Setting CVar [[r.DepthOfFieldQuality:2]]
[2021.02.18-17.34.00:452][  0]LogConfig: Setting CVar [[r.RenderTargetPoolMin:400]]
[2021.02.18-17.34.00:452][  0]LogConfig: Setting CVar [[r.LensFlareQuality:2]]
[2021.02.18-17.34.00:452][  0]LogConfig: Setting CVar [[r.SceneColorFringeQuality:1]]
[2021.02.18-17.34.00:452][  0]LogConfig: Setting CVar [[r.EyeAdaptationQuality:2]]
[2021.02.18-17.34.00:452][  0]LogConfig: Setting CVar [[r.BloomQuality:5]]
[2021.02.18-17.34.00:452][  0]LogConfig: Setting CVar [[r.FastBlurThreshold:100]]
[2021.02.18-17.34.00:452][  0]LogConfig: Setting CVar [[r.Upscale.Quality:3]]
[2021.02.18-17.34.00:452][  0]LogConfig: Setting CVar [[r.Tonemapper.GrainQuantization:1]]
[2021.02.18-17.34.00:452][  0]LogConfig: Setting CVar [[r.LightShaftQuality:1]]
[2021.02.18-17.34.00:452][  0]LogConfig: Setting CVar [[r.Filter.SizeScale:1]]
[2021.02.18-17.34.00:452][  0]LogConfig: Setting CVar [[r.Tonemapper.Quality:5]]
[2021.02.18-17.34.00:452][  0]LogConfig: Setting CVar [[r.DOF.Gather.AccumulatorQuality:1        ; higher gathering accumulator quality]]
[2021.02.18-17.34.00:452][  0]LogConfig: Setting CVar [[r.DOF.Gather.PostfilterMethod:1          ; Median3x3 postfilering method]]
[2021.02.18-17.34.00:452][  0]LogConfig: Setting CVar [[r.DOF.Gather.EnableBokehSettings:0       ; no bokeh simulation when gathering]]
[2021.02.18-17.34.00:452][  0]LogConfig: Setting CVar [[r.DOF.Gather.RingCount:4                 ; medium number of samples when gathering]]
[2021.02.18-17.34.00:452][  0]LogConfig: Setting CVar [[r.DOF.Scatter.ForegroundCompositing:1    ; additive foreground scattering]]
[2021.02.18-17.34.00:452][  0]LogConfig: Setting CVar [[r.DOF.Scatter.BackgroundCompositing:2    ; additive background scattering]]
[2021.02.18-17.34.00:452][  0]LogConfig: Setting CVar [[r.DOF.Scatter.EnableBokehSettings:1      ; bokeh simulation when scattering]]
[2021.02.18-17.34.00:452][  0]LogConfig: Setting CVar [[r.DOF.Scatter.MaxSpriteRatio:0.1         ; only a maximum of 10% of scattered bokeh]]
[2021.02.18-17.34.00:452][  0]LogConfig: Setting CVar [[r.DOF.Recombine.Quality:1                ; cheap slight out of focus]]
[2021.02.18-17.34.00:452][  0]LogConfig: Setting CVar [[r.DOF.Recombine.EnableBokehSettings:0    ; no bokeh simulation on slight out of focus]]
[2021.02.18-17.34.00:452][  0]LogConfig: Setting CVar [[r.DOF.TemporalAAQuality:1                ; more stable temporal accumulation]]
[2021.02.18-17.34.00:452][  0]LogConfig: Setting CVar [[r.DOF.Kernel.MaxForegroundRadius:0.025]]
[2021.02.18-17.34.00:452][  0]LogConfig: Setting CVar [[r.DOF.Kernel.MaxBackgroundRadius:0.025]]
[2021.02.18-17.34.00:452][  0]LogConfig: Applying CVar settings from Section [TextureQuality@3] File [D:/GP1/GP1/FPSGameStarterKit/Saved/Config/Windows/Scalability.ini]
[2021.02.18-17.34.00:452][  0]LogConfig: Setting CVar [[r.Streaming.MipBias:0]]
[2021.02.18-17.34.00:452][  0]LogConfig: Setting CVar [[r.Streaming.AmortizeCPUToGPUCopy:0]]
[2021.02.18-17.34.00:452][  0]LogConfig: Setting CVar [[r.Streaming.MaxNumTexturesToStreamPerFrame:0]]
[2021.02.18-17.34.00:452][  0]LogConfig: Setting CVar [[r.Streaming.Boost:1]]
[2021.02.18-17.34.00:452][  0]LogConfig: Setting CVar [[r.MaxAnisotropy:8]]
[2021.02.18-17.34.00:452][  0]LogConfig: Setting CVar [[r.VT.MaxAnisotropy:8]]
[2021.02.18-17.34.00:452][  0]LogConfig: Setting CVar [[r.Streaming.LimitPoolSizeToVRAM:0]]
[2021.02.18-17.34.00:452][  0]LogConfig: Setting CVar [[r.Streaming.PoolSize:1000]]
[2021.02.18-17.34.00:452][  0]LogConfig: Setting CVar [[r.Streaming.MaxEffectiveScreenSize:0]]
[2021.02.18-17.34.00:452][  0]LogConfig: Applying CVar settings from Section [EffectsQuality@3] File [D:/GP1/GP1/FPSGameStarterKit/Saved/Config/Windows/Scalability.ini]
[2021.02.18-17.34.00:452][  0]LogConfig: Setting CVar [[r.TranslucencyLightingVolumeDim:64]]
[2021.02.18-17.34.00:452][  0]LogConfig: Setting CVar [[r.RefractionQuality:2]]
[2021.02.18-17.34.00:452][  0]LogConfig: Setting CVar [[r.SSR.Quality:3]]
[2021.02.18-17.34.00:452][  0]LogConfig: Setting CVar [[r.SSR.HalfResSceneColor:0]]
[2021.02.18-17.34.00:452][  0]LogConfig: Setting CVar [[r.SceneColorFormat:4]]
[2021.02.18-17.34.00:453][  0]LogConfig: Setting CVar [[r.DetailMode:2]]
[2021.02.18-17.34.00:453][  0]LogConfig: Setting CVar [[r.TranslucencyVolumeBlur:1]]
[2021.02.18-17.34.00:453][  0]LogConfig: Setting CVar [[r.MaterialQualityLevel:1 ; High quality]]
[2021.02.18-17.34.00:453][  0]LogConfig: Setting CVar [[r.SSS.Scale:1]]
[2021.02.18-17.34.00:453][  0]LogConfig: Setting CVar [[r.SSS.SampleSet:2]]
[2021.02.18-17.34.00:453][  0]LogConfig: Setting CVar [[r.SSS.Quality:1]]
[2021.02.18-17.34.00:453][  0]LogConfig: Setting CVar [[r.SSS.HalfRes:0]]
[2021.02.18-17.34.00:453][  0]LogConfig: Setting CVar [[r.SSGI.Quality:3]]
[2021.02.18-17.34.00:453][  0]LogConfig: Setting CVar [[r.EmitterSpawnRateScale:1.0]]
[2021.02.18-17.34.00:453][  0]LogConfig: Setting CVar [[r.ParticleLightQuality:2]]
[2021.02.18-17.34.00:453][  0]LogConfig: Setting CVar [[r.SkyAtmosphere.AerialPerspectiveLUT.FastApplyOnOpaque:1 ; Always have FastSkyLUT 1 in this case to avoid wrong sky]]
[2021.02.18-17.34.00:453][  0]LogConfig: Setting CVar [[r.SkyAtmosphere.AerialPerspectiveLUT.SampleCountPerSlice:1]]
[2021.02.18-17.34.00:453][  0]LogConfig: Setting CVar [[r.SkyAtmosphere.AerialPerspectiveLUT.DepthResolution:16.0]]
[2021.02.18-17.34.00:453][  0]LogConfig: Setting CVar [[r.SkyAtmosphere.FastSkyLUT:1]]
[2021.02.18-17.34.00:453][  0]LogConfig: Setting CVar [[r.SkyAtmosphere.FastSkyLUT.SampleCountMin:4.0]]
[2021.02.18-17.34.00:453][  0]LogConfig: Setting CVar [[r.SkyAtmosphere.FastSkyLUT.SampleCountMax:32.0]]
[2021.02.18-17.34.00:453][  0]LogConfig: Setting CVar [[r.SkyAtmosphere.SampleCountMin:4.0]]
[2021.02.18-17.34.00:453][  0]LogConfig: Setting CVar [[r.SkyAtmosphere.SampleCountMax:32.0]]
[2021.02.18-17.34.00:453][  0]LogConfig: Setting CVar [[r.SkyAtmosphere.TransmittanceLUT.UseSmallFormat:0]]
[2021.02.18-17.34.00:453][  0]LogConfig: Setting CVar [[r.SkyAtmosphere.TransmittanceLUT.SampleCount:10.0]]
[2021.02.18-17.34.00:453][  0]LogConfig: Setting CVar [[r.SkyAtmosphere.MultiScatteringLUT.SampleCount:15.0]]
[2021.02.18-17.34.00:453][  0]LogConfig: Applying CVar settings from Section [FoliageQuality@3] File [D:/GP1/GP1/FPSGameStarterKit/Saved/Config/Windows/Scalability.ini]
[2021.02.18-17.34.00:453][  0]LogConfig: Setting CVar [[foliage.DensityScale:1.0]]
[2021.02.18-17.34.00:453][  0]LogConfig: Setting CVar [[grass.DensityScale:1.0]]
[2021.02.18-17.34.00:453][  0]LogConfig: Applying CVar settings from Section [ShadingQuality@3] File [D:/GP1/GP1/FPSGameStarterKit/Saved/Config/Windows/Scalability.ini]
[2021.02.18-17.34.00:453][  0]LogConfig: Setting CVar [[r.HairStrands.SkyLighting.SampleCount:16]]
[2021.02.18-17.34.00:453][  0]LogConfig: Setting CVar [[r.HairStrands.SkyLighting.JitterIntegration:0]]
[2021.02.18-17.34.00:453][  0]LogConfig: Setting CVar [[r.HairStrands.SkyAO.SampleCount:16]]
[2021.02.18-17.34.00:453][  0]LogConfig: Setting CVar [[r.HairStrands.DeepShadow.SuperSampling:0]]
[2021.02.18-17.34.00:453][  0]LogConfig: Setting CVar [[r.HairStrands.VisibilityPPLL:0]]
[2021.02.18-17.34.00:453][  0]LogConfig: Setting CVar [[r.HairStrands.RasterizationScale:0.5]]
[2021.02.18-17.34.00:453][  0]LogConfig: Setting CVar [[r.HairStrands.VelocityRasterizationScale:1]]
[2021.02.18-17.34.00:453][  0]LogInit: Selected Device Profile: [Windows]
[2021.02.18-17.34.00:453][  0]LogInit: Applying CVar settings loaded from the selected device profile: [Windows]
[2021.02.18-17.34.00:453][  0]LogHAL: Display: Platform has ~ 16 GB [17133776896 / 17179869184 / 16], which maps to Larger [LargestMinGB=32, LargerMinGB=12, DefaultMinGB=8, SmallerMinGB=6, SmallestMinGB=0)
[2021.02.18-17.34.00:453][  0]LogInit: Going up to parent DeviceProfile []
[2021.02.18-17.34.00:453][  0]LogConfig: Applying CVar settings from Section [ViewDistanceQuality@3] File [D:/GP1/GP1/FPSGameStarterKit/Saved/Config/Windows/Scalability.ini]
[2021.02.18-17.34.00:453][  0]LogConfig: Setting CVar [[r.SkeletalMeshLODBias:0]]
[2021.02.18-17.34.00:453][  0]LogConfig: Setting CVar [[r.ViewDistanceScale:1.0]]
[2021.02.18-17.34.00:453][  0]LogConfig: Applying CVar settings from Section [AntiAliasingQuality@3] File [D:/GP1/GP1/FPSGameStarterKit/Saved/Config/Windows/Scalability.ini]
[2021.02.18-17.34.00:453][  0]LogConfig: Setting CVar [[r.PostProcessAAQuality:4]]
[2021.02.18-17.34.00:453][  0]LogConfig: Applying CVar settings from Section [ShadowQuality@3] File [D:/GP1/GP1/FPSGameStarterKit/Saved/Config/Windows/Scalability.ini]
[2021.02.18-17.34.00:453][  0]LogConfig: Setting CVar [[r.LightFunctionQuality:1]]
[2021.02.18-17.34.00:453][  0]LogConfig: Setting CVar [[r.ShadowQuality:5]]
[2021.02.18-17.34.00:454][  0]LogConfig: Setting CVar [[r.Shadow.CSM.MaxCascades:10]]
[2021.02.18-17.34.00:454][  0]LogConfig: Setting CVar [[r.Shadow.MaxResolution:2048]]
[2021.02.18-17.34.00:454][  0]LogConfig: Setting CVar [[r.Shadow.MaxCSMResolution:2048]]
[2021.02.18-17.34.00:454][  0]LogConfig: Setting CVar [[r.Shadow.RadiusThreshold:0.01]]
[2021.02.18-17.34.00:454][  0]LogConfig: Setting CVar [[r.Shadow.DistanceScale:1.0]]
[2021.02.18-17.34.00:454][  0]LogConfig: Setting CVar [[r.Shadow.CSM.TransitionScale:1.0]]
[2021.02.18-17.34.00:454][  0]LogConfig: Setting CVar [[r.Shadow.PreShadowResolutionFactor:1.0]]
[2021.02.18-17.34.00:454][  0]LogConfig: Setting CVar [[r.DistanceFieldShadowing:1]]
[2021.02.18-17.34.00:454][  0]LogConfig: Setting CVar [[r.DistanceFieldAO:1]]
[2021.02.18-17.34.00:454][  0]LogConfig: Setting CVar [[r.AOQuality:2]]
[2021.02.18-17.34.00:454][  0]LogConfig: Setting CVar [[r.VolumetricFog:1]]
[2021.02.18-17.34.00:454][  0]LogConfig: Setting CVar [[r.VolumetricFog.GridPixelSize:8]]
[2021.02.18-17.34.00:454][  0]LogConfig: Setting CVar [[r.VolumetricFog.GridSizeZ:128]]
[2021.02.18-17.34.00:454][  0]LogConfig: Setting CVar [[r.VolumetricFog.HistoryMissSupersampleCount:4]]
[2021.02.18-17.34.00:454][  0]LogConfig: Setting CVar [[r.LightMaxDrawDistanceScale:1]]
[2021.02.18-17.34.00:454][  0]LogConfig: Setting CVar [[r.CapsuleShadows:1]]
[2021.02.18-17.34.00:454][  0]LogConfig: Applying CVar settings from Section [PostProcessQuality@3] File [D:/GP1/GP1/FPSGameStarterKit/Saved/Config/Windows/Scalability.ini]
[2021.02.18-17.34.00:454][  0]LogConfig: Setting CVar [[r.MotionBlurQuality:4]]
[2021.02.18-17.34.00:454][  0]LogConfig: Setting CVar [[r.AmbientOcclusionMipLevelFactor:0.4]]
[2021.02.18-17.34.00:454][  0]LogConfig: Setting CVar [[r.AmbientOcclusionMaxQuality:100]]
[2021.02.18-17.34.00:454][  0]LogConfig: Setting CVar [[r.AmbientOcclusionLevels:-1]]
[2021.02.18-17.34.00:454][  0]LogConfig: Setting CVar [[r.AmbientOcclusionRadiusScale:1.0]]
[2021.02.18-17.34.00:454][  0]LogConfig: Setting CVar [[r.DepthOfFieldQuality:2]]
[2021.02.18-17.34.00:454][  0]LogConfig: Setting CVar [[r.RenderTargetPoolMin:400]]
[2021.02.18-17.34.00:454][  0]LogConfig: Setting CVar [[r.LensFlareQuality:2]]
[2021.02.18-17.34.00:454][  0]LogConfig: Setting CVar [[r.SceneColorFringeQuality:1]]
[2021.02.18-17.34.00:454][  0]LogConfig: Setting CVar [[r.EyeAdaptationQuality:2]]
[2021.02.18-17.34.00:454][  0]LogConfig: Setting CVar [[r.BloomQuality:5]]
[2021.02.18-17.34.00:454][  0]LogConfig: Setting CVar [[r.FastBlurThreshold:100]]
[2021.02.18-17.34.00:454][  0]LogConfig: Setting CVar [[r.Upscale.Quality:3]]
[2021.02.18-17.34.00:454][  0]LogConfig: Setting CVar [[r.Tonemapper.GrainQuantization:1]]
[2021.02.18-17.34.00:454][  0]LogConfig: Setting CVar [[r.LightShaftQuality:1]]
[2021.02.18-17.34.00:454][  0]LogConfig: Setting CVar [[r.Filter.SizeScale:1]]
[2021.02.18-17.34.00:454][  0]LogConfig: Setting CVar [[r.Tonemapper.Quality:5]]
[2021.02.18-17.34.00:454][  0]LogConfig: Setting CVar [[r.DOF.Gather.AccumulatorQuality:1        ; higher gathering accumulator quality]]
[2021.02.18-17.34.00:454][  0]LogConfig: Setting CVar [[r.DOF.Gather.PostfilterMethod:1          ; Median3x3 postfilering method]]
[2021.02.18-17.34.00:454][  0]LogConfig: Setting CVar [[r.DOF.Gather.EnableBokehSettings:0       ; no bokeh simulation when gathering]]
[2021.02.18-17.34.00:454][  0]LogConfig: Setting CVar [[r.DOF.Gather.RingCount:4                 ; medium number of samples when gathering]]
[2021.02.18-17.34.00:454][  0]LogConfig: Setting CVar [[r.DOF.Scatter.ForegroundCompositing:1    ; additive foreground scattering]]
[2021.02.18-17.34.00:454][  0]LogConfig: Setting CVar [[r.DOF.Scatter.BackgroundCompositing:2    ; additive background scattering]]
[2021.02.18-17.34.00:454][  0]LogConfig: Setting CVar [[r.DOF.Scatter.EnableBokehSettings:1      ; bokeh simulation when scattering]]
[2021.02.18-17.34.00:454][  0]LogConfig: Setting CVar [[r.DOF.Scatter.MaxSpriteRatio:0.1         ; only a maximum of 10% of scattered bokeh]]
[2021.02.18-17.34.00:454][  0]LogConfig: Setting CVar [[r.DOF.Recombine.Quality:1                ; cheap slight out of focus]]
[2021.02.18-17.34.00:454][  0]LogConfig: Setting CVar [[r.DOF.Recombine.EnableBokehSettings:0    ; no bokeh simulation on slight out of focus]]
[2021.02.18-17.34.00:454][  0]LogConfig: Setting CVar [[r.DOF.TemporalAAQuality:1                ; more stable temporal accumulation]]
[2021.02.18-17.34.00:454][  0]LogConfig: Setting CVar [[r.DOF.Kernel.MaxForegroundRadius:0.025]]
[2021.02.18-17.34.00:454][  0]LogConfig: Setting CVar [[r.DOF.Kernel.MaxBackgroundRadius:0.025]]
[2021.02.18-17.34.00:454][  0]LogConfig: Applying CVar settings from Section [TextureQuality@3] File [D:/GP1/GP1/FPSGameStarterKit/Saved/Config/Windows/Scalability.ini]
[2021.02.18-17.34.00:455][  0]LogConfig: Setting CVar [[r.Streaming.MipBias:0]]
[2021.02.18-17.34.00:455][  0]LogConfig: Setting CVar [[r.Streaming.AmortizeCPUToGPUCopy:0]]
[2021.02.18-17.34.00:455][  0]LogConfig: Setting CVar [[r.Streaming.MaxNumTexturesToStreamPerFrame:0]]
[2021.02.18-17.34.00:455][  0]LogConfig: Setting CVar [[r.Streaming.Boost:1]]
[2021.02.18-17.34.00:455][  0]LogConfig: Setting CVar [[r.MaxAnisotropy:8]]
[2021.02.18-17.34.00:455][  0]LogConfig: Setting CVar [[r.VT.MaxAnisotropy:8]]
[2021.02.18-17.34.00:455][  0]LogConfig: Setting CVar [[r.Streaming.LimitPoolSizeToVRAM:0]]
[2021.02.18-17.34.00:455][  0]LogConfig: Setting CVar [[r.Streaming.PoolSize:1000]]
[2021.02.18-17.34.00:455][  0]LogConfig: Setting CVar [[r.Streaming.MaxEffectiveScreenSize:0]]
[2021.02.18-17.34.00:455][  0]LogConfig: Applying CVar settings from Section [EffectsQuality@3] File [D:/GP1/GP1/FPSGameStarterKit/Saved/Config/Windows/Scalability.ini]
[2021.02.18-17.34.00:455][  0]LogConfig: Setting CVar [[r.TranslucencyLightingVolumeDim:64]]
[2021.02.18-17.34.00:455][  0]LogConfig: Setting CVar [[r.RefractionQuality:2]]
[2021.02.18-17.34.00:455][  0]LogConfig: Setting CVar [[r.SSR.Quality:3]]
[2021.02.18-17.34.00:455][  0]LogConfig: Setting CVar [[r.SSR.HalfResSceneColor:0]]
[2021.02.18-17.34.00:455][  0]LogConfig: Setting CVar [[r.SceneColorFormat:4]]
[2021.02.18-17.34.00:455][  0]LogConfig: Setting CVar [[r.DetailMode:2]]
[2021.02.18-17.34.00:455][  0]LogConfig: Setting CVar [[r.TranslucencyVolumeBlur:1]]
[2021.02.18-17.34.00:455][  0]LogConfig: Setting CVar [[r.MaterialQualityLevel:1 ; High quality]]
[2021.02.18-17.34.00:455][  0]LogConfig: Setting CVar [[r.SSS.Scale:1]]
[2021.02.18-17.34.00:455][  0]LogConfig: Setting CVar [[r.SSS.SampleSet:2]]
[2021.02.18-17.34.00:455][  0]LogConfig: Setting CVar [[r.SSS.Quality:1]]
[2021.02.18-17.34.00:455][  0]LogConfig: Setting CVar [[r.SSS.HalfRes:0]]
[2021.02.18-17.34.00:455][  0]LogConfig: Setting CVar [[r.SSGI.Quality:3]]
[2021.02.18-17.34.00:455][  0]LogConfig: Setting CVar [[r.EmitterSpawnRateScale:1.0]]
[2021.02.18-17.34.00:455][  0]LogConfig: Setting CVar [[r.ParticleLightQuality:2]]
[2021.02.18-17.34.00:455][  0]LogConfig: Setting CVar [[r.SkyAtmosphere.AerialPerspectiveLUT.FastApplyOnOpaque:1 ; Always have FastSkyLUT 1 in this case to avoid wrong sky]]
[2021.02.18-17.34.00:455][  0]LogConfig: Setting CVar [[r.SkyAtmosphere.AerialPerspectiveLUT.SampleCountPerSlice:1]]
[2021.02.18-17.34.00:455][  0]LogConfig: Setting CVar [[r.SkyAtmosphere.AerialPerspectiveLUT.DepthResolution:16.0]]
[2021.02.18-17.34.00:455][  0]LogConfig: Setting CVar [[r.SkyAtmosphere.FastSkyLUT:1]]
[2021.02.18-17.34.00:455][  0]LogConfig: Setting CVar [[r.SkyAtmosphere.FastSkyLUT.SampleCountMin:4.0]]
[2021.02.18-17.34.00:455][  0]LogConfig: Setting CVar [[r.SkyAtmosphere.FastSkyLUT.SampleCountMax:32.0]]
[2021.02.18-17.34.00:455][  0]LogConfig: Setting CVar [[r.SkyAtmosphere.SampleCountMin:4.0]]
[2021.02.18-17.34.00:455][  0]LogConfig: Setting CVar [[r.SkyAtmosphere.SampleCountMax:32.0]]
[2021.02.18-17.34.00:455][  0]LogConfig: Setting CVar [[r.SkyAtmosphere.TransmittanceLUT.UseSmallFormat:0]]
[2021.02.18-17.34.00:455][  0]LogConfig: Setting CVar [[r.SkyAtmosphere.TransmittanceLUT.SampleCount:10.0]]
[2021.02.18-17.34.00:455][  0]LogConfig: Setting CVar [[r.SkyAtmosphere.MultiScatteringLUT.SampleCount:15.0]]
[2021.02.18-17.34.00:455][  0]LogConfig: Applying CVar settings from Section [FoliageQuality@3] File [D:/GP1/GP1/FPSGameStarterKit/Saved/Config/Windows/Scalability.ini]
[2021.02.18-17.34.00:455][  0]LogConfig: Setting CVar [[foliage.DensityScale:1.0]]
[2021.02.18-17.34.00:455][  0]LogConfig: Setting CVar [[grass.DensityScale:1.0]]
[2021.02.18-17.34.00:455][  0]LogConfig: Applying CVar settings from Section [ShadingQuality@3] File [D:/GP1/GP1/FPSGameStarterKit/Saved/Config/Windows/Scalability.ini]
[2021.02.18-17.34.00:455][  0]LogConfig: Setting CVar [[r.HairStrands.SkyLighting.SampleCount:16]]
[2021.02.18-17.34.00:455][  0]LogConfig: Setting CVar [[r.HairStrands.SkyLighting.JitterIntegration:0]]
[2021.02.18-17.34.00:455][  0]LogConfig: Setting CVar [[r.HairStrands.SkyAO.SampleCount:16]]
[2021.02.18-17.34.00:455][  0]LogConfig: Setting CVar [[r.HairStrands.DeepShadow.SuperSampling:0]]
[2021.02.18-17.34.00:455][  0]LogConfig: Setting CVar [[r.HairStrands.VisibilityPPLL:0]]
[2021.02.18-17.34.00:455][  0]LogConfig: Setting CVar [[r.HairStrands.RasterizationScale:0.5]]
[2021.02.18-17.34.00:455][  0]LogConfig: Setting CVar [[r.HairStrands.VelocityRasterizationScale:1]]
[2021.02.18-17.34.00:455][  0]LogConfig: Applying CVar settings from Section [Startup] File [../../../Engine/Config/ConsoleVariables.ini]
[2021.02.18-17.34.00:456][  0]LogConfig: Setting CVar [[net.UseAdaptiveNetUpdateFrequency:0]]
[2021.02.18-17.34.00:456][  0]LogConfig: Setting CVar [[p.chaos.AllowCreatePhysxBodies:1]]
[2021.02.18-17.34.00:456][  0]LogConfig: Setting CVar [[fx.SkipVectorVMBackendOptimizations:1]]
[2021.02.18-17.34.00:456][  0]LogConfig: Applying CVar settings from Section [ConsoleVariables] File [D:/GP1/GP1/FPSGameStarterKit/Saved/Config/Windows/Engine.ini]
[2021.02.18-17.34.00:456][  0]LogInit: Computer: SETHS-LAPTOP
[2021.02.18-17.34.00:456][  0]LogInit: User: User
[2021.02.18-17.34.00:456][  0]LogInit: CPU Page size=4096, Cores=4
[2021.02.18-17.34.00:456][  0]LogInit: High frequency timer resolution =10.000000 MHz
[2021.02.18-17.34.00:456][  0]LogMemory: Memory total: Physical=16.0GB (16GB approx)
[2021.02.18-17.34.00:456][  0]LogMemory: Platform Memory Stats for Windows
[2021.02.18-17.34.00:456][  0]LogMemory: Process Physical Memory: 114.45 MB used, 114.45 MB peak
[2021.02.18-17.34.00:456][  0]LogMemory: Process Virtual Memory: 96.20 MB used, 96.20 MB peak
[2021.02.18-17.34.00:456][  0]LogMemory: Physical Memory: 8155.61 MB used,  8184.44 MB free, 16340.04 MB total
[2021.02.18-17.34.00:456][  0]LogMemory: Virtual Memory: 5144.87 MB used,  134212584.00 MB free, 134217728.00 MB total
[2021.02.18-17.34.00:471][  0]LogWindows: WindowsPlatformFeatures enabled
[2021.02.18-17.34.01:047][  0]LogInit: Physics initialised using underlying interface: PhysX
[2021.02.18-17.34.01:047][  0]LogInit: Using OS detected language (en-US).
[2021.02.18-17.34.01:047][  0]LogInit: Using OS detected locale (en-US).
[2021.02.18-17.34.01:076][  0]LogTextLocalizationManager: No specific localization for 'en-US' exists, so the 'en' localization will be used.
[2021.02.18-17.34.02:062][  0]LogSlate: New Slate User Created.  User Index 0, Is Virtual User: 0
[2021.02.18-17.34.02:062][  0]LogSlate: Slate User Registered.  User Index 0, Is Virtual User: 0
[2021.02.18-17.34.02:072][  0]LogHMD: Failed to initialize OpenVR with code 110
[2021.02.18-17.34.02:072][  0]LogD3D11RHI: D3D11 min allowed feature level: 11_0
[2021.02.18-17.34.02:072][  0]LogD3D11RHI: D3D11 max allowed feature level: 11_0
[2021.02.18-17.34.02:072][  0]LogD3D11RHI: D3D11 adapters:
[2021.02.18-17.34.02:237][  0]LogD3D11RHI:    0. 'NVIDIA GeForce GTX 1060' (Feature Level 11_0)
[2021.02.18-17.34.02:237][  0]LogD3D11RHI:       6052/0/8170 MB DedicatedVideo/DedicatedSystem/SharedSystem, Outputs:1, VendorId:0x10de
[2021.02.18-17.34.02:241][  0]LogD3D11RHI:    1. 'Microsoft Basic Render Driver' (Feature Level 11_0)
[2021.02.18-17.34.02:241][  0]LogD3D11RHI:       0/0/8170 MB DedicatedVideo/DedicatedSystem/SharedSystem, Outputs:0, VendorId:0x1414
[2021.02.18-17.34.02:241][  0]LogD3D11RHI: Chosen D3D11 Adapter: 0
[2021.02.18-17.34.02:251][  0]LogD3D11RHI: Creating new Direct3DDevice
[2021.02.18-17.34.02:251][  0]LogD3D11RHI:     GPU DeviceId: 0x1c60 (for the marketing name, search the web for "GPU Device Id")
[2021.02.18-17.34.02:251][  0]LogWindows: EnumDisplayDevices:
[2021.02.18-17.34.02:251][  0]LogWindows:    0. 'NVIDIA GeForce GTX 1060' (P:1 D:1)
[2021.02.18-17.34.02:252][  0]LogWindows:    1. 'NVIDIA GeForce GTX 1060' (P:0 D:0)
[2021.02.18-17.34.02:252][  0]LogWindows:    2. 'NVIDIA GeForce GTX 1060' (P:0 D:0)
[2021.02.18-17.34.02:252][  0]LogWindows:    3. 'NVIDIA GeForce GTX 1060' (P:0 D:0)
[2021.02.18-17.34.02:253][  0]LogWindows: DebugString: FoundDriverCount:4 
[2021.02.18-17.34.02:253][  0]LogD3D11RHI:     Adapter Name: NVIDIA GeForce GTX 1060
[2021.02.18-17.34.02:253][  0]LogD3D11RHI:   Driver Version: 460.79 (internal:27.21.14.6079, unified:460.79)
[2021.02.18-17.34.02:253][  0]LogD3D11RHI:      Driver Date: 12-3-2020
[2021.02.18-17.34.02:253][  0]LogRHI: Texture pool is 4236 MB (70% of 6052 MB)
[2021.02.18-17.34.02:382][  0]LogD3D11RHI: RHI has support for 64 bit atomics
[2021.02.18-17.34.02:383][  0]LogD3D11RHI: Async texture creation enabled
[2021.02.18-17.34.02:383][  0]LogD3D11RHI: Array index from any shader is supported
[2021.02.18-17.34.02:422][  0]LogD3D11RHI: GPU Timing Frequency: 1000.000000 (Debug: 2 1)
[2021.02.18-17.34.03:214][  0]LogTargetPlatformManager: Display: Loaded TargetPlatform 'WindowsNoEditor'
[2021.02.18-17.34.03:244][  0]LogTargetPlatformManager: Display: Loaded TargetPlatform 'Windows'
[2021.02.18-17.34.03:280][  0]LogTargetPlatformManager: Display: Loaded TargetPlatform 'WindowsClient'
[2021.02.18-17.34.03:312][  0]LogTargetPlatformManager: Display: Loaded TargetPlatform 'WindowsServer'
[2021.02.18-17.34.03:312][  0]LogTargetPlatformManager: Display: Building Assets For Windows
[2021.02.18-17.34.03:480][  0]LogAudioDebug: Display: Lib vorbis DLL was dynamically loaded.
[2021.02.18-17.34.04:124][  0]LogShaderCompilers: Guid format shader working directory is 4 characters bigger than the processId version (../../../../../GP1/GP1/FPSGameStarterKit/Intermediate/Shaders/WorkingDirectory/20748/).
[2021.02.18-17.34.04:124][  0]LogShaderCompilers: Cleaned the shader compiler working directory 'C:/Users/User/AppData/Local/Temp/UnrealShaderWorkingDir/ACE01FBC46B0B046D9AB6C88F473CC7F/'.
[2021.02.18-17.34.04:125][  0]LogXGEController: Cannot use XGE Controller as Incredibuild is not installed on this machine.
[2021.02.18-17.34.04:125][  0]LogShaderCompilers: Cannot use XGE Shader Compiler as Incredibuild is not installed on this machine.
[2021.02.18-17.34.04:125][  0]LogShaderCompilers: Display: Using Local Shader Compiler.
[2021.02.18-17.34.06:332][  0]LogDerivedDataCache: Display: Max Cache Size: 512 MB
[2021.02.18-17.34.06:556][  0]LogDerivedDataCache: Loaded boot cache 0.22s 75MB C:/Users/User/AppData/Local/UnrealEngine/4.25/DerivedDataCache/Boot.ddc.
[2021.02.18-17.34.06:556][  0]LogDerivedDataCache: Display: Loaded Boot cache: C:/Users/User/AppData/Local/UnrealEngine/4.25/DerivedDataCache/Boot.ddc
[2021.02.18-17.34.06:556][  0]LogDerivedDataCache: FDerivedDataBackendGraph:  Pak pak cache file ../../../../../GP1/GP1/FPSGameStarterKit/DerivedDataCache/DDC.ddp not found, will not use a pak cache.
[2021.02.18-17.34.06:556][  0]LogDerivedDataCache: Unable to find inner node Pak for hierarchical cache Hierarchy.
[2021.02.18-17.34.06:556][  0]LogDerivedDataCache: FDerivedDataBackendGraph:  CompressedPak pak cache file ../../../../../GP1/GP1/FPSGameStarterKit/DerivedDataCache/Compressed.ddp not found, will not use a pak cache.
[2021.02.18-17.34.06:556][  0]LogDerivedDataCache: Unable to find inner node CompressedPak for hierarchical cache Hierarchy.
[2021.02.18-17.34.06:571][  0]LogDerivedDataCache: Display: Pak cache opened for reading ../../../Engine/DerivedDataCache/Compressed.ddp.
[2021.02.18-17.34.06:571][  0]LogDerivedDataCache: FDerivedDataBackendGraph:  EnterprisePak pak cache file ../../../Enterprise/DerivedDataCache/Compressed.ddp not found, will not use a pak cache.
[2021.02.18-17.34.06:571][  0]LogDerivedDataCache: Unable to find inner node EnterprisePak for hierarchical cache Hierarchy.
[2021.02.18-17.34.06:573][  0]LogDerivedDataCache: Using Local data cache path C:/Users/User/AppData/Local/UnrealEngine/Common/DerivedDataCache: Writable
[2021.02.18-17.34.06:573][  0]LogDerivedDataCache: Shared data cache path not found in *engine.ini, will not use an Shared cache.
[2021.02.18-17.34.06:574][  0]LogDerivedDataCache: Unable to find inner node Shared for hierarchical cache Hierarchy.
[2021.02.18-17.34.06:641][  0]LogSlate: Using FreeType 2.10.0
[2021.02.18-17.34.06:679][  0]LogSlate: SlateFontServices - WITH_FREETYPE: 1, WITH_HARFBUZZ: 1
[2021.02.18-17.34.07:203][  0]LogInit: Using OS detected language (en-US).
[2021.02.18-17.34.07:203][  0]LogInit: Using OS detected locale (en-US).
[2021.02.18-17.34.07:203][  0]LogTextLocalizationManager: No localization for 'en-US' exists, so 'en' will be used for the language.
[2021.02.18-17.34.07:203][  0]LogTextLocalizationManager: No localization for 'en-US' exists, so 'en' will be used for the locale.
[2021.02.18-17.34.07:203][  0]LogSlate: FontCache flush requested. Reason: Culture for localization was changed
[2021.02.18-17.34.07:203][  0]LogSlate: FontCache flush requested. Reason: Culture for localization was changed
[2021.02.18-17.34.07:204][  0]LogTextLocalizationManager: Compacting localization data took   0.00ms
[2021.02.18-17.34.07:209][  0]LogAssetRegistry: FAssetRegistry took 0.0036 seconds to start up
[2021.02.18-17.34.07:516][  0]LogPackageLocalizationCache: Processed 19 localized package path(s) for 1 prioritized culture(s) in 0.001034 seconds
[2021.02.18-17.34.07:589][  0]LogInit: Selected Device Profile: [Windows]
[2021.02.18-17.34.07:960][  0]LogMeshReduction: Using QuadricMeshReduction for automatic static mesh reduction
[2021.02.18-17.34.07:960][  0]LogMeshReduction: Using SimplygonMeshReduction for automatic skeletal mesh reduction
[2021.02.18-17.34.07:960][  0]LogMeshReduction: Using ProxyLODMeshReduction for automatic mesh merging
[2021.02.18-17.34.07:960][  0]LogMeshReduction: No distributed automatic mesh merging module available
[2021.02.18-17.34.07:960][  0]LogMeshMerging: No distributed automatic mesh merging module available
[2021.02.18-17.34.08:024][  0]LogNetVersion: FPSGameStarterKit 1.0.0, NetCL: 13144385, EngineNetVer: 14, GameNetVer: 0 (Checksum: 3513021984)
[2021.02.18-17.34.08:425][  0]LogAISub: UAISubsystem::UAISubsystem AISubsystem (0000021AD1ED9A40), frame # 0
[2021.02.18-17.34.08:425][  0]LogAISub: UAISubsystem::UAISubsystem AIPerceptionSystem (0000021AD1E2C7C0), frame # 0
[2021.02.18-17.34.08:427][  0]LogAISub: UAISubsystem::UAISubsystem EnvQueryManager (0000021AD1E4DA00), frame # 0
[2021.02.18-17.34.10:681][  0]LogCollectionManager: Loaded 0 collections in 0.000943 seconds
[2021.02.18-17.34.10:685][  0]LogFileCache: Scanning file cache for directory 'D:/GP1/GP1/FPSGameStarterKit/Saved/Collections/' took 0.00s
[2021.02.18-17.34.10:685][  0]LogFileCache: Scanning file cache for directory 'D:/GP1/GP1/FPSGameStarterKit/Content/Developers/User/Collections/' took 0.00s
[2021.02.18-17.34.10:685][  0]LogFileCache: Scanning file cache for directory 'D:/GP1/GP1/FPSGameStarterKit/Content/Collections/' took 0.00s
[2021.02.18-17.34.10:685][  0]LogCollectionManager: Fixed up redirectors for 0 collections in 0.000011 seconds (updated 0 objects)
[2021.02.18-17.34.11:331][  0]LogMoviePlayer: Initializing movie player
[2021.02.18-17.34.12:412][  0]LogTcpMessaging: Initializing TcpMessaging bridge
[2021.02.18-17.34.12:434][  0]LogUdpMessaging: Initializing bridge on interface 0.0.0.0:0 to multicast group 230.0.0.1:6666.
[2021.02.18-17.34.12:768][  0]SourceControl: Source control is disabled
[2021.02.18-17.34.12:768][  0]SourceControl: Source control is disabled
[2021.02.18-17.34.12:805][  0]SourceControl: Source control is disabled
[2021.02.18-17.34.13:767][  0]LogAndroidPermission: UAndroidPermissionCallbackProxy::GetInstance
[2021.02.18-17.34.13:891][  0]LogAudioCaptureCore: Display: No Audio Capture implementations found. Audio input will be silent.
[2021.02.18-17.34.13:891][  0]LogAudioCaptureCore: Display: No Audio Capture implementations found. Audio input will be silent.
[2021.02.18-17.34.14:206][  0]LogOcInput: OculusInput pre-init called
[2021.02.18-17.34.14:269][  0]LogUObjectArray: 19064 objects as part of root set at end of initial load.
[2021.02.18-17.34.14:269][  0]LogUObjectAllocator: 5015424 out of 0 bytes used by permanent object pool.
[2021.02.18-17.34.14:269][  0]LogUObjectArray: CloseDisregardForGC: 0/0 objects in disregard for GC pool
[2021.02.18-17.34.14:478][  0]LogEngine: Initializing Engine...
[2021.02.18-17.34.14:480][  0]LogHMD: Failed to initialize OpenVR with code 110
[2021.02.18-17.34.14:480][  0]LogMagicLeap: Warning: VR disabled because ZI is not enabled.  To enable, in the editor, Edit -> Project Settings -> Plugins -> Magic Leap Plugin -> Enable Zero Iteration
[2021.02.18-17.34.14:481][  0]LogStats: UGameplayTagsManager::InitializeManager -  0.000 s
[2021.02.18-17.34.14:620][  0]LogInit: Initializing FReadOnlyCVARCache
[2021.02.18-17.34.14:633][  0]LogAudioMixer: Display: Audio Mixer Platform Settings:
[2021.02.18-17.34.14:633][  0]LogAudioMixer: Display: 	Sample Rate:						  48000
[2021.02.18-17.34.14:633][  0]LogAudioMixer: Display: 	Callback Buffer Frame Size Requested: 1024
[2021.02.18-17.34.14:633][  0]LogAudioMixer: Display: 	Callback Buffer Frame Size To Use:	  1024
[2021.02.18-17.34.14:633][  0]LogAudioMixer: Display: 	Number of buffers to queue:			  2
[2021.02.18-17.34.14:633][  0]LogAudioMixer: Display: 	Max Channels (voices):				  32
[2021.02.18-17.34.14:633][  0]LogAudioMixer: Display: 	Number of Async Source Workers:		  0
[2021.02.18-17.34.14:633][  0]LogAudio: Display: AudioDevice MaxSources: 32
[2021.02.18-17.34.14:634][  0]LogAudio: Display: Using built-in audio occlusion.
[2021.02.18-17.34.14:634][  0]LogAudioMixer: Display: Initializing audio mixer.
[2021.02.18-17.34.14:667][  0]LogAudioMixer: Display: 0: FrontLeft
[2021.02.18-17.34.14:667][  0]LogAudioMixer: Display: 1: FrontRight
[2021.02.18-17.34.14:773][  0]LogAudioMixer: Display: Using Audio Device Speakers (Realtek High Definition Audio)
[2021.02.18-17.34.14:780][  0]LogAudioMixer: Display: Initializing Sound Submixes...
[2021.02.18-17.34.14:782][  0]LogAudioMixer: Display: Creating Master Submix 'MasterSubmixDefault'
[2021.02.18-17.34.14:782][  0]LogAudioMixer: Display: Creating Master Submix 'MasterReverbSubmixDefault'
[2021.02.18-17.34.14:783][  0]LogAudioMixer: Display: Creating Master Submix 'MasterEQSubmixDefault'
[2021.02.18-17.34.14:784][  0]LogInit: FAudioDevice initialized.
[2021.02.18-17.34.14:787][  0]LogNetVersion: Set ProjectVersion to 2.2.0.25. Version Checksum will be recalculated on next use.
[2021.02.18-17.34.14:793][  0]LogInit: Texture streaming: Enabled
[2021.02.18-17.34.19:112][  0]LogSlate: Updating window title bar state: overlay mode, drag disabled, window buttons hidden, title bar hidden
[2021.02.18-17.34.19:112][  0]LogInit: Display: Game Engine Initialized.
[2021.02.18-17.34.19:150][  0]LogNiagaraEditor: Warning: GEditor isn't valid! Particle reset commands will not work for Niagara components!
[2021.02.18-17.34.19:384][  0]LogInit: Display: Starting Game.
[2021.02.18-17.34.19:405][  0]LogNet: Browse: /Game/FPS_Game/Maps/Testing?Name=Player
[2021.02.18-17.34.19:409][  0]LogLoad: LoadMap: /Game/FPS_Game/Maps/Testing?Name=Player
[2021.02.18-17.34.19:409][  0]LogWorld: BeginTearingDown for /Temp/Untitled_0
[2021.02.18-17.34.19:411][  0]LogWorld: UWorld::CleanupWorld for Untitled, bSessionEnded=true, bCleanupResources=true
[2021.02.18-17.34.19:411][  0]LogSlate: InvalidateAllWidgets triggered.  All widgets were invalidated
[2021.02.18-17.34.19:450][  0]LogUObjectHash: Compacting FUObjectHashTables data took   1.84ms
[2021.02.18-17.34.21:850][  0]LogAIModule: Creating AISystem for world Testing
[2021.02.18-17.34.21:852][  0]LogAISub: UAISubsystem::UAISubsystem EnvQueryManager (0000021ADA2DD200), frame # 0
[2021.02.18-17.34.21:852][  0]LogAISub: UAISubsystem::UAISubsystem AIPerceptionSystem (0000021ADE38A5C0), frame # 0
[2021.02.18-17.34.21:852][  0]LogLoad: Game class is 'BP_GameMode_C'
[2021.02.18-17.34.22:028][  0]LogWorld: Bringing World /Game/FPS_Game/Maps/Testing.Testing up for play (max tick rate 0) at 2021.02.18-12.34.22
[2021.02.18-17.34.22:033][  0]LogWorld: Bringing up level for play took: 0.179992
[2021.02.18-17.34.22:259][  0]LogLoad: Took 2.850736 seconds to LoadMap(/Game/FPS_Game/Maps/Testing)
[2021.02.18-17.34.22:489][  0]LogRenderer: Reallocating scene render targets to support 1280x720 Format 10 NumSamples 1 (Frame:1).
[2021.02.18-17.34.22:489][  0]LogLoad: (Engine Initialization) Total time: 30.24 seconds
[2021.02.18-17.34.22:489][  0]LogLoad: (Engine Initialization) Total Blueprint compile time: 0.00 seconds
[2021.02.18-17.34.22:505][  0]LogContentStreaming: Texture pool size now 1000 MB
[2021.02.18-17.34.22:540][  0]LogSlate: InvalidateAllWidgets triggered.  All widgets were invalidated
[2021.02.18-17.34.22:574][  0]LogRenderer: Reallocating scene render targets to support 128x128 Format 10 NumSamples 1 (Frame:1).
[2021.02.18-17.34.22:637][  0]LogRenderer: Reallocating scene render targets to support 1280x720 Format 10 NumSamples 1 (Frame:2).
[2021.02.18-17.34.33:141][414]LogAudio: Display: Waited 35.654797 ms for audio thread.
[2021.02.18-17.34.33:147][414]LogAudio: Display: Waited 42.170300 ms for audio thread.
[2021.02.18-17.35.33:828][836]r.SetRes = "1280x720w"
[2021.02.18-17.35.33:829][836]LogConfig: Applying CVar settings from Section [TextureQuality@3] File [D:/GP1/GP1/FPSGameStarterKit/Saved/Config/Windows/Scalability.ini]
[2021.02.18-17.35.33:829][836]LogConfig: Setting CVar [[r.Streaming.MipBias:0]]
[2021.02.18-17.35.33:829][836]LogConfig: Setting CVar [[r.Streaming.AmortizeCPUToGPUCopy:0]]
[2021.02.18-17.35.33:829][836]LogConfig: Setting CVar [[r.Streaming.MaxNumTexturesToStreamPerFrame:0]]
[2021.02.18-17.35.33:829][836]LogConfig: Setting CVar [[r.Streaming.Boost:1]]
[2021.02.18-17.35.33:829][836]LogConfig: Setting CVar [[r.MaxAnisotropy:8]]
[2021.02.18-17.35.33:829][836]LogConfig: Setting CVar [[r.VT.MaxAnisotropy:8]]
[2021.02.18-17.35.33:829][836]LogConfig: Setting CVar [[r.Streaming.LimitPoolSizeToVRAM:0]]
[2021.02.18-17.35.33:829][836]LogConfig: Setting CVar [[r.Streaming.PoolSize:1000]]
[2021.02.18-17.35.33:829][836]LogConfig: Setting CVar [[r.Streaming.MaxEffectiveScreenSize:0]]
[2021.02.18-17.35.33:829][836]sg.TextureQuality = "3"
[2021.02.18-17.35.33:829][836]Command not recognized: FoliageQuality 3
[2021.02.18-17.35.33:829][836]LogConfig: Applying CVar settings from Section [ShadowQuality@3] File [D:/GP1/GP1/FPSGameStarterKit/Saved/Config/Windows/Scalability.ini]
[2021.02.18-17.35.33:829][836]LogConfig: Setting CVar [[r.LightFunctionQuality:1]]
[2021.02.18-17.35.33:829][836]LogConfig: Setting CVar [[r.ShadowQuality:5]]
[2021.02.18-17.35.33:829][836]LogConfig: Setting CVar [[r.Shadow.CSM.MaxCascades:10]]
[2021.02.18-17.35.33:829][836]LogConfig: Setting CVar [[r.Shadow.MaxResolution:2048]]
[2021.02.18-17.35.33:829][836]LogConfig: Setting CVar [[r.Shadow.MaxCSMResolution:2048]]
[2021.02.18-17.35.33:829][836]LogConfig: Setting CVar [[r.Shadow.RadiusThreshold:0.01]]
[2021.02.18-17.35.33:829][836]LogConfig: Setting CVar [[r.Shadow.DistanceScale:1.0]]
[2021.02.18-17.35.33:829][836]LogConfig: Setting CVar [[r.Shadow.CSM.TransitionScale:1.0]]
[2021.02.18-17.35.33:829][836]LogConfig: Setting CVar [[r.Shadow.PreShadowResolutionFactor:1.0]]
[2021.02.18-17.35.33:829][836]LogConfig: Setting CVar [[r.DistanceFieldShadowing:1]]
[2021.02.18-17.35.33:829][836]LogConfig: Setting CVar [[r.DistanceFieldAO:1]]
[2021.02.18-17.35.33:829][836]LogConfig: Setting CVar [[r.AOQuality:2]]
[2021.02.18-17.35.33:829][836]LogConfig: Setting CVar [[r.VolumetricFog:1]]
[2021.02.18-17.35.33:829][836]LogConfig: Setting CVar [[r.VolumetricFog.GridPixelSize:8]]
[2021.02.18-17.35.33:829][836]LogConfig: Setting CVar [[r.VolumetricFog.GridSizeZ:128]]
[2021.02.18-17.35.33:829][836]LogConfig: Setting CVar [[r.VolumetricFog.HistoryMissSupersampleCount:4]]
[2021.02.18-17.35.33:829][836]LogConfig: Setting CVar [[r.LightMaxDrawDistanceScale:1]]
[2021.02.18-17.35.33:830][836]LogConfig: Setting CVar [[r.CapsuleShadows:1]]
[2021.02.18-17.35.33:830][836]sg.ShadowQuality = "3"
[2021.02.18-17.35.33:830][836]LogConfig: Applying CVar settings from Section [PostProcessQuality@Cine] File [D:/GP1/GP1/FPSGameStarterKit/Saved/Config/Windows/Scalability.ini]
[2021.02.18-17.35.33:830][836]LogConfig: Setting CVar [[r.MotionBlurQuality:4]]
[2021.02.18-17.35.33:830][836]LogConfig: Setting CVar [[r.AmbientOcclusionMipLevelFactor:0.4]]
[2021.02.18-17.35.33:830][836]LogConfig: Setting CVar [[r.AmbientOcclusionMaxQuality:100]]
[2021.02.18-17.35.33:830][836]LogConfig: Setting CVar [[r.AmbientOcclusionLevels:-1]]
[2021.02.18-17.35.33:830][836]LogConfig: Setting CVar [[r.AmbientOcclusionRadiusScale:1.0]]
[2021.02.18-17.35.33:830][836]LogConfig: Setting CVar [[r.DepthOfFieldQuality:4]]
[2021.02.18-17.35.33:830][836]LogConfig: Setting CVar [[r.RenderTargetPoolMin:1000]]
[2021.02.18-17.35.33:830][836]LogConfig: Setting CVar [[r.LensFlareQuality:3]]
[2021.02.18-17.35.33:830][836]LogConfig: Setting CVar [[r.SceneColorFringeQuality:1]]
[2021.02.18-17.35.33:830][836]LogConfig: Setting CVar [[r.EyeAdaptationQuality:2]]
[2021.02.18-17.35.33:830][836]LogConfig: Setting CVar [[r.BloomQuality:5]]
[2021.02.18-17.35.33:830][836]LogConfig: Setting CVar [[r.FastBlurThreshold:100]]
[2021.02.18-17.35.33:830][836]LogConfig: Setting CVar [[r.Upscale.Quality:3]]
[2021.02.18-17.35.33:830][836]LogConfig: Setting CVar [[r.Tonemapper.GrainQuantization:1]]
[2021.02.18-17.35.33:830][836]LogConfig: Setting CVar [[r.LightShaftQuality:1]]
[2021.02.18-17.35.33:830][836]LogConfig: Setting CVar [[r.Filter.SizeScale:1]]
[2021.02.18-17.35.33:830][836]LogConfig: Setting CVar [[r.Tonemapper.Quality:5]]
[2021.02.18-17.35.33:830][836]LogConfig: Setting CVar [[r.DOF.Gather.AccumulatorQuality:1        ; higher gathering accumulator quality]]
[2021.02.18-17.35.33:830][836]LogConfig: Setting CVar [[r.DOF.Gather.PostfilterMethod:1          ; Median3x3 postfilering method]]
[2021.02.18-17.35.33:830][836]LogConfig: Setting CVar [[r.DOF.Gather.EnableBokehSettings:1       ; bokeh simulation when gathering]]
[2021.02.18-17.35.33:830][836]LogConfig: Setting CVar [[r.DOF.Gather.RingCount:5                 ; high number of samples when gathering]]
[2021.02.18-17.35.33:831][836]LogConfig: Setting CVar [[r.DOF.Scatter.ForegroundCompositing:1    ; additive foreground scattering]]
[2021.02.18-17.35.33:831][836]LogConfig: Setting CVar [[r.DOF.Scatter.BackgroundCompositing:2    ; background scattering occlusion]]
[2021.02.18-17.35.33:831][836]LogConfig: Setting CVar [[r.DOF.Scatter.EnableBokehSettings:1      ; no bokeh simulation when scattering]]
[2021.02.18-17.35.33:831][836]LogConfig: Setting CVar [[r.DOF.Scatter.MaxSpriteRatio:0.25        ; only a maximum of 10% of scattered bokeh]]
[2021.02.18-17.35.33:831][836]LogConfig: Setting CVar [[r.DOF.Recombine.Quality:2                ; highest slight out of focus]]
[2021.02.18-17.35.33:831][836]LogConfig: Setting CVar [[r.DOF.Recombine.EnableBokehSettings:1    ; bokeh simulation on slight out of focus]]
[2021.02.18-17.35.33:831][836]LogConfig: Setting CVar [[r.DOF.TemporalAAQuality:1                ; more stable temporal accumulation]]
[2021.02.18-17.35.33:831][836]LogConfig: Setting CVar [[r.DOF.Kernel.MaxForegroundRadius:0.025]]
[2021.02.18-17.35.33:831][836]LogConfig: Setting CVar [[r.DOF.Kernel.MaxBackgroundRadius:0.025]]
[2021.02.18-17.35.33:831][836]sg.PostProcessQuality = "6"
[2021.02.18-17.35.33:831][836]r.ScreenPercentage = "100"
[2021.02.18-17.36.32:150][156]LogOutputDevice: Warning: 

Script Stack (0 frames):

[2021.02.18-17.36.34:143][156]LogStats: FPlatformStackWalk::StackWalkAndDump -  1.993 s
[2021.02.18-17.36.34:158][156]LogOutputDevice: Error: === Handled ensure: ===
[2021.02.18-17.36.34:158][156]LogOutputDevice: Error: 
[2021.02.18-17.36.34:158][156]LogOutputDevice: Error: Ensure condition failed: NewTransform.IsValid() [File:D:/Build/++UE4/Sync/Engine/Source/Runtime/Engine/Private/Components/SceneComponent.cpp] [Line: 634]
[2021.02.18-17.36.34:158][156]LogOutputDevice: Error: 
[2021.02.18-17.36.34:158][156]LogOutputDevice: Error: Stack: 
[2021.02.18-17.36.34:158][156]LogOutputDevice: Error: [Callstack] 0x00007ff9712dcb09 UE4Editor-Engine.dll!UnknownFunction []
[2021.02.18-17.36.34:158][156]LogOutputDevice: Error: [Callstack] 0x00007ff96fec1348 UE4Editor-Engine.dll!UnknownFunction []
[2021.02.18-17.36.34:158][156]LogOutputDevice: Error: [Callstack] 0x00007ff96f9cbaf9 UE4Editor-Engine.dll!UnknownFunction []
[2021.02.18-17.36.34:158][156]LogOutputDevice: Error: [Callstack] 0x00007ff96fec0294 UE4Editor-Engine.dll!UnknownFunction []
[2021.02.18-17.36.34:159][156]LogOutputDevice: Error: [Callstack] 0x00007ff9706e9573 UE4Editor-Engine.dll!UnknownFunction []
[2021.02.18-17.36.34:159][156]LogOutputDevice: Error: [Callstack] 0x00007ff9706d7e79 UE4Editor-Engine.dll!UnknownFunction []
[2021.02.18-17.36.34:159][156]LogOutputDevice: Error: [Callstack] 0x00007ff9706dfd4e UE4Editor-Engine.dll!UnknownFunction []
[2021.02.18-17.36.34:159][156]LogOutputDevice: Error: [Callstack] 0x00007ff9706e8bc7 UE4Editor-Engine.dll!UnknownFunction []
[2021.02.18-17.36.34:159][156]LogOutputDevice: Error: [Callstack] 0x00007ff9a7aa87d8 UE4Editor-Core.dll!UnknownFunction []
[2021.02.18-17.36.34:159][156]LogOutputDevice: Error: [Callstack] 0x00007ff9a7aa8aa3 UE4Editor-Core.dll!UnknownFunction []
[2021.02.18-17.36.34:159][156]LogOutputDevice: Error: [Callstack] 0x00007ff9a7abf027 UE4Editor-Core.dll!UnknownFunction []
[2021.02.18-17.36.34:159][156]LogOutputDevice: Error: [Callstack] 0x00007ff970b1a402 UE4Editor-Engine.dll!UnknownFunction []
[2021.02.18-17.36.34:159][156]LogOutputDevice: Error: [Callstack] 0x00007ff970b1f6ca UE4Editor-Engine.dll!UnknownFunction []
[2021.02.18-17.36.34:159][156]LogOutputDevice: Error: [Callstack] 0x00007ff9702dd0bf UE4Editor-Engine.dll!UnknownFunction []
[2021.02.18-17.36.34:159][156]LogOutputDevice: Error: [Callstack] 0x00007ff9702e844f UE4Editor-Engine.dll!UnknownFunction []
[2021.02.18-17.36.34:159][156]LogOutputDevice: Error: [Callstack] 0x00007ff9700d9a3d UE4Editor-Engine.dll!UnknownFunction []
[2021.02.18-17.36.34:159][156]LogOutputDevice: Error: [Callstack] 0x00007ff761327800 UE4Editor.exe!UnknownFunction []
[2021.02.18-17.36.34:159][156]LogOutputDevice: Error: [Callstack] 0x00007ff76133ba7c UE4Editor.exe!UnknownFunction []
[2021.02.18-17.36.34:159][156]LogOutputDevice: Error: [Callstack] 0x00007ff76133bb5a UE4Editor.exe!UnknownFunction []
[2021.02.18-17.36.34:159][156]LogOutputDevice: Error: [Callstack] 0x00007ff76134e31d UE4Editor.exe!UnknownFunction []
[2021.02.18-17.36.34:159][156]LogOutputDevice: Error: [Callstack] 0x00007ff76135145a UE4Editor.exe!UnknownFunction []
[2021.02.18-17.36.34:159][156]LogOutputDevice: Error: [Callstack] 0x00007ff9f02d7034 KERNEL32.DLL!UnknownFunction []
[2021.02.18-17.36.34:159][156]LogOutputDevice: Error: [Callstack] 0x00007ff9f15bd241 ntdll.dll!UnknownFunction []
[2021.02.18-17.36.34:159][156]LogOutputDevice: Error: 
[2021.02.18-17.36.34:204][156]LogStats:                SubmitErrorReport -  0.000 s
[2021.02.18-17.36.38:799][156]LogStats:                    SendNewReport -  4.596 s
[2021.02.18-17.36.38:799][156]LogStats:             FDebug::EnsureFailed -  6.650 s
[2021.02.18-17.36.38:836][156]LogOutputDevice: Warning: 

Script Stack (0 frames):

[2021.02.18-17.36.38:911][156]LogStats: FPlatformStackWalk::StackWalkAndDump -  0.075 s
[2021.02.18-17.36.38:911][156]LogOutputDevice: Error: === Handled ensure: ===
[2021.02.18-17.36.38:911][156]LogOutputDevice: Error: 
[2021.02.18-17.36.38:911][156]LogOutputDevice: Error: Ensure condition failed: !Particle->Location.ContainsNaN() [File:D:/Build/++UE4/Sync/Engine/Source/Runtime/Engine/Private/Particles/ParticleEmitterInstances.cpp] [Line: 2241]
[2021.02.18-17.36.38:911][156]LogOutputDevice: Error: NaN in Particle Location. Template: P_body_bullet_NoStop, Component: /Game/FPS_Game/Maps/Testing.Testing:PersistentLevel.AI_Zombie2_6.ParticleSystemComponent_0
[2021.02.18-17.36.38:911][156]LogOutputDevice: Error: Stack: 
[2021.02.18-17.36.38:911][156]LogOutputDevice: Error: [Callstack] 0x00007ff97133cbc6 UE4Editor-Engine.dll!UnknownFunction []
[2021.02.18-17.36.38:911][156]LogOutputDevice: Error: [Callstack] 0x00007ff970598562 UE4Editor-Engine.dll!UnknownFunction []
[2021.02.18-17.36.38:911][156]LogOutputDevice: Error: [Callstack] 0x00007ff9705d306c UE4Editor-Engine.dll!UnknownFunction []
[2021.02.18-17.36.38:911][156]LogOutputDevice: Error: [Callstack] 0x00007ff9705da9d5 UE4Editor-Engine.dll!UnknownFunction []
[2021.02.18-17.36.38:911][156]LogOutputDevice: Error: [Callstack] 0x00007ff9705d8c3e UE4Editor-Engine.dll!UnknownFunction []
[2021.02.18-17.36.38:911][156]LogOutputDevice: Error: [Callstack] 0x00007ff97054c70c UE4Editor-Engine.dll!UnknownFunction []
[2021.02.18-17.36.38:911][156]LogOutputDevice: Error: [Callstack] 0x00007ff9705ea404 UE4Editor-Engine.dll!UnknownFunction []
[2021.02.18-17.36.38:911][156]LogOutputDevice: Error: [Callstack] 0x00007ff97063602b UE4Editor-Engine.dll!UnknownFunction []
[2021.02.18-17.36.38:911][156]LogOutputDevice: Error: [Callstack] 0x00007ff9705ffb51 UE4Editor-Engine.dll!UnknownFunction []
[2021.02.18-17.36.38:911][156]LogOutputDevice: Error: [Callstack] 0x00007ff970af936f UE4Editor-Engine.dll!UnknownFunction []
[2021.02.18-17.36.38:911][156]LogOutputDevice: Error: [Callstack] 0x00007ff970afe3c7 UE4Editor-Engine.dll!UnknownFunction []
[2021.02.18-17.36.38:911][156]LogOutputDevice: Error: [Callstack] 0x00007ff9a7aa87d8 UE4Editor-Core.dll!UnknownFunction []
[2021.02.18-17.36.38:911][156]LogOutputDevice: Error: [Callstack] 0x00007ff9a7aa8aa3 UE4Editor-Core.dll!UnknownFunction []
[2021.02.18-17.36.38:911][156]LogOutputDevice: Error: [Callstack] 0x00007ff9a7abf027 UE4Editor-Core.dll!UnknownFunction []
[2021.02.18-17.36.38:912][156]LogOutputDevice: Error: [Callstack] 0x00007ff970b1a402 UE4Editor-Engine.dll!UnknownFunction []
[2021.02.18-17.36.38:912][156]LogOutputDevice: Error: [Callstack] 0x00007ff970b1f6ca UE4Editor-Engine.dll!UnknownFunction []
[2021.02.18-17.36.38:912][156]LogOutputDevice: Error: [Callstack] 0x00007ff9702dd0bf UE4Editor-Engine.dll!UnknownFunction []
[2021.02.18-17.36.38:912][156]LogOutputDevice: Error: [Callstack] 0x00007ff9702e998a UE4Editor-Engine.dll!UnknownFunction []
[2021.02.18-17.36.38:912][156]LogOutputDevice: Error: [Callstack] 0x00007ff9700d9a3d UE4Editor-Engine.dll!UnknownFunction []
[2021.02.18-17.36.38:912][156]LogOutputDevice: Error: [Callstack] 0x00007ff761327800 UE4Editor.exe!UnknownFunction []
[2021.02.18-17.36.38:912][156]LogOutputDevice: Error: [Callstack] 0x00007ff76133ba7c UE4Editor.exe!UnknownFunction []
[2021.02.18-17.36.38:912][156]LogOutputDevice: Error: [Callstack] 0x00007ff76133bb5a UE4Editor.exe!UnknownFunction []
[2021.02.18-17.36.38:912][156]LogOutputDevice: Error: [Callstack] 0x00007ff76134e31d UE4Editor.exe!UnknownFunction []
[2021.02.18-17.36.38:912][156]LogOutputDevice: Error: [Callstack] 0x00007ff76135145a UE4Editor.exe!UnknownFunction []
[2021.02.18-17.36.38:912][156]LogOutputDevice: Error: [Callstack] 0x00007ff9f02d7034 KERNEL32.DLL!UnknownFunction []
[2021.02.18-17.36.38:912][156]LogOutputDevice: Error: [Callstack] 0x00007ff9f15bd241 ntdll.dll!UnknownFunction []
[2021.02.18-17.36.38:912][156]LogOutputDevice: Error: 
[2021.02.18-17.36.38:971][156]LogStats:                SubmitErrorReport -  0.000 s
[2021.02.18-17.36.42:986][156]LogStats:                    SendNewReport -  4.015 s
[2021.02.18-17.36.42:986][156]LogStats:             FDebug::EnsureFailed -  4.150 s
[2021.02.18-17.36.42:986][156]LogOutputDevice: Warning: 

Script Stack (0 frames):

[2021.02.18-17.36.42:987][156]LogStats: FPlatformStackWalk::StackWalkAndDump -  0.001 s
[2021.02.18-17.36.42:987][156]LogOutputDevice: Error: === Handled ensure: ===
[2021.02.18-17.36.42:987][156]LogOutputDevice: Error: 
[2021.02.18-17.36.42:987][156]LogOutputDevice: Error: Ensure condition failed: !Particle.Location.ContainsNaN() [File:D:/Build/++UE4/Sync/Engine/Source/Runtime/Engine/Private/Particles/ParticleModules_Location.cpp] [Line: 1309]
[2021.02.18-17.36.42:987][156]LogOutputDevice: Error: NaN in Particle Location. Template: P_body_bullet_NoStop, Component: /Game/FPS_Game/Maps/Testing.Testing:PersistentLevel.AI_Zombie2_6.ParticleSystemComponent_0
[2021.02.18-17.36.42:987][156]LogOutputDevice: Error: Stack: 
[2021.02.18-17.36.42:987][156]LogOutputDevice: Error: [Callstack] 0x00007ff97134371c UE4Editor-Engine.dll!UnknownFunction []
[2021.02.18-17.36.42:987][156]LogOutputDevice: Error: [Callstack] 0x00007ff970633981 UE4Editor-Engine.dll!UnknownFunction []
[2021.02.18-17.36.42:987][156]LogOutputDevice: Error: [Callstack] 0x00007ff970631105 UE4Editor-Engine.dll!UnknownFunction []
[2021.02.18-17.36.42:987][156]LogOutputDevice: Error: [Callstack] 0x00007ff97059851c UE4Editor-Engine.dll!UnknownFunction []
[2021.02.18-17.36.42:987][156]LogOutputDevice: Error: [Callstack] 0x00007ff9705d306c UE4Editor-Engine.dll!UnknownFunction []
[2021.02.18-17.36.42:987][156]LogOutputDevice: Error: [Callstack] 0x00007ff9705da9d5 UE4Editor-Engine.dll!UnknownFunction []
[2021.02.18-17.36.42:987][156]LogOutputDevice: Error: [Callstack] 0x00007ff9705d8c3e UE4Editor-Engine.dll!UnknownFunction []
[2021.02.18-17.36.42:987][156]LogOutputDevice: Error: [Callstack] 0x00007ff97054c70c UE4Editor-Engine.dll!UnknownFunction []
[2021.02.18-17.36.42:987][156]LogOutputDevice: Error: [Callstack] 0x00007ff9705ea404 UE4Editor-Engine.dll!UnknownFunction []
[2021.02.18-17.36.42:987][156]LogOutputDevice: Error: [Callstack] 0x00007ff97063602b UE4Editor-Engine.dll!UnknownFunction []
[2021.02.18-17.36.42:987][156]LogOutputDevice: Error: [Callstack] 0x00007ff9705ffb51 UE4Editor-Engine.dll!UnknownFunction []
[2021.02.18-17.36.42:988][156]LogOutputDevice: Error: [Callstack] 0x00007ff970af936f UE4Editor-Engine.dll!UnknownFunction []
[2021.02.18-17.36.42:988][156]LogOutputDevice: Error: [Callstack] 0x00007ff970afe3c7 UE4Editor-Engine.dll!UnknownFunction []
[2021.02.18-17.36.42:988][156]LogOutputDevice: Error: [Callstack] 0x00007ff9a7aa87d8 UE4Editor-Core.dll!UnknownFunction []
[2021.02.18-17.36.42:988][156]LogOutputDevice: Error: [Callstack] 0x00007ff9a7aa8aa3 UE4Editor-Core.dll!UnknownFunction []
[2021.02.18-17.36.42:988][156]LogOutputDevice: Error: [Callstack] 0x00007ff9a7abf027 UE4Editor-Core.dll!UnknownFunction []
[2021.02.18-17.36.42:988][156]LogOutputDevice: Error: [Callstack] 0x00007ff970b1a402 UE4Editor-Engine.dll!UnknownFunction []
[2021.02.18-17.36.42:988][156]LogOutputDevice: Error: [Callstack] 0x00007ff970b1f6ca UE4Editor-Engine.dll!UnknownFunction []
[2021.02.18-17.36.42:988][156]LogOutputDevice: Error: [Callstack] 0x00007ff9702dd0bf UE4Editor-Engine.dll!UnknownFunction []
[2021.02.18-17.36.42:988][156]LogOutputDevice: Error: [Callstack] 0x00007ff9702e998a UE4Editor-Engine.dll!UnknownFunction []
[2021.02.18-17.36.42:988][156]LogOutputDevice: Error: [Callstack] 0x00007ff9700d9a3d UE4Editor-Engine.dll!UnknownFunction []
[2021.02.18-17.36.42:988][156]LogOutputDevice: Error: [Callstack] 0x00007ff761327800 UE4Editor.exe!UnknownFunction []
[2021.02.18-17.36.42:988][156]LogOutputDevice: Error: [Callstack] 0x00007ff76133ba7c UE4Editor.exe!UnknownFunction []
[2021.02.18-17.36.42:988][156]LogOutputDevice: Error: [Callstack] 0x00007ff76133bb5a UE4Editor.exe!UnknownFunction []
[2021.02.18-17.36.42:988][156]LogOutputDevice: Error: [Callstack] 0x00007ff76134e31d UE4Editor.exe!UnknownFunction []
[2021.02.18-17.36.42:988][156]LogOutputDevice: Error: [Callstack] 0x00007ff76135145a UE4Editor.exe!UnknownFunction []
[2021.02.18-17.36.42:988][156]LogOutputDevice: Error: [Callstack] 0x00007ff9f02d7034 KERNEL32.DLL!UnknownFunction []
[2021.02.18-17.36.42:988][156]LogOutputDevice: Error: [Callstack] 0x00007ff9f15bd241 ntdll.dll!UnknownFunction []
[2021.02.18-17.36.42:988][156]LogOutputDevice: Error: 
[2021.02.18-17.36.43:046][156]LogStats:                SubmitErrorReport -  0.000 s
[2021.02.18-17.36.45:507][156]LogStats:                    SendNewReport -  2.461 s
[2021.02.18-17.36.45:507][156]LogStats:             FDebug::EnsureFailed -  2.521 s
[2021.02.18-17.36.45:507][156]LogOutputDevice: Warning: 

Script Stack (0 frames):

[2021.02.18-17.36.45:508][156]LogStats: FPlatformStackWalk::StackWalkAndDump -  0.001 s
[2021.02.18-17.36.45:508][156]LogOutputDevice: Error: === Handled ensure: ===
[2021.02.18-17.36.45:508][156]LogOutputDevice: Error: 
[2021.02.18-17.36.45:508][156]LogOutputDevice: Error: Ensure condition failed: !Particle.Velocity.ContainsNaN() [File:D:/Build/++UE4/Sync/Engine/Source/Runtime/Engine/Private/Particles/ParticleModules_Location.cpp] [Line: 1310]
[2021.02.18-17.36.45:508][156]LogOutputDevice: Error: NaN in Particle Velocity. Template: P_body_bullet_NoStop, Component: /Game/FPS_Game/Maps/Testing.Testing:PersistentLevel.AI_Zombie2_6.ParticleSystemComponent_0
[2021.02.18-17.36.45:508][156]LogOutputDevice: Error: Stack: 
[2021.02.18-17.36.45:508][156]LogOutputDevice: Error: [Callstack] 0x00007ff97134272c UE4Editor-Engine.dll!UnknownFunction []
[2021.02.18-17.36.45:508][156]LogOutputDevice: Error: [Callstack] 0x00007ff9706339ce UE4Editor-Engine.dll!UnknownFunction []
[2021.02.18-17.36.45:508][156]LogOutputDevice: Error: [Callstack] 0x00007ff970631105 UE4Editor-Engine.dll!UnknownFunction []
[2021.02.18-17.36.45:508][156]LogOutputDevice: Error: [Callstack] 0x00007ff97059851c UE4Editor-Engine.dll!UnknownFunction []
[2021.02.18-17.36.45:508][156]LogOutputDevice: Error: [Callstack] 0x00007ff9705d306c UE4Editor-Engine.dll!UnknownFunction []
[2021.02.18-17.36.45:508][156]LogOutputDevice: Error: [Callstack] 0x00007ff9705da9d5 UE4Editor-Engine.dll!UnknownFunction []
[2021.02.18-17.36.45:508][156]LogOutputDevice: Error: [Callstack] 0x00007ff9705d8c3e UE4Editor-Engine.dll!UnknownFunction []
[2021.02.18-17.36.45:508][156]LogOutputDevice: Error: [Callstack] 0x00007ff97054c70c UE4Editor-Engine.dll!UnknownFunction []
[2021.02.18-17.36.45:508][156]LogOutputDevice: Error: [Callstack] 0x00007ff9705ea404 UE4Editor-Engine.dll!UnknownFunction []
[2021.02.18-17.36.45:508][156]LogOutputDevice: Error: [Callstack] 0x00007ff97063602b UE4Editor-Engine.dll!UnknownFunction []
[2021.02.18-17.36.45:508][156]LogOutputDevice: Error: [Callstack] 0x00007ff9705ffb51 UE4Editor-Engine.dll!UnknownFunction []
[2021.02.18-17.36.45:508][156]LogOutputDevice: Error: [Callstack] 0x00007ff970af936f UE4Editor-Engine.dll!UnknownFunction []
[2021.02.18-17.36.45:508][156]LogOutputDevice: Error: [Callstack] 0x00007ff970afe3c7 UE4Editor-Engine.dll!UnknownFunction []
[2021.02.18-17.36.45:508][156]LogOutputDevice: Error: [Callstack] 0x00007ff9a7aa87d8 UE4Editor-Core.dll!UnknownFunction []
[2021.02.18-17.36.45:508][156]LogOutputDevice: Error: [Callstack] 0x00007ff9a7aa8aa3 UE4Editor-Core.dll!UnknownFunction []
[2021.02.18-17.36.45:508][156]LogOutputDevice: Error: [Callstack] 0x00007ff9a7abf027 UE4Editor-Core.dll!UnknownFunction []
[2021.02.18-17.36.45:508][156]LogOutputDevice: Error: [Callstack] 0x00007ff970b1a402 UE4Editor-Engine.dll!UnknownFunction []
[2021.02.18-17.36.45:508][156]LogOutputDevice: Error: [Callstack] 0x00007ff970b1f6ca UE4Editor-Engine.dll!UnknownFunction []
[2021.02.18-17.36.45:508][156]LogOutputDevice: Error: [Callstack] 0x00007ff9702dd0bf UE4Editor-Engine.dll!UnknownFunction []
[2021.02.18-17.36.45:508][156]LogOutputDevice: Error: [Callstack] 0x00007ff9702e998a UE4Editor-Engine.dll!UnknownFunction []
[2021.02.18-17.36.45:508][156]LogOutputDevice: Error: [Callstack] 0x00007ff9700d9a3d UE4Editor-Engine.dll!UnknownFunction []
[2021.02.18-17.36.45:508][156]LogOutputDevice: Error: [Callstack] 0x00007ff761327800 UE4Editor.exe!UnknownFunction []
[2021.02.18-17.36.45:508][156]LogOutputDevice: Error: [Callstack] 0x00007ff76133ba7c UE4Editor.exe!UnknownFunction []
[2021.02.18-17.36.45:508][156]LogOutputDevice: Error: [Callstack] 0x00007ff76133bb5a UE4Editor.exe!UnknownFunction []
[2021.02.18-17.36.45:508][156]LogOutputDevice: Error: [Callstack] 0x00007ff76134e31d UE4Editor.exe!UnknownFunction []
[2021.02.18-17.36.45:508][156]LogOutputDevice: Error: [Callstack] 0x00007ff76135145a UE4Editor.exe!UnknownFunction []
[2021.02.18-17.36.45:508][156]LogOutputDevice: Error: [Callstack] 0x00007ff9f02d7034 KERNEL32.DLL!UnknownFunction []
[2021.02.18-17.36.45:508][156]LogOutputDevice: Error: [Callstack] 0x00007ff9f15bd241 ntdll.dll!UnknownFunction []
[2021.02.18-17.36.45:508][156]LogOutputDevice: Error: 
[2021.02.18-17.36.45:545][156]LogStats:                SubmitErrorReport -  0.000 s
[2021.02.18-17.36.48:066][156]LogStats:                    SendNewReport -  2.521 s
[2021.02.18-17.36.48:066][156]LogStats:             FDebug::EnsureFailed -  2.560 s
[2021.02.18-17.36.48:171][157]LogOutputDevice: Warning: 

Script Stack (0 frames):

[2021.02.18-17.36.48:171][157]LogStats: FPlatformStackWalk::StackWalkAndDump -  0.037 s
[2021.02.18-17.36.48:171][157]LogOutputDevice: Error: === Handled ensure: ===
[2021.02.18-17.36.48:171][157]LogOutputDevice: Error: 
[2021.02.18-17.36.48:171][157]LogOutputDevice: Error: Ensure condition failed: !Primitive->Bounds.BoxExtent.ContainsNaN() && !Primitive->Bounds.Origin.ContainsNaN() && !FMath::IsNaN(Primitive->Bounds.SphereRadius) && FMath::IsFinite(Primitive->Bounds.SphereRadius) [File:D:/Build/++UE4/Sync/Engine/Source/Runtime/Renderer/Private/RendererScene.cpp] [Line: 1462]
[2021.02.18-17.36.48:171][157]LogOutputDevice: Error: Nans found on Bounds for Primitive ParticleSystemComponent_0: Origin X=-nan(ind) Y=-nan(ind) Z=-nan(ind), BoxExtent X=-nan(ind) Y=-nan(ind) Z=-nan(ind), SphereRadius -nan(ind)
[2021.02.18-17.36.48:171][157]LogOutputDevice: Error: Stack: 
[2021.02.18-17.36.48:171][157]LogOutputDevice: Error: [Callstack] 0x00007ff97ba30b83 UE4Editor-Renderer.dll!UnknownFunction []
[2021.02.18-17.36.48:171][157]LogOutputDevice: Error: [Callstack] 0x00007ff97b6f696a UE4Editor-Renderer.dll!UnknownFunction []
[2021.02.18-17.36.48:171][157]LogOutputDevice: Error: [Callstack] 0x00007ff96fe6d3a0 UE4Editor-Engine.dll!UnknownFunction []
[2021.02.18-17.36.48:171][157]LogOutputDevice: Error: [Callstack] 0x00007ff970578b95 UE4Editor-Engine.dll!UnknownFunction []
[2021.02.18-17.36.48:171][157]LogOutputDevice: Error: [Callstack] 0x00007ff96fddd948 UE4Editor-Engine.dll!UnknownFunction []
[2021.02.18-17.36.48:171][157]LogOutputDevice: Error: [Callstack] 0x00007ff97029781a UE4Editor-Engine.dll!UnknownFunction []
[2021.02.18-17.36.48:171][157]LogOutputDevice: Error: [Callstack] 0x00007ff96fe021af UE4Editor-Engine.dll!UnknownFunction []
[2021.02.18-17.36.48:171][157]LogOutputDevice: Error: [Callstack] 0x00007ff96fddfbe2 UE4Editor-Engine.dll!UnknownFunction []
[2021.02.18-17.36.48:171][157]LogOutputDevice: Error: [Callstack] 0x00007ff9a7aa7ad9 UE4Editor-Core.dll!UnknownFunction []
[2021.02.18-17.36.48:171][157]LogOutputDevice: Error: [Callstack] 0x00007ff9a7aa8b1d UE4Editor-Core.dll!UnknownFunction []
[2021.02.18-17.36.48:171][157]LogOutputDevice: Error: [Callstack] 0x00007ff9a7ab0eeb UE4Editor-Core.dll!UnknownFunction []
[2021.02.18-17.36.48:171][157]LogOutputDevice: Error: [Callstack] 0x00007ff9a7f904db UE4Editor-Core.dll!UnknownFunction []
[2021.02.18-17.36.48:171][157]LogOutputDevice: Error: [Callstack] 0x00007ff9a7f87eb0 UE4Editor-Core.dll!UnknownFunction []
[2021.02.18-17.36.48:171][157]LogOutputDevice: Error: [Callstack] 0x00007ff9f02d7034 KERNEL32.DLL!UnknownFunction []
[2021.02.18-17.36.48:171][157]LogOutputDevice: Error: [Callstack] 0x00007ff9f15bd241 ntdll.dll!UnknownFunction []
[2021.02.18-17.36.48:171][157]LogOutputDevice: Error: 
[2021.02.18-17.36.48:171][157]LogStats:             FDebug::EnsureFailed -  0.037 s
[2021.02.18-17.38.35:054][431]LogSlate: Window 'FPSGameStarterKit (64-bit Development PCD3D_SM5) ' being destroyed
[2021.02.18-17.38.35:057][431]LogWindowsTextInputMethodSystem: Display: IME system now deactivated.
[2021.02.18-17.38.35:062][432]LogSlate: Updating window title bar state: overlay mode, drag disabled, window buttons hidden, title bar hidden
[2021.02.18-17.38.35:062][432]LogEngine: All Windows Closed
[2021.02.18-17.38.35:062][432]LogWindows: FPlatformMisc::RequestExit(0)
[2021.02.18-17.38.35:062][432]LogCore: Engine exit requested (reason: Win RequestExit)
[2021.02.18-17.38.35:146][433]LogCore: Engine exit requested (reason: EngineExit() was called; note: exit was already requested)
[2021.02.18-17.38.35:231][433]LogAudio: Display: Shutting down audio device while 2 references to it are still alive. For more information, compile with INSTRUMENT_AUDIODEVICE_HANDLES.
[2021.02.18-17.38.35:295][433]LogInit: Display: PreExit Game.
[2021.02.18-17.38.35:420][433]LogWorld: BeginTearingDown for /Game/FPS_Game/Maps/Testing
[2021.02.18-17.38.35:436][433]LogWorld: UWorld::CleanupWorld for Testing, bSessionEnded=true, bCleanupResources=true
[2021.02.18-17.38.35:440][433]LogSlate: InvalidateAllWidgets triggered.  All widgets were invalidated
[2021.02.18-17.38.36:173][433]LogExit: Preparing to exit.
[2021.02.18-17.38.37:134][433]LogMoviePlayer: Shutting down movie player
[2021.02.18-17.38.37:834][433]LogSlate: Updating window title bar state: overlay mode, drag disabled, window buttons hidden, title bar hidden
[2021.02.18-17.38.37:909][433]LogDemo: Cleaned up 0 splitscreen connections with owner deletion
[2021.02.18-17.38.37:916][433]LogExit: Game engine shut down
